Mensaje I / 00:00:00:000 / Root(00) para top(01)
Mensaje I / 00:00:00:000 / top(01) para fibraauricular1(02)
Mensaje I / 00:00:00:000 / top(01) para fibraauricular2(03)
Mensaje D / 00:00:00:000 / fibraauricular1(02) / ... para top(01)
Mensaje D / 00:00:00:000 / fibraauricular2(03) / ... para top(01)
Mensaje D / 00:00:00:000 / top(01) / ... para Root(00)
Mensaje X / 00:00:01:000 / Root(00) / impulso_sinusal /      1.00000 para top(01)
Mensaje X / 00:00:01:000 / top(01) / impulso_in /      1.00000 para fibraauricular1(02)
Mensaje Y / 00:00:01:000 / fibraauricular1(02) / conduccion_out /      2.00000 para top(01)
Mensaje D / 00:00:01:000 / fibraauricular1(02) / 00:00:02:000 para top(01)
Mensaje Y / 00:00:01:000 / top(01) / conduccion /      2.00000 para Root(00)
Mensaje D / 00:00:01:000 / top(01) / 00:00:02:000 para Root(00)
Mensaje X / 00:00:02:000 / Root(00) / impulso_sinusal /      1.00000 para top(01)
Mensaje X / 00:00:02:000 / top(01) / impulso_in /      1.00000 para fibraauricular1(02)
Mensaje D / 00:00:02:000 / fibraauricular1(02) / 00:00:01:000 para top(01)
Mensaje D / 00:00:02:000 / top(01) / 00:00:01:000 para Root(00)
Mensaje X / 00:00:03:000 / Root(00) / impulso_sinusal /      1.00000 para top(01)
Mensaje X / 00:00:03:000 / top(01) / impulso_in /      1.00000 para fibraauricular1(02)
Mensaje D / 00:00:03:000 / fibraauricular1(02) / 00:00:00:000 para top(01)
Mensaje D / 00:00:03:000 / top(01) / 00:00:00:000 para Root(00)
Mensaje * / 00:00:03:000 / Root(00) para top(01)
Mensaje * / 00:00:03:000 / top(01) para fibraauricular1(02)
Mensaje Y / 00:00:03:000 / fibraauricular1(02) / impulso_out /      1.00000 para top(01)
Mensaje D / 00:00:03:000 / fibraauricular1(02) / 00:00:04:000 para top(01)
Mensaje Y / 00:00:03:000 / top(01) / impulso /      1.00000 para Root(00)
Mensaje X / 00:00:03:000 / top(01) / impulso_in /      1.00000 para fibraauricular2(03)
Mensaje Y / 00:00:03:000 / fibraauricular2(03) / conduccion_out /      2.00000 para top(01)
Mensaje D / 00:00:03:000 / fibraauricular2(03) / 00:00:01:000 para top(01)
Mensaje Y / 00:00:03:000 / top(01) / conduccion /      2.00000 para Root(00)
Mensaje D / 00:00:03:000 / top(01) / 00:00:01:000 para Root(00)
Mensaje X / 00:00:04:000 / Root(00) / impulso_sinusal /      1.00000 para top(01)
Mensaje X / 00:00:04:000 / top(01) / impulso_in /      1.00000 para fibraauricular1(02)
Mensaje D / 00:00:04:000 / fibraauricular1(02) / 00:00:03:000 para top(01)
Mensaje D / 00:00:04:000 / top(01) / 00:00:00:000 para Root(00)
Mensaje * / 00:00:04:000 / Root(00) para top(01)
Mensaje * / 00:00:04:000 / top(01) para fibraauricular2(03)
Mensaje Y / 00:00:04:000 / fibraauricular2(03) / impulso_out /      1.00000 para top(01)
Mensaje D / 00:00:04:000 / fibraauricular2(03) / 00:00:04:000 para top(01)
Mensaje Y / 00:00:04:000 / top(01) / impulso /      1.00000 para Root(00)
Mensaje X / 00:00:04:000 / top(01) / impulso_in /      1.00000 para fibraauricular1(02)
Mensaje D / 00:00:04:000 / fibraauricular1(02) / 00:00:03:000 para top(01)
Mensaje D / 00:00:04:000 / top(01) / 00:00:03:000 para Root(00)
Mensaje X / 00:00:05:000 / Root(00) / impulso_sinusal /      1.00000 para top(01)
Mensaje X / 00:00:05:000 / top(01) / impulso_in /      1.00000 para fibraauricular1(02)
Mensaje D / 00:00:05:000 / fibraauricular1(02) / 00:00:02:000 para top(01)
Mensaje D / 00:00:05:000 / top(01) / 00:00:02:000 para Root(00)
Mensaje X / 00:00:06:000 / Root(00) / impulso_sinusal /      1.00000 para top(01)
Mensaje X / 00:00:06:000 / top(01) / impulso_in /      1.00000 para fibraauricular1(02)
Mensaje D / 00:00:06:000 / fibraauricular1(02) / 00:00:01:000 para top(01)
Mensaje D / 00:00:06:000 / top(01) / 00:00:01:000 para Root(00)
Mensaje X / 00:00:07:000 / Root(00) / impulso_sinusal /      1.00000 para top(01)
Mensaje X / 00:00:07:000 / top(01) / impulso_in /      1.00000 para fibraauricular1(02)
Mensaje D / 00:00:07:000 / fibraauricular1(02) / 00:00:00:000 para top(01)
Mensaje D / 00:00:07:000 / top(01) / 00:00:00:000 para Root(00)
Mensaje * / 00:00:07:000 / Root(00) para top(01)
Mensaje * / 00:00:07:000 / top(01) para fibraauricular1(02)
Mensaje D / 00:00:07:000 / fibraauricular1(02) / ... para top(01)
Mensaje D / 00:00:07:000 / top(01) / 00:00:01:000 para Root(00)
Mensaje X / 00:00:08:000 / Root(00) / impulso_sinusal /      1.00000 para top(01)
Mensaje X / 00:00:08:000 / top(01) / impulso_in /      1.00000 para fibraauricular1(02)
Mensaje Y / 00:00:08:000 / fibraauricular1(02) / conduccion_out /      2.00000 para top(01)
Mensaje D / 00:00:08:000 / fibraauricular1(02) / 00:00:02:000 para top(01)
Mensaje Y / 00:00:08:000 / top(01) / conduccion /      2.00000 para Root(00)
Mensaje D / 00:00:08:000 / top(01) / 00:00:00:000 para Root(00)
Mensaje * / 00:00:08:000 / Root(00) para top(01)
Mensaje * / 00:00:08:000 / top(01) para fibraauricular2(03)
Mensaje D / 00:00:08:000 / fibraauricular2(03) / ... para top(01)
Mensaje D / 00:00:08:000 / top(01) / 00:00:02:000 para Root(00)
Mensaje X / 00:00:09:000 / Root(00) / impulso_sinusal /      1.00000 para top(01)
Mensaje X / 00:00:09:000 / top(01) / impulso_in /      1.00000 para fibraauricular1(02)
Mensaje D / 00:00:09:000 / fibraauricular1(02) / 00:00:01:000 para top(01)
Mensaje D / 00:00:09:000 / top(01) / 00:00:01:000 para Root(00)
Mensaje X / 00:00:10:000 / Root(00) / impulso_extra_sinusal /      1.00000 para top(01)
Mensaje X / 00:00:10:000 / top(01) / impulso_in /      1.00000 para fibraauricular2(03)
Mensaje Y / 00:00:10:000 / fibraauricular2(03) / conduccion_out /      2.00000 para top(01)
Mensaje D / 00:00:10:000 / fibraauricular2(03) / 00:00:01:000 para top(01)
Mensaje Y / 00:00:10:000 / top(01) / conduccion /      2.00000 para Root(00)
Mensaje D / 00:00:10:000 / top(01) / 00:00:00:000 para Root(00)
Mensaje * / 00:00:10:000 / Root(00) para top(01)
Mensaje * / 00:00:10:000 / top(01) para fibraauricular1(02)
Mensaje Y / 00:00:10:000 / fibraauricular1(02) / impulso_out /      1.00000 para top(01)
Mensaje D / 00:00:10:000 / fibraauricular1(02) / 00:00:04:000 para top(01)
Mensaje Y / 00:00:10:000 / top(01) / impulso /      1.00000 para Root(00)
Mensaje X / 00:00:10:000 / top(01) / impulso_in /      1.00000 para fibraauricular2(03)
Mensaje D / 00:00:10:000 / fibraauricular2(03) / 00:00:01:000 para top(01)
Mensaje D / 00:00:10:000 / top(01) / 00:00:01:000 para Root(00)
Mensaje X / 00:00:11:000 / Root(00) / impulso_extra_sinusal /      1.00000 para top(01)
Mensaje X / 00:00:11:000 / top(01) / impulso_in /      1.00000 para fibraauricular2(03)
Mensaje D / 00:00:11:000 / fibraauricular2(03) / 00:00:00:000 para top(01)
Mensaje D / 00:00:11:000 / top(01) / 00:00:00:000 para Root(00)
Mensaje * / 00:00:11:000 / Root(00) para top(01)
Mensaje * / 00:00:11:000 / top(01) para fibraauricular2(03)
Mensaje Y / 00:00:11:000 / fibraauricular2(03) / impulso_out /      1.00000 para top(01)
Mensaje D / 00:00:11:000 / fibraauricular2(03) / 00:00:04:000 para top(01)
Mensaje Y / 00:00:11:000 / top(01) / impulso /      1.00000 para Root(00)
Mensaje X / 00:00:11:000 / top(01) / impulso_in /      1.00000 para fibraauricular1(02)
Mensaje D / 00:00:11:000 / fibraauricular1(02) / 00:00:03:000 para top(01)
Mensaje D / 00:00:11:000 / top(01) / 00:00:03:000 para Root(00)
Mensaje X / 00:00:12:000 / Root(00) / impulso_extra_sinusal /      1.00000 para top(01)
Mensaje X / 00:00:12:000 / top(01) / impulso_in /      1.00000 para fibraauricular2(03)
Mensaje D / 00:00:12:000 / fibraauricular2(03) / 00:00:03:000 para top(01)
Mensaje D / 00:00:12:000 / top(01) / 00:00:02:000 para Root(00)
Mensaje X / 00:00:13:000 / Root(00) / impulso_extra_sinusal /      1.00000 para top(01)
Mensaje X / 00:00:13:000 / top(01) / impulso_in /      1.00000 para fibraauricular2(03)
Mensaje D / 00:00:13:000 / fibraauricular2(03) / 00:00:02:000 para top(01)
Mensaje D / 00:00:13:000 / top(01) / 00:00:01:000 para Root(00)
Mensaje X / 00:00:14:000 / Root(00) / impulso_extra_sinusal /      1.00000 para top(01)
Mensaje X / 00:00:14:000 / top(01) / impulso_in /      1.00000 para fibraauricular2(03)
Mensaje D / 00:00:14:000 / fibraauricular2(03) / 00:00:01:000 para top(01)
Mensaje D / 00:00:14:000 / top(01) / 00:00:00:000 para Root(00)
Mensaje * / 00:00:14:000 / Root(00) para top(01)
Mensaje * / 00:00:14:000 / top(01) para fibraauricular1(02)
Mensaje D / 00:00:14:000 / fibraauricular1(02) / ... para top(01)
Mensaje D / 00:00:14:000 / top(01) / 00:00:01:000 para Root(00)
Mensaje X / 00:00:15:000 / Root(00) / impulso_extra_sinusal /      1.00000 para top(01)
Mensaje X / 00:00:15:000 / top(01) / impulso_in /      1.00000 para fibraauricular2(03)
Mensaje D / 00:00:15:000 / fibraauricular2(03) / 00:00:00:000 para top(01)
Mensaje D / 00:00:15:000 / top(01) / 00:00:00:000 para Root(00)
Mensaje * / 00:00:15:000 / Root(00) para top(01)
Mensaje * / 00:00:15:000 / top(01) para fibraauricular2(03)
Mensaje D / 00:00:15:000 / fibraauricular2(03) / ... para top(01)
Mensaje D / 00:00:15:000 / top(01) / ... para Root(00)
Mensaje X / 00:00:16:000 / Root(00) / impulso_extra_sinusal /      1.00000 para top(01)
Mensaje X / 00:00:16:000 / top(01) / impulso_in /      1.00000 para fibraauricular2(03)
Mensaje Y / 00:00:16:000 / fibraauricular2(03) / conduccion_out /      2.00000 para top(01)
Mensaje D / 00:00:16:000 / fibraauricular2(03) / 00:00:01:000 para top(01)
Mensaje Y / 00:00:16:000 / top(01) / conduccion /      2.00000 para Root(00)
Mensaje D / 00:00:16:000 / top(01) / 00:00:01:000 para Root(00)
Mensaje X / 00:00:17:000 / Root(00) / impulso_extra_sinusal /      1.00000 para top(01)
Mensaje X / 00:00:17:000 / top(01) / impulso_in /      1.00000 para fibraauricular2(03)
Mensaje D / 00:00:17:000 / fibraauricular2(03) / 00:00:00:000 para top(01)
Mensaje D / 00:00:17:000 / top(01) / 00:00:00:000 para Root(00)
Mensaje * / 00:00:17:000 / Root(00) para top(01)
Mensaje * / 00:00:17:000 / top(01) para fibraauricular2(03)
Mensaje Y / 00:00:17:000 / fibraauricular2(03) / impulso_out /      1.00000 para top(01)
Mensaje D / 00:00:17:000 / fibraauricular2(03) / 00:00:04:000 para top(01)
Mensaje Y / 00:00:17:000 / top(01) / impulso /      1.00000 para Root(00)
Mensaje X / 00:00:17:000 / top(01) / impulso_in /      1.00000 para fibraauricular1(02)
Mensaje Y / 00:00:17:000 / fibraauricular1(02) / conduccion_out /      2.00000 para top(01)
Mensaje D / 00:00:17:000 / fibraauricular1(02) / 00:00:02:000 para top(01)
Mensaje Y / 00:00:17:000 / top(01) / conduccion /      2.00000 para Root(00)
Mensaje D / 00:00:17:000 / top(01) / 00:00:02:000 para Root(00)
Mensaje X / 00:00:18:000 / Root(00) / impulso_extra_sinusal /      1.00000 para top(01)
Mensaje X / 00:00:18:000 / top(01) / impulso_in /      1.00000 para fibraauricular2(03)
Mensaje D / 00:00:18:000 / fibraauricular2(03) / 00:00:03:000 para top(01)
Mensaje D / 00:00:18:000 / top(01) / 00:00:01:000 para Root(00)
Mensaje X / 00:00:19:000 / Root(00) / impulso_extra_sinusal /      1.00000 para top(01)
Mensaje X / 00:00:19:000 / top(01) / impulso_in /      1.00000 para fibraauricular2(03)
Mensaje D / 00:00:19:000 / fibraauricular2(03) / 00:00:02:000 para top(01)
Mensaje D / 00:00:19:000 / top(01) / 00:00:00:000 para Root(00)
Mensaje * / 00:00:19:000 / Root(00) para top(01)
Mensaje * / 00:00:19:000 / top(01) para fibraauricular1(02)
Mensaje Y / 00:00:19:000 / fibraauricular1(02) / impulso_out /      1.00000 para top(01)
Mensaje D / 00:00:19:000 / fibraauricular1(02) / 00:00:04:000 para top(01)
Mensaje Y / 00:00:19:000 / top(01) / impulso /      1.00000 para Root(00)
Mensaje X / 00:00:19:000 / top(01) / impulso_in /      1.00000 para fibraauricular2(03)
Mensaje D / 00:00:19:000 / fibraauricular2(03) / 00:00:02:000 para top(01)
Mensaje D / 00:00:19:000 / top(01) / 00:00:02:000 para Root(00)
Mensaje X / 00:00:20:000 / Root(00) / impulso_sinusal /      1.00000 para top(01)
Mensaje X / 00:00:20:000 / top(01) / impulso_in /      1.00000 para fibraauricular1(02)
Mensaje D / 00:00:20:000 / fibraauricular1(02) / 00:00:03:000 para top(01)
Mensaje D / 00:00:20:000 / top(01) / 00:00:01:000 para Root(00)
Mensaje X / 00:00:21:000 / Root(00) / impulso_extra_sinusal /      1.00000 para top(01)
Mensaje X / 00:00:21:000 / top(01) / impulso_in /      1.00000 para fibraauricular2(03)
Mensaje D / 00:00:21:000 / fibraauricular2(03) / 00:00:00:000 para top(01)
Mensaje D / 00:00:21:000 / top(01) / 00:00:00:000 para Root(00)
Mensaje * / 00:00:21:000 / Root(00) para top(01)
Mensaje * / 00:00:21:000 / top(01) para fibraauricular2(03)
Mensaje D / 00:00:21:000 / fibraauricular2(03) / ... para top(01)
Mensaje D / 00:00:21:000 / top(01) / 00:00:02:000 para Root(00)
Mensaje X / 00:00:22:000 / Root(00) / impulso_sinusal /      1.00000 para top(01)
Mensaje X / 00:00:22:000 / top(01) / impulso_in /      1.00000 para fibraauricular1(02)
Mensaje D / 00:00:22:000 / fibraauricular1(02) / 00:00:01:000 para top(01)
Mensaje D / 00:00:22:000 / top(01) / 00:00:01:000 para Root(00)
Mensaje X / 00:00:23:000 / Root(00) / impulso_extra_sinusal /      1.00000 para top(01)
Mensaje X / 00:00:23:000 / top(01) / impulso_in /      1.00000 para fibraauricular2(03)
Mensaje Y / 00:00:23:000 / fibraauricular2(03) / conduccion_out /      2.00000 para top(01)
Mensaje D / 00:00:23:000 / fibraauricular2(03) / 00:00:01:000 para top(01)
Mensaje Y / 00:00:23:000 / top(01) / conduccion /      2.00000 para Root(00)
Mensaje D / 00:00:23:000 / top(01) / 00:00:00:000 para Root(00)
Mensaje * / 00:00:23:000 / Root(00) para top(01)
Mensaje * / 00:00:23:000 / top(01) para fibraauricular1(02)
Mensaje D / 00:00:23:000 / fibraauricular1(02) / ... para top(01)
Mensaje D / 00:00:23:000 / top(01) / 00:00:01:000 para Root(00)
Mensaje X / 00:00:24:000 / Root(00) / impulso_sinusal /      1.00000 para top(01)
Mensaje X / 00:00:24:000 / top(01) / impulso_in /      1.00000 para fibraauricular1(02)
Mensaje Y / 00:00:24:000 / fibraauricular1(02) / conduccion_out /      2.00000 para top(01)
Mensaje D / 00:00:24:000 / fibraauricular1(02) / 00:00:02:000 para top(01)
Mensaje Y / 00:00:24:000 / top(01) / conduccion /      2.00000 para Root(00)
Mensaje D / 00:00:24:000 / top(01) / 00:00:00:000 para Root(00)
Mensaje * / 00:00:24:000 / Root(00) para top(01)
Mensaje * / 00:00:24:000 / top(01) para fibraauricular2(03)
Mensaje Y / 00:00:24:000 / fibraauricular2(03) / impulso_out /      1.00000 para top(01)
Mensaje D / 00:00:24:000 / fibraauricular2(03) / 00:00:04:000 para top(01)
Mensaje Y / 00:00:24:000 / top(01) / impulso /      1.00000 para Root(00)
Mensaje X / 00:00:24:000 / top(01) / impulso_in /      1.00000 para fibraauricular1(02)
Mensaje D / 00:00:24:000 / fibraauricular1(02) / 00:00:02:000 para top(01)
Mensaje D / 00:00:24:000 / top(01) / 00:00:02:000 para Root(00)
Mensaje X / 00:00:25:000 / Root(00) / impulso_extra_sinusal /      1.00000 para top(01)
Mensaje X / 00:00:25:000 / top(01) / impulso_in /      1.00000 para fibraauricular2(03)
Mensaje D / 00:00:25:000 / fibraauricular2(03) / 00:00:03:000 para top(01)
Mensaje D / 00:00:25:000 / top(01) / 00:00:01:000 para Root(00)
Mensaje X / 00:00:26:000 / Root(00) / impulso_sinusal /      1.00000 para top(01)
Mensaje X / 00:00:26:000 / top(01) / impulso_in /      1.00000 para fibraauricular1(02)
Mensaje D / 00:00:26:000 / fibraauricular1(02) / 00:00:00:000 para top(01)
Mensaje D / 00:00:26:000 / top(01) / 00:00:00:000 para Root(00)
Mensaje * / 00:00:26:000 / Root(00) para top(01)
Mensaje * / 00:00:26:000 / top(01) para fibraauricular1(02)
Mensaje Y / 00:00:26:000 / fibraauricular1(02) / impulso_out /      1.00000 para top(01)
Mensaje D / 00:00:26:000 / fibraauricular1(02) / 00:00:04:000 para top(01)
Mensaje Y / 00:00:26:000 / top(01) / impulso /      1.00000 para Root(00)
Mensaje X / 00:00:26:000 / top(01) / impulso_in /      1.00000 para fibraauricular2(03)
Mensaje D / 00:00:26:000 / fibraauricular2(03) / 00:00:02:000 para top(01)
Mensaje D / 00:00:26:000 / top(01) / 00:00:02:000 para Root(00)
Mensaje X / 00:00:27:000 / Root(00) / impulso_extra_sinusal /      1.00000 para top(01)
Mensaje X / 00:00:27:000 / top(01) / impulso_in /      1.00000 para fibraauricular2(03)
Mensaje D / 00:00:27:000 / fibraauricular2(03) / 00:00:01:000 para top(01)
Mensaje D / 00:00:27:000 / top(01) / 00:00:01:000 para Root(00)
Mensaje X / 00:00:28:000 / Root(00) / impulso_sinusal /      1.00000 para top(01)
Mensaje X / 00:00:28:000 / top(01) / impulso_in /      1.00000 para fibraauricular1(02)
Mensaje D / 00:00:28:000 / fibraauricular1(02) / 00:00:02:000 para top(01)
Mensaje D / 00:00:28:000 / top(01) / 00:00:00:000 para Root(00)
Mensaje * / 00:00:28:000 / Root(00) para top(01)
Mensaje * / 00:00:28:000 / top(01) para fibraauricular2(03)
Mensaje D / 00:00:28:000 / fibraauricular2(03) / ... para top(01)
Mensaje D / 00:00:28:000 / top(01) / 00:00:02:000 para Root(00)
Mensaje X / 00:00:29:000 / Root(00) / impulso_extra_sinusal /      1.00000 para top(01)
Mensaje X / 00:00:29:000 / top(01) / impulso_in /      1.00000 para fibraauricular2(03)
Mensaje Y / 00:00:29:000 / fibraauricular2(03) / conduccion_out /      2.00000 para top(01)
Mensaje D / 00:00:29:000 / fibraauricular2(03) / 00:00:01:000 para top(01)
Mensaje Y / 00:00:29:000 / top(01) / conduccion /      2.00000 para Root(00)
Mensaje D / 00:00:29:000 / top(01) / 00:00:01:000 para Root(00)
Mensaje X / 00:00:30:000 / Root(00) / impulso_sinusal /      1.00000 para top(01)
Mensaje X / 00:00:30:000 / top(01) / impulso_in /      1.00000 para fibraauricular1(02)
Mensaje D / 00:00:30:000 / fibraauricular1(02) / 00:00:00:000 para top(01)
Mensaje D / 00:00:30:000 / top(01) / 00:00:00:000 para Root(00)
Mensaje * / 00:00:30:000 / Root(00) para top(01)
Mensaje * / 00:00:30:000 / top(01) para fibraauricular1(02)
Mensaje D / 00:00:30:000 / fibraauricular1(02) / ... para top(01)
Mensaje D / 00:00:30:000 / top(01) / 00:00:00:000 para Root(00)
Mensaje * / 00:00:30:000 / Root(00) para top(01)
Mensaje * / 00:00:30:000 / top(01) para fibraauricular2(03)
Mensaje Y / 00:00:30:000 / fibraauricular2(03) / impulso_out /      1.00000 para top(01)
Mensaje D / 00:00:30:000 / fibraauricular2(03) / 00:00:04:000 para top(01)
Mensaje Y / 00:00:30:000 / top(01) / impulso /      1.00000 para Root(00)
Mensaje X / 00:00:30:000 / top(01) / impulso_in /      1.00000 para fibraauricular1(02)
Mensaje Y / 00:00:30:000 / fibraauricular1(02) / conduccion_out /      2.00000 para top(01)
Mensaje D / 00:00:30:000 / fibraauricular1(02) / 00:00:02:000 para top(01)
Mensaje Y / 00:00:30:000 / top(01) / conduccion /      2.00000 para Root(00)
Mensaje D / 00:00:30:000 / top(01) / 00:00:02:000 para Root(00)
Mensaje X / 00:00:31:000 / Root(00) / impulso_extra_sinusal /      1.00000 para top(01)
Mensaje X / 00:00:31:000 / top(01) / impulso_in /      1.00000 para fibraauricular2(03)
Mensaje D / 00:00:31:000 / fibraauricular2(03) / 00:00:03:000 para top(01)
Mensaje D / 00:00:31:000 / top(01) / 00:00:01:000 para Root(00)
Mensaje X / 00:00:32:000 / Root(00) / impulso_sinusal /      1.00000 para top(01)
Mensaje X / 00:00:32:000 / top(01) / impulso_in /      1.00000 para fibraauricular1(02)
Mensaje D / 00:00:32:000 / fibraauricular1(02) / 00:00:00:000 para top(01)
Mensaje D / 00:00:32:000 / top(01) / 00:00:00:000 para Root(00)
Mensaje * / 00:00:32:000 / Root(00) para top(01)
Mensaje * / 00:00:32:000 / top(01) para fibraauricular1(02)
Mensaje Y / 00:00:32:000 / fibraauricular1(02) / impulso_out /      1.00000 para top(01)
Mensaje D / 00:00:32:000 / fibraauricular1(02) / 00:00:04:000 para top(01)
Mensaje Y / 00:00:32:000 / top(01) / impulso /      1.00000 para Root(00)
Mensaje X / 00:00:32:000 / top(01) / impulso_in /      1.00000 para fibraauricular2(03)
Mensaje D / 00:00:32:000 / fibraauricular2(03) / 00:00:02:000 para top(01)
Mensaje D / 00:00:32:000 / top(01) / 00:00:02:000 para Root(00)
Mensaje X / 00:00:33:000 / Root(00) / impulso_extra_sinusal /      1.00000 para top(01)
Mensaje X / 00:00:33:000 / top(01) / impulso_in /      1.00000 para fibraauricular2(03)
Mensaje D / 00:00:33:000 / fibraauricular2(03) / 00:00:01:000 para top(01)
Mensaje D / 00:00:33:000 / top(01) / 00:00:01:000 para Root(00)
Mensaje X / 00:00:34:000 / Root(00) / impulso_sinusal /      1.00000 para top(01)
Mensaje X / 00:00:34:000 / top(01) / impulso_in /      1.00000 para fibraauricular1(02)
Mensaje D / 00:00:34:000 / fibraauricular1(02) / 00:00:02:000 para top(01)
Mensaje D / 00:00:34:000 / top(01) / 00:00:00:000 para Root(00)
Mensaje * / 00:00:34:000 / Root(00) para top(01)
Mensaje * / 00:00:34:000 / top(01) para fibraauricular2(03)
Mensaje D / 00:00:34:000 / fibraauricular2(03) / ... para top(01)
Mensaje D / 00:00:34:000 / top(01) / 00:00:02:000 para Root(00)
Mensaje * / 00:00:36:000 / Root(00) para top(01)
Mensaje * / 00:00:36:000 / top(01) para fibraauricular1(02)
Mensaje D / 00:00:36:000 / fibraauricular1(02) / ... para top(01)
Mensaje D / 00:00:36:000 / top(01) / ... para Root(00)
