Mensaje I / 00:00:00:000 / Root(00) para top(01)
Mensaje I / 00:00:00:000 / top(01) para hazdehis(02)
Mensaje D / 00:00:00:000 / hazdehis(02) / ... para top(01)
Mensaje D / 00:00:00:000 / top(01) / ... para Root(00)
Mensaje X / 00:00:04:000 / Root(00) / impulso_in /      1.00000 para top(01)
Mensaje X / 00:00:04:000 / top(01) / impulso_in /      1.00000 para hazdehis(02)
Mensaje Y / 00:00:04:000 / hazdehis(02) / impulso_out /      1.00000 para top(01)
Mensaje D / 00:00:04:000 / hazdehis(02) / 00:00:02:000 para top(01)
Mensaje Y / 00:00:04:000 / top(01) / impulso /      1.00000 para Root(00)
Mensaje D / 00:00:04:000 / top(01) / 00:00:02:000 para Root(00)
Mensaje X / 00:00:05:000 / Root(00) / impulso_in /      1.00000 para top(01)
Mensaje X / 00:00:05:000 / top(01) / impulso_in /      1.00000 para hazdehis(02)
Mensaje D / 00:00:05:000 / hazdehis(02) / 00:00:01:000 para top(01)
Mensaje D / 00:00:05:000 / top(01) / 00:00:01:000 para Root(00)
Mensaje X / 00:00:06:000 / Root(00) / impulso_in /      1.00000 para top(01)
Mensaje X / 00:00:06:000 / top(01) / impulso_in /      1.00000 para hazdehis(02)
Mensaje D / 00:00:06:000 / hazdehis(02) / 00:00:00:000 para top(01)
Mensaje D / 00:00:06:000 / top(01) / 00:00:00:000 para Root(00)
Mensaje * / 00:00:06:000 / Root(00) para top(01)
Mensaje * / 00:00:06:000 / top(01) para hazdehis(02)
Mensaje D / 00:00:06:000 / hazdehis(02) / ... para top(01)
Mensaje D / 00:00:06:000 / top(01) / ... para Root(00)
Mensaje X / 00:00:07:000 / Root(00) / impulso_in /      1.00000 para top(01)
Mensaje X / 00:00:07:000 / top(01) / impulso_in /      1.00000 para hazdehis(02)
Mensaje Y / 00:00:07:000 / hazdehis(02) / impulso_out /      1.00000 para top(01)
Mensaje D / 00:00:07:000 / hazdehis(02) / 00:00:02:000 para top(01)
Mensaje Y / 00:00:07:000 / top(01) / impulso /      1.00000 para Root(00)
Mensaje D / 00:00:07:000 / top(01) / 00:00:02:000 para Root(00)
Mensaje X / 00:00:08:001 / Root(00) / impulso_in /      1.00000 para top(01)
Mensaje X / 00:00:08:001 / top(01) / impulso_in /      1.00000 para hazdehis(02)
Mensaje D / 00:00:08:001 / hazdehis(02) / 00:00:00:999 para top(01)
Mensaje D / 00:00:08:001 / top(01) / 00:00:00:999 para Root(00)
Mensaje X / 00:00:09:000 / Root(00) / impulso_in /      1.00000 para top(01)
Mensaje X / 00:00:09:000 / top(01) / impulso_in /      1.00000 para hazdehis(02)
Mensaje D / 00:00:09:000 / hazdehis(02) / 00:00:00:000 para top(01)
Mensaje D / 00:00:09:000 / top(01) / 00:00:00:000 para Root(00)
Mensaje * / 00:00:09:000 / Root(00) para top(01)
Mensaje * / 00:00:09:000 / top(01) para hazdehis(02)
Mensaje D / 00:00:09:000 / hazdehis(02) / ... para top(01)
Mensaje D / 00:00:09:000 / top(01) / ... para Root(00)
Mensaje X / 00:00:10:000 / Root(00) / impulso_in /      1.00000 para top(01)
Mensaje X / 00:00:10:000 / top(01) / impulso_in /      1.00000 para hazdehis(02)
Mensaje Y / 00:00:10:000 / hazdehis(02) / impulso_out /      1.00000 para top(01)
Mensaje D / 00:00:10:000 / hazdehis(02) / 00:00:02:000 para top(01)
Mensaje Y / 00:00:10:000 / top(01) / impulso /      1.00000 para Root(00)
Mensaje D / 00:00:10:000 / top(01) / 00:00:02:000 para Root(00)
Mensaje * / 00:00:12:000 / Root(00) para top(01)
Mensaje * / 00:00:12:000 / top(01) para hazdehis(02)
Mensaje D / 00:00:12:000 / hazdehis(02) / ... para top(01)
Mensaje D / 00:00:12:000 / top(01) / ... para Root(00)
