Mensaje I / 00:00:00:000 / Root(00) para top(01)
Mensaje I / 00:00:00:000 / top(01) para ramadepurkinje(02)
Mensaje D / 00:00:00:000 / ramadepurkinje(02) / ... para top(01)
Mensaje D / 00:00:00:000 / top(01) / ... para Root(00)
Mensaje X / 00:00:04:000 / Root(00) / impulso_in /      1.00000 para top(01)
Mensaje X / 00:00:04:000 / top(01) / impulso_in /      1.00000 para ramadepurkinje(02)
Mensaje Y / 00:00:04:000 / ramadepurkinje(02) / conduccion_out /      2.00000 para top(01)
Mensaje D / 00:00:04:000 / ramadepurkinje(02) / 00:00:01:000 para top(01)
Mensaje Y / 00:00:04:000 / top(01) / conduccion /      2.00000 para Root(00)
Mensaje D / 00:00:04:000 / top(01) / 00:00:01:000 para Root(00)
Mensaje X / 00:00:05:000 / Root(00) / impulso_in /      1.00000 para top(01)
Mensaje X / 00:00:05:000 / top(01) / impulso_in /      1.00000 para ramadepurkinje(02)
Mensaje D / 00:00:05:000 / ramadepurkinje(02) / 00:00:00:000 para top(01)
Mensaje D / 00:00:05:000 / top(01) / 00:00:00:000 para Root(00)
Mensaje * / 00:00:05:000 / Root(00) para top(01)
Mensaje * / 00:00:05:000 / top(01) para ramadepurkinje(02)
Mensaje Y / 00:00:05:000 / ramadepurkinje(02) / impulso_out /      1.00000 para top(01)
Mensaje D / 00:00:05:000 / ramadepurkinje(02) / 00:00:04:000 para top(01)
Mensaje Y / 00:00:05:000 / top(01) / impulso /      1.00000 para Root(00)
Mensaje D / 00:00:05:000 / top(01) / 00:00:04:000 para Root(00)
Mensaje X / 00:00:06:000 / Root(00) / impulso_in /      1.00000 para top(01)
Mensaje X / 00:00:06:000 / top(01) / impulso_in /      1.00000 para ramadepurkinje(02)
Mensaje Y / 00:00:06:000 / ramadepurkinje(02) / bloqueo_out /      3.00000 para top(01)
Mensaje D / 00:00:06:000 / ramadepurkinje(02) / 00:00:03:000 para top(01)
Mensaje Y / 00:00:06:000 / top(01) / bloqueo /      3.00000 para Root(00)
Mensaje D / 00:00:06:000 / top(01) / 00:00:03:000 para Root(00)
Mensaje X / 00:00:07:000 / Root(00) / impulso_in /      1.00000 para top(01)
Mensaje X / 00:00:07:000 / top(01) / impulso_in /      1.00000 para ramadepurkinje(02)
Mensaje D / 00:00:07:000 / ramadepurkinje(02) / 00:00:02:000 para top(01)
Mensaje D / 00:00:07:000 / top(01) / 00:00:02:000 para Root(00)
Mensaje X / 00:00:08:000 / Root(00) / impulso_in /      1.00000 para top(01)
Mensaje X / 00:00:08:000 / top(01) / impulso_in /      1.00000 para ramadepurkinje(02)
Mensaje Y / 00:00:08:000 / ramadepurkinje(02) / bloqueo_out /      3.00000 para top(01)
Mensaje D / 00:00:08:000 / ramadepurkinje(02) / 00:00:01:000 para top(01)
Mensaje Y / 00:00:08:000 / top(01) / bloqueo /      3.00000 para Root(00)
Mensaje D / 00:00:08:000 / top(01) / 00:00:01:000 para Root(00)
Mensaje X / 00:00:09:000 / Root(00) / impulso_in /      1.00000 para top(01)
Mensaje X / 00:00:09:000 / top(01) / impulso_in /      1.00000 para ramadepurkinje(02)
Mensaje D / 00:00:09:000 / ramadepurkinje(02) / 00:00:00:000 para top(01)
Mensaje D / 00:00:09:000 / top(01) / 00:00:00:000 para Root(00)
Mensaje * / 00:00:09:000 / Root(00) para top(01)
Mensaje * / 00:00:09:000 / top(01) para ramadepurkinje(02)
Mensaje D / 00:00:09:000 / ramadepurkinje(02) / ... para top(01)
Mensaje D / 00:00:09:000 / top(01) / ... para Root(00)
Mensaje X / 00:00:10:000 / Root(00) / impulso_in /      1.00000 para top(01)
Mensaje X / 00:00:10:000 / top(01) / impulso_in /      1.00000 para ramadepurkinje(02)
Mensaje Y / 00:00:10:000 / ramadepurkinje(02) / conduccion_out /      2.00000 para top(01)
Mensaje D / 00:00:10:000 / ramadepurkinje(02) / 00:00:01:000 para top(01)
Mensaje Y / 00:00:10:000 / top(01) / conduccion /      2.00000 para Root(00)
Mensaje D / 00:00:10:000 / top(01) / 00:00:01:000 para Root(00)
Mensaje X / 00:00:11:000 / Root(00) / impulso_in /      1.00000 para top(01)
Mensaje X / 00:00:11:000 / top(01) / impulso_in /      1.00000 para ramadepurkinje(02)
Mensaje D / 00:00:11:000 / ramadepurkinje(02) / 00:00:00:000 para top(01)
Mensaje D / 00:00:11:000 / top(01) / 00:00:00:000 para Root(00)
Mensaje * / 00:00:11:000 / Root(00) para top(01)
Mensaje * / 00:00:11:000 / top(01) para ramadepurkinje(02)
Mensaje Y / 00:00:11:000 / ramadepurkinje(02) / impulso_out /      1.00000 para top(01)
Mensaje D / 00:00:11:000 / ramadepurkinje(02) / 00:00:04:000 para top(01)
Mensaje Y / 00:00:11:000 / top(01) / impulso /      1.00000 para Root(00)
Mensaje D / 00:00:11:000 / top(01) / 00:00:04:000 para Root(00)
Mensaje X / 00:00:12:000 / Root(00) / impulso_in /      1.00000 para top(01)
Mensaje X / 00:00:12:000 / top(01) / impulso_in /      1.00000 para ramadepurkinje(02)
Mensaje D / 00:00:12:000 / ramadepurkinje(02) / 00:00:03:000 para top(01)
Mensaje D / 00:00:12:000 / top(01) / 00:00:03:000 para Root(00)
Mensaje X / 00:00:13:000 / Root(00) / impulso_in /      1.00000 para top(01)
Mensaje X / 00:00:13:000 / top(01) / impulso_in /      1.00000 para ramadepurkinje(02)
Mensaje D / 00:00:13:000 / ramadepurkinje(02) / 00:00:02:000 para top(01)
Mensaje D / 00:00:13:000 / top(01) / 00:00:02:000 para Root(00)
Mensaje X / 00:00:14:000 / Root(00) / impulso_in /      1.00000 para top(01)
Mensaje X / 00:00:14:000 / top(01) / impulso_in /      1.00000 para ramadepurkinje(02)
Mensaje D / 00:00:14:000 / ramadepurkinje(02) / 00:00:01:000 para top(01)
Mensaje D / 00:00:14:000 / top(01) / 00:00:01:000 para Root(00)
Mensaje X / 00:00:15:000 / Root(00) / impulso_in /      1.00000 para top(01)
Mensaje X / 00:00:15:000 / top(01) / impulso_in /      1.00000 para ramadepurkinje(02)
Mensaje D / 00:00:15:000 / ramadepurkinje(02) / 00:00:00:000 para top(01)
Mensaje D / 00:00:15:000 / top(01) / 00:00:00:000 para Root(00)
Mensaje * / 00:00:15:000 / Root(00) para top(01)
Mensaje * / 00:00:15:000 / top(01) para ramadepurkinje(02)
Mensaje D / 00:00:15:000 / ramadepurkinje(02) / ... para top(01)
Mensaje D / 00:00:15:000 / top(01) / ... para Root(00)
Mensaje X / 00:00:16:000 / Root(00) / impulso_in /      1.00000 para top(01)
Mensaje X / 00:00:16:000 / top(01) / impulso_in /      1.00000 para ramadepurkinje(02)
Mensaje Y / 00:00:16:000 / ramadepurkinje(02) / bloqueo_out /      3.00000 para top(01)
Mensaje D / 00:00:16:000 / ramadepurkinje(02) / ... para top(01)
Mensaje Y / 00:00:16:000 / top(01) / bloqueo /      3.00000 para Root(00)
Mensaje D / 00:00:16:000 / top(01) / ... para Root(00)
Mensaje X / 00:00:17:000 / Root(00) / impulso_in /      1.00000 para top(01)
Mensaje X / 00:00:17:000 / top(01) / impulso_in /      1.00000 para ramadepurkinje(02)
Mensaje Y / 00:00:17:000 / ramadepurkinje(02) / bloqueo_out /      3.00000 para top(01)
Mensaje D / 00:00:17:000 / ramadepurkinje(02) / ... para top(01)
Mensaje Y / 00:00:17:000 / top(01) / bloqueo /      3.00000 para Root(00)
Mensaje D / 00:00:17:000 / top(01) / ... para Root(00)
