Mensaje I / 00:00:00:000 / Root(00) para top(01)
Mensaje I / 00:00:00:000 / top(01) para ramaderecha(02)
Mensaje I / 00:00:00:000 / top(01) para ramaizquierda(03)
Mensaje D / 00:00:00:000 / ramaderecha(02) / ... para top(01)
Mensaje D / 00:00:00:000 / ramaizquierda(03) / ... para top(01)
Mensaje D / 00:00:00:000 / top(01) / ... para Root(00)
Mensaje X / 00:00:01:000 / Root(00) / impulso_in /      1.00000 para top(01)
Mensaje X / 00:00:01:000 / top(01) / impulso_in /      1.00000 para ramaderecha(02)
Mensaje X / 00:00:01:000 / top(01) / impulso_in /      1.00000 para ramaizquierda(03)
Mensaje Y / 00:00:01:000 / ramaderecha(02) / bloqueo_out /      3.00000 para top(01)
Mensaje D / 00:00:01:000 / ramaderecha(02) / ... para top(01)
Mensaje Y / 00:00:01:000 / ramaizquierda(03) / bloqueo_out /      3.00000 para top(01)
Mensaje D / 00:00:01:000 / ramaizquierda(03) / ... para top(01)
Mensaje Y / 00:00:01:000 / top(01) / bloqueo_rama_derecha /      3.00000 para Root(00)
Mensaje Y / 00:00:01:000 / top(01) / bloqueo_rama_izquierda /      3.00000 para Root(00)
Mensaje D / 00:00:01:000 / top(01) / ... para Root(00)
Mensaje X / 00:00:02:000 / Root(00) / impulso_in /      1.00000 para top(01)
Mensaje X / 00:00:02:000 / top(01) / impulso_in /      1.00000 para ramaderecha(02)
Mensaje X / 00:00:02:000 / top(01) / impulso_in /      1.00000 para ramaizquierda(03)
Mensaje Y / 00:00:02:000 / ramaderecha(02) / conduccion_out /      2.00000 para top(01)
Mensaje D / 00:00:02:000 / ramaderecha(02) / 00:00:01:000 para top(01)
Mensaje Y / 00:00:02:000 / ramaizquierda(03) / conduccion_out /      2.00000 para top(01)
Mensaje D / 00:00:02:000 / ramaizquierda(03) / 00:00:01:000 para top(01)
Mensaje D / 00:00:02:000 / top(01) / 00:00:01:000 para Root(00)
Mensaje X / 00:00:03:000 / Root(00) / impulso_in /      1.00000 para top(01)
Mensaje X / 00:00:03:000 / top(01) / impulso_in /      1.00000 para ramaderecha(02)
Mensaje X / 00:00:03:000 / top(01) / impulso_in /      1.00000 para ramaizquierda(03)
Mensaje D / 00:00:03:000 / ramaderecha(02) / 00:00:00:000 para top(01)
Mensaje Y / 00:00:03:000 / ramaizquierda(03) / bloqueo_out /      3.00000 para top(01)
Mensaje D / 00:00:03:000 / ramaizquierda(03) / 00:00:00:000 para top(01)
Mensaje Y / 00:00:03:000 / top(01) / bloqueo_rama_izquierda /      3.00000 para Root(00)
Mensaje D / 00:00:03:000 / top(01) / 00:00:00:000 para Root(00)
Mensaje * / 00:00:03:000 / Root(00) para top(01)
Mensaje * / 00:00:03:000 / top(01) para ramaderecha(02)
Mensaje Y / 00:00:03:000 / ramaderecha(02) / impulso_out /      1.00000 para top(01)
Mensaje D / 00:00:03:000 / ramaderecha(02) / 00:00:02:000 para top(01)
Mensaje Y / 00:00:03:000 / top(01) / qrs /      1.00000 para Root(00)
Mensaje D / 00:00:03:000 / top(01) / 00:00:00:000 para Root(00)
Mensaje * / 00:00:03:000 / Root(00) para top(01)
Mensaje * / 00:00:03:000 / top(01) para ramaizquierda(03)
Mensaje Y / 00:00:03:000 / ramaizquierda(03) / impulso_out /      1.00000 para top(01)
Mensaje D / 00:00:03:000 / ramaizquierda(03) / 00:00:04:000 para top(01)
Mensaje Y / 00:00:03:000 / top(01) / qrs /      1.00000 para Root(00)
Mensaje D / 00:00:03:000 / top(01) / 00:00:02:000 para Root(00)
Mensaje X / 00:00:04:000 / Root(00) / impulso_in /      1.00000 para top(01)
Mensaje X / 00:00:04:000 / top(01) / impulso_in /      1.00000 para ramaderecha(02)
Mensaje X / 00:00:04:000 / top(01) / impulso_in /      1.00000 para ramaizquierda(03)
Mensaje Y / 00:00:04:000 / ramaderecha(02) / bloqueo_out /      3.00000 para top(01)
Mensaje D / 00:00:04:000 / ramaderecha(02) / 00:00:01:000 para top(01)
Mensaje D / 00:00:04:000 / ramaizquierda(03) / 00:00:03:000 para top(01)
Mensaje Y / 00:00:04:000 / top(01) / bloqueo_rama_derecha /      3.00000 para Root(00)
Mensaje D / 00:00:04:000 / top(01) / 00:00:01:000 para Root(00)
Mensaje X / 00:00:05:000 / Root(00) / impulso_in /      1.00000 para top(01)
Mensaje X / 00:00:05:000 / top(01) / impulso_in /      1.00000 para ramaderecha(02)
Mensaje X / 00:00:05:000 / top(01) / impulso_in /      1.00000 para ramaizquierda(03)
Mensaje D / 00:00:05:000 / ramaderecha(02) / 00:00:00:000 para top(01)
Mensaje Y / 00:00:05:000 / ramaizquierda(03) / bloqueo_out /      3.00000 para top(01)
Mensaje D / 00:00:05:000 / ramaizquierda(03) / 00:00:02:000 para top(01)
Mensaje Y / 00:00:05:000 / top(01) / bloqueo_rama_izquierda /      3.00000 para Root(00)
Mensaje D / 00:00:05:000 / top(01) / 00:00:00:000 para Root(00)
Mensaje * / 00:00:05:000 / Root(00) para top(01)
Mensaje * / 00:00:05:000 / top(01) para ramaderecha(02)
Mensaje D / 00:00:05:000 / ramaderecha(02) / ... para top(01)
Mensaje D / 00:00:05:000 / top(01) / 00:00:02:000 para Root(00)
Mensaje X / 00:00:06:000 / Root(00) / impulso_in /      1.00000 para top(01)
Mensaje X / 00:00:06:000 / top(01) / impulso_in /      1.00000 para ramaderecha(02)
Mensaje X / 00:00:06:000 / top(01) / impulso_in /      1.00000 para ramaizquierda(03)
Mensaje Y / 00:00:06:000 / ramaderecha(02) / bloqueo_out /      3.00000 para top(01)
Mensaje D / 00:00:06:000 / ramaderecha(02) / ... para top(01)
Mensaje Y / 00:00:06:000 / ramaizquierda(03) / bloqueo_out /      3.00000 para top(01)
Mensaje D / 00:00:06:000 / ramaizquierda(03) / 00:00:01:000 para top(01)
Mensaje Y / 00:00:06:000 / top(01) / bloqueo_rama_derecha /      3.00000 para Root(00)
Mensaje Y / 00:00:06:000 / top(01) / bloqueo_rama_izquierda /      3.00000 para Root(00)
Mensaje D / 00:00:06:000 / top(01) / 00:00:01:000 para Root(00)
Mensaje X / 00:00:07:000 / Root(00) / impulso_in /      1.00000 para top(01)
Mensaje X / 00:00:07:000 / top(01) / impulso_in /      1.00000 para ramaderecha(02)
Mensaje X / 00:00:07:000 / top(01) / impulso_in /      1.00000 para ramaizquierda(03)
Mensaje Y / 00:00:07:000 / ramaderecha(02) / conduccion_out /      2.00000 para top(01)
Mensaje D / 00:00:07:000 / ramaderecha(02) / 00:00:01:000 para top(01)
Mensaje D / 00:00:07:000 / ramaizquierda(03) / 00:00:00:000 para top(01)
Mensaje D / 00:00:07:000 / top(01) / 00:00:00:000 para Root(00)
Mensaje * / 00:00:07:000 / Root(00) para top(01)
Mensaje * / 00:00:07:000 / top(01) para ramaizquierda(03)
Mensaje D / 00:00:07:000 / ramaizquierda(03) / ... para top(01)
Mensaje D / 00:00:07:000 / top(01) / 00:00:01:000 para Root(00)
Mensaje X / 00:00:08:000 / Root(00) / impulso_in /      1.00000 para top(01)
Mensaje X / 00:00:08:000 / top(01) / impulso_in /      1.00000 para ramaderecha(02)
Mensaje X / 00:00:08:000 / top(01) / impulso_in /      1.00000 para ramaizquierda(03)
Mensaje D / 00:00:08:000 / ramaderecha(02) / 00:00:00:000 para top(01)
Mensaje Y / 00:00:08:000 / ramaizquierda(03) / bloqueo_out /      3.00000 para top(01)
Mensaje D / 00:00:08:000 / ramaizquierda(03) / ... para top(01)
Mensaje Y / 00:00:08:000 / top(01) / bloqueo_rama_izquierda /      3.00000 para Root(00)
Mensaje D / 00:00:08:000 / top(01) / 00:00:00:000 para Root(00)
Mensaje * / 00:00:08:000 / Root(00) para top(01)
Mensaje * / 00:00:08:000 / top(01) para ramaderecha(02)
Mensaje Y / 00:00:08:000 / ramaderecha(02) / impulso_out /      1.00000 para top(01)
Mensaje D / 00:00:08:000 / ramaderecha(02) / 00:00:02:000 para top(01)
Mensaje Y / 00:00:08:000 / top(01) / qrs /      1.00000 para Root(00)
Mensaje D / 00:00:08:000 / top(01) / 00:00:02:000 para Root(00)
Mensaje * / 00:00:10:000 / Root(00) para top(01)
Mensaje * / 00:00:10:000 / top(01) para ramaderecha(02)
Mensaje D / 00:00:10:000 / ramaderecha(02) / ... para top(01)
Mensaje D / 00:00:10:000 / top(01) / ... para Root(00)
