00:00:00:090 impulso_inicial 1
00:00:00:090 inicio_onda_p 2
00:00:00:220 fin_onda_p 1
00:00:00:220 inicio_onda_p 2
00:00:00:305 onda_qrs 1
00:00:00:305 onda_qrs 1
00:00:00:350 fin_onda_p 1
00:00:00:990 impulso_inicial 1
00:00:00:990 inicio_onda_p 2
00:00:01:120 fin_onda_p 1
00:00:01:120 inicio_onda_p 2
00:00:01:205 onda_qrs 1
00:00:01:205 onda_qrs 1
00:00:01:250 fin_onda_p 1
00:00:01:890 impulso_inicial 1
00:00:01:890 inicio_onda_p 2
00:00:02:020 fin_onda_p 1
00:00:02:020 inicio_onda_p 2
00:00:02:105 falla_rama_izquierda 3
00:00:02:105 onda_qrs 1
00:00:02:150 fin_onda_p 1
00:00:02:790 impulso_inicial 1
00:00:02:790 inicio_onda_p 2
00:00:02:920 fin_onda_p 1
00:00:02:920 inicio_onda_p 2
00:00:03:005 onda_qrs 1
00:00:03:005 onda_qrs 1
00:00:03:050 fin_onda_p 1
00:00:03:690 impulso_inicial 1
00:00:03:690 inicio_onda_p 2
00:00:03:820 fin_onda_p 1
00:00:03:820 inicio_onda_p 2
00:00:03:905 falla_rama_izquierda 3
00:00:03:905 onda_qrs 1
00:00:03:950 fin_onda_p 1
00:00:04:590 impulso_inicial 1
00:00:04:590 inicio_onda_p 2
00:00:04:720 fin_onda_p 1
00:00:04:720 inicio_onda_p 2
00:00:04:805 onda_qrs 1
00:00:04:805 onda_qrs 1
00:00:04:850 fin_onda_p 1
00:00:05:490 impulso_inicial 1
00:00:05:490 inicio_onda_p 2
00:00:05:620 fin_onda_p 1
00:00:05:620 inicio_onda_p 2
00:00:05:705 onda_qrs 1
00:00:05:705 onda_qrs 1
00:00:05:750 fin_onda_p 1
00:00:06:390 impulso_inicial 1
00:00:06:390 inicio_onda_p 2
00:00:06:520 fin_onda_p 1
00:00:06:520 inicio_onda_p 2
00:00:06:605 falla_rama_derecha 3
00:00:06:605 onda_qrs 1
00:00:06:650 fin_onda_p 1
00:00:07:290 impulso_inicial 1
00:00:07:290 inicio_onda_p 2
00:00:07:420 fin_onda_p 1
00:00:07:420 inicio_onda_p 2
00:00:07:505 onda_qrs 1
00:00:07:505 onda_qrs 1
00:00:07:550 fin_onda_p 1
00:00:08:190 impulso_inicial 1
00:00:08:190 inicio_onda_p 2
00:00:08:320 fin_onda_p 1
00:00:08:320 inicio_onda_p 2
00:00:08:405 onda_qrs 1
00:00:08:405 onda_qrs 1
00:00:08:450 fin_onda_p 1
00:00:09:090 impulso_inicial 1
00:00:09:090 inicio_onda_p 2
00:00:09:220 fin_onda_p 1
00:00:09:220 inicio_onda_p 2
00:00:09:305 onda_qrs 1
00:00:09:305 onda_qrs 1
00:00:09:350 fin_onda_p 1
00:00:09:990 impulso_inicial 1
00:00:09:990 inicio_onda_p 2
00:00:10:120 fin_onda_p 1
00:00:10:120 inicio_onda_p 2
00:00:10:205 onda_qrs 1
00:00:10:205 onda_qrs 1
00:00:10:250 fin_onda_p 1
00:00:10:890 impulso_inicial 1
00:00:10:890 inicio_onda_p 2
00:00:11:020 fin_onda_p 1
00:00:11:020 inicio_onda_p 2
00:00:11:105 onda_qrs 1
00:00:11:105 onda_qrs 1
00:00:11:150 fin_onda_p 1
00:00:11:790 impulso_inicial 1
00:00:11:790 inicio_onda_p 2
00:00:11:920 fin_onda_p 1
00:00:11:920 inicio_onda_p 2
00:00:12:005 falla_rama_derecha 3
00:00:12:005 onda_qrs 1
00:00:12:050 fin_onda_p 1
00:00:12:690 impulso_inicial 1
00:00:12:690 inicio_onda_p 2
00:00:12:820 fin_onda_p 1
00:00:12:820 inicio_onda_p 2
00:00:12:905 onda_qrs 1
00:00:12:905 onda_qrs 1
00:00:12:950 fin_onda_p 1
00:00:13:590 impulso_inicial 1
00:00:13:590 inicio_onda_p 2
00:00:13:720 fin_onda_p 1
00:00:13:720 inicio_onda_p 2
00:00:13:805 onda_qrs 1
00:00:13:805 onda_qrs 1
00:00:13:850 fin_onda_p 1
00:00:14:490 impulso_inicial 1
00:00:14:490 inicio_onda_p 2
00:00:14:620 fin_onda_p 1
00:00:14:620 inicio_onda_p 2
00:00:14:705 falla_rama_izquierda 3
00:00:14:705 onda_qrs 1
00:00:14:750 fin_onda_p 1
00:00:15:390 impulso_inicial 1
00:00:15:390 inicio_onda_p 2
00:00:15:520 fin_onda_p 1
00:00:15:520 inicio_onda_p 2
00:00:15:605 onda_qrs 1
00:00:15:605 onda_qrs 1
00:00:15:650 fin_onda_p 1
00:00:16:290 impulso_inicial 1
00:00:16:290 inicio_onda_p 2
00:00:16:420 fin_onda_p 1
00:00:16:420 inicio_onda_p 2
00:00:16:505 onda_qrs 1
00:00:16:505 onda_qrs 1
00:00:16:550 fin_onda_p 1
00:00:17:190 impulso_inicial 1
00:00:17:190 inicio_onda_p 2
00:00:17:320 fin_onda_p 1
00:00:17:320 inicio_onda_p 2
00:00:17:405 onda_qrs 1
00:00:17:405 onda_qrs 1
00:00:17:450 fin_onda_p 1
00:00:18:090 impulso_inicial 1
00:00:18:090 inicio_onda_p 2
00:00:18:220 fin_onda_p 1
00:00:18:220 inicio_onda_p 2
00:00:18:305 onda_qrs 1
00:00:18:305 onda_qrs 1
00:00:18:350 fin_onda_p 1
00:00:18:990 impulso_inicial 1
00:00:18:990 inicio_onda_p 2
00:00:19:120 fin_onda_p 1
00:00:19:120 inicio_onda_p 2
00:00:19:205 onda_qrs 1
00:00:19:205 onda_qrs 1
00:00:19:250 fin_onda_p 1
00:00:19:890 impulso_inicial 1
00:00:19:890 inicio_onda_p 2
00:00:20:020 fin_onda_p 1
00:00:20:020 inicio_onda_p 2
00:00:20:105 onda_qrs 1
00:00:20:105 onda_qrs 1
00:00:20:150 fin_onda_p 1
00:00:20:790 impulso_inicial 1
00:00:20:790 inicio_onda_p 2
00:00:20:920 fin_onda_p 1
00:00:20:920 inicio_onda_p 2
00:00:21:005 onda_qrs 1
00:00:21:005 onda_qrs 1
00:00:21:050 fin_onda_p 1
00:00:21:690 impulso_inicial 1
00:00:21:690 inicio_onda_p 2
00:00:21:820 fin_onda_p 1
00:00:21:820 inicio_onda_p 2
00:00:21:905 onda_qrs 1
00:00:21:905 onda_qrs 1
00:00:21:950 fin_onda_p 1
00:00:22:590 impulso_inicial 1
00:00:22:590 inicio_onda_p 2
00:00:22:720 fin_onda_p 1
00:00:22:720 inicio_onda_p 2
00:00:22:805 onda_qrs 1
00:00:22:805 onda_qrs 1
00:00:22:850 fin_onda_p 1
00:00:23:490 impulso_inicial 1
00:00:23:490 inicio_onda_p 2
00:00:23:620 fin_onda_p 1
00:00:23:620 inicio_onda_p 2
00:00:23:705 onda_qrs 1
00:00:23:705 onda_qrs 1
00:00:23:750 fin_onda_p 1
00:00:24:390 impulso_inicial 1
00:00:24:390 inicio_onda_p 2
00:00:24:520 fin_onda_p 1
00:00:24:520 inicio_onda_p 2
00:00:24:605 onda_qrs 1
00:00:24:605 onda_qrs 1
00:00:24:650 fin_onda_p 1
00:00:25:290 impulso_inicial 1
00:00:25:290 inicio_onda_p 2
00:00:25:420 fin_onda_p 1
00:00:25:420 inicio_onda_p 2
00:00:25:505 falla_rama_izquierda 3
00:00:25:505 onda_qrs 1
00:00:25:550 fin_onda_p 1
00:00:26:190 impulso_inicial 1
00:00:26:190 inicio_onda_p 2
00:00:26:320 fin_onda_p 1
00:00:26:320 inicio_onda_p 2
00:00:26:405 falla_rama_derecha 3
00:00:26:405 onda_qrs 1
00:00:26:450 fin_onda_p 1
00:00:27:090 impulso_inicial 1
00:00:27:090 inicio_onda_p 2
00:00:27:220 fin_onda_p 1
00:00:27:220 inicio_onda_p 2
00:00:27:305 falla_rama_izquierda 3
00:00:27:305 onda_qrs 1
00:00:27:350 fin_onda_p 1
00:00:27:990 impulso_inicial 1
00:00:27:990 inicio_onda_p 2
00:00:28:120 fin_onda_p 1
00:00:28:120 inicio_onda_p 2
00:00:28:205 falla_rama_derecha 3
00:00:28:205 onda_qrs 1
00:00:28:250 fin_onda_p 1
00:00:28:890 impulso_inicial 1
00:00:28:890 inicio_onda_p 2
00:00:29:020 fin_onda_p 1
00:00:29:020 inicio_onda_p 2
00:00:29:105 onda_qrs 1
00:00:29:105 onda_qrs 1
00:00:29:150 fin_onda_p 1
00:00:29:790 impulso_inicial 1
00:00:29:790 inicio_onda_p 2
00:00:29:920 fin_onda_p 1
00:00:29:920 inicio_onda_p 2
00:00:30:005 onda_qrs 1
00:00:30:005 onda_qrs 1
00:00:30:050 fin_onda_p 1
00:00:30:690 impulso_inicial 1
00:00:30:690 inicio_onda_p 2
00:00:30:820 fin_onda_p 1
00:00:30:820 inicio_onda_p 2
00:00:30:905 onda_qrs 1
00:00:30:905 onda_qrs 1
00:00:30:950 fin_onda_p 1
00:00:31:590 impulso_inicial 1
00:00:31:590 inicio_onda_p 2
00:00:31:720 fin_onda_p 1
00:00:31:720 inicio_onda_p 2
00:00:31:805 onda_qrs 1
00:00:31:805 onda_qrs 1
00:00:31:850 fin_onda_p 1
00:00:32:490 impulso_inicial 1
00:00:32:490 inicio_onda_p 2
00:00:32:620 fin_onda_p 1
00:00:32:620 inicio_onda_p 2
00:00:32:705 onda_qrs 1
00:00:32:705 onda_qrs 1
00:00:32:750 fin_onda_p 1
00:00:33:390 impulso_inicial 1
00:00:33:390 inicio_onda_p 2
00:00:33:520 fin_onda_p 1
00:00:33:520 inicio_onda_p 2
00:00:33:605 onda_qrs 1
00:00:33:605 onda_qrs 1
00:00:33:650 fin_onda_p 1
00:00:34:290 impulso_inicial 1
00:00:34:290 inicio_onda_p 2
00:00:34:420 fin_onda_p 1
00:00:34:420 inicio_onda_p 2
00:00:34:505 onda_qrs 1
00:00:34:505 onda_qrs 1
00:00:34:550 fin_onda_p 1
00:00:35:190 impulso_inicial 1
00:00:35:190 inicio_onda_p 2
00:00:35:320 fin_onda_p 1
00:00:35:320 inicio_onda_p 2
00:00:35:405 falla_rama_derecha 3
00:00:35:405 onda_qrs 1
00:00:35:450 fin_onda_p 1
00:00:36:090 impulso_inicial 1
00:00:36:090 inicio_onda_p 2
00:00:36:220 fin_onda_p 1
00:00:36:220 inicio_onda_p 2
00:00:36:305 onda_qrs 1
00:00:36:305 onda_qrs 1
00:00:36:350 fin_onda_p 1
00:00:36:990 impulso_inicial 1
00:00:36:990 inicio_onda_p 2
00:00:37:120 fin_onda_p 1
00:00:37:120 inicio_onda_p 2
00:00:37:205 onda_qrs 1
00:00:37:205 onda_qrs 1
00:00:37:250 fin_onda_p 1
00:00:37:890 impulso_inicial 1
00:00:37:890 inicio_onda_p 2
00:00:38:020 fin_onda_p 1
00:00:38:020 inicio_onda_p 2
00:00:38:105 onda_qrs 1
00:00:38:105 onda_qrs 1
00:00:38:150 fin_onda_p 1
00:00:38:790 impulso_inicial 1
00:00:38:790 inicio_onda_p 2
00:00:38:920 fin_onda_p 1
00:00:38:920 inicio_onda_p 2
00:00:39:005 onda_qrs 1
00:00:39:005 onda_qrs 1
00:00:39:050 fin_onda_p 1
00:00:39:690 impulso_inicial 1
00:00:39:690 inicio_onda_p 2
00:00:39:820 fin_onda_p 1
00:00:39:820 inicio_onda_p 2
00:00:39:905 falla_rama_derecha 3
00:00:39:905 onda_qrs 1
00:00:39:950 fin_onda_p 1
00:00:40:590 impulso_inicial 1
00:00:40:590 inicio_onda_p 2
00:00:40:720 fin_onda_p 1
00:00:40:720 inicio_onda_p 2
00:00:40:805 onda_qrs 1
00:00:40:805 onda_qrs 1
00:00:40:850 fin_onda_p 1
00:00:41:490 impulso_inicial 1
00:00:41:490 inicio_onda_p 2
00:00:41:620 fin_onda_p 1
00:00:41:620 inicio_onda_p 2
00:00:41:705 falla_rama_izquierda 3
00:00:41:705 onda_qrs 1
00:00:41:750 fin_onda_p 1
00:00:42:390 impulso_inicial 1
00:00:42:390 inicio_onda_p 2
00:00:42:520 fin_onda_p 1
00:00:42:520 inicio_onda_p 2
00:00:42:605 onda_qrs 1
00:00:42:605 onda_qrs 1
00:00:42:650 fin_onda_p 1
00:00:43:290 impulso_inicial 1
00:00:43:290 inicio_onda_p 2
00:00:43:420 fin_onda_p 1
00:00:43:420 inicio_onda_p 2
00:00:43:505 onda_qrs 1
00:00:43:505 onda_qrs 1
00:00:43:550 fin_onda_p 1
00:00:44:190 impulso_inicial 1
00:00:44:190 inicio_onda_p 2
00:00:44:320 fin_onda_p 1
00:00:44:320 inicio_onda_p 2
00:00:44:405 onda_qrs 1
00:00:44:405 onda_qrs 1
00:00:44:450 fin_onda_p 1
00:00:45:090 impulso_inicial 1
00:00:45:090 inicio_onda_p 2
00:00:45:220 fin_onda_p 1
00:00:45:220 inicio_onda_p 2
00:00:45:305 onda_qrs 1
00:00:45:305 onda_qrs 1
00:00:45:350 fin_onda_p 1
00:00:45:990 impulso_inicial 1
00:00:45:990 inicio_onda_p 2
00:00:46:120 fin_onda_p 1
00:00:46:120 inicio_onda_p 2
00:00:46:205 onda_qrs 1
00:00:46:205 onda_qrs 1
00:00:46:250 fin_onda_p 1
00:00:46:890 impulso_inicial 1
00:00:46:890 inicio_onda_p 2
00:00:47:020 fin_onda_p 1
00:00:47:020 inicio_onda_p 2
00:00:47:105 onda_qrs 1
00:00:47:105 onda_qrs 1
00:00:47:150 fin_onda_p 1
00:00:47:790 impulso_inicial 1
00:00:47:790 inicio_onda_p 2
00:00:47:920 fin_onda_p 1
00:00:47:920 inicio_onda_p 2
00:00:48:005 onda_qrs 1
00:00:48:005 onda_qrs 1
00:00:48:050 fin_onda_p 1
00:00:48:690 impulso_inicial 1
00:00:48:690 inicio_onda_p 2
00:00:48:820 fin_onda_p 1
00:00:48:820 inicio_onda_p 2
00:00:48:905 onda_qrs 1
00:00:48:905 onda_qrs 1
00:00:48:950 fin_onda_p 1
00:00:49:590 impulso_inicial 1
00:00:49:590 inicio_onda_p 2
00:00:49:720 fin_onda_p 1
00:00:49:720 inicio_onda_p 2
00:00:49:805 falla_rama_derecha 3
00:00:49:805 onda_qrs 1
00:00:49:850 fin_onda_p 1
00:00:50:490 impulso_inicial 1
00:00:50:490 inicio_onda_p 2
00:00:50:620 fin_onda_p 1
00:00:50:620 inicio_onda_p 2
00:00:50:705 onda_qrs 1
00:00:50:705 onda_qrs 1
00:00:50:750 fin_onda_p 1
00:00:51:390 impulso_inicial 1
00:00:51:390 inicio_onda_p 2
00:00:51:520 fin_onda_p 1
00:00:51:520 inicio_onda_p 2
00:00:51:605 onda_qrs 1
00:00:51:605 onda_qrs 1
00:00:51:650 fin_onda_p 1
00:00:52:290 impulso_inicial 1
00:00:52:290 inicio_onda_p 2
00:00:52:420 fin_onda_p 1
00:00:52:420 inicio_onda_p 2
00:00:52:505 onda_qrs 1
00:00:52:505 onda_qrs 1
00:00:52:550 fin_onda_p 1
00:00:53:190 impulso_inicial 1
00:00:53:190 inicio_onda_p 2
00:00:53:320 fin_onda_p 1
00:00:53:320 inicio_onda_p 2
00:00:53:405 falla_rama_derecha 3
00:00:53:405 onda_qrs 1
00:00:53:450 fin_onda_p 1
00:00:54:090 impulso_inicial 1
00:00:54:090 inicio_onda_p 2
00:00:54:220 fin_onda_p 1
00:00:54:220 inicio_onda_p 2
00:00:54:305 falla_rama_derecha 3
00:00:54:305 onda_qrs 1
00:00:54:350 fin_onda_p 1
00:00:54:990 impulso_inicial 1
00:00:54:990 inicio_onda_p 2
00:00:55:120 fin_onda_p 1
00:00:55:120 inicio_onda_p 2
00:00:55:205 falla_rama_derecha 3
00:00:55:205 onda_qrs 1
00:00:55:250 fin_onda_p 1
00:00:55:890 impulso_inicial 1
00:00:55:890 inicio_onda_p 2
00:00:56:020 fin_onda_p 1
00:00:56:020 inicio_onda_p 2
00:00:56:105 onda_qrs 1
00:00:56:105 onda_qrs 1
00:00:56:150 fin_onda_p 1
00:00:56:790 impulso_inicial 1
00:00:56:790 inicio_onda_p 2
00:00:56:920 fin_onda_p 1
00:00:56:920 inicio_onda_p 2
00:00:57:005 onda_qrs 1
00:00:57:005 onda_qrs 1
00:00:57:050 fin_onda_p 1
00:00:57:690 impulso_inicial 1
00:00:57:690 inicio_onda_p 2
00:00:57:820 fin_onda_p 1
00:00:57:820 inicio_onda_p 2
00:00:57:905 onda_qrs 1
00:00:57:905 onda_qrs 1
00:00:57:950 fin_onda_p 1
00:00:58:590 impulso_inicial 1
00:00:58:590 inicio_onda_p 2
00:00:58:720 fin_onda_p 1
00:00:58:720 inicio_onda_p 2
00:00:58:805 onda_qrs 1
00:00:58:805 onda_qrs 1
00:00:58:850 fin_onda_p 1
00:00:59:490 impulso_inicial 1
00:00:59:490 inicio_onda_p 2
00:00:59:620 fin_onda_p 1
00:00:59:620 inicio_onda_p 2
00:00:59:705 onda_qrs 1
00:00:59:705 onda_qrs 1
00:00:59:750 fin_onda_p 1
