00:00:02:000 impulso_inicial 1
00:00:02:000 inicio_onda_p 2
00:00:02:000 impulso_anomalo 1
00:00:02:000 inicio_onda_p 2
00:00:04:000 fin_onda_p 1
00:00:04:000 fin_onda_p 1
00:00:06:000 falla_rama_derecha 3
00:00:07:000 onda_qrs 1
00:00:08:000 impulso_inicial 1
00:00:14:000 impulso_inicial 1
00:00:14:000 inicio_onda_p 2
00:00:16:000 impulso_inicial 1
00:00:16:000 fin_onda_p 1
00:00:16:000 inicio_onda_p 2
00:00:18:000 fin_onda_p 1
00:00:19:000 onda_qrs 1
00:00:19:000 onda_qrs 1
00:00:22:000 impulso_inicial 1
00:00:22:000 inicio_onda_p 2
00:00:24:000 fin_onda_p 1
00:00:24:000 inicio_onda_p 2
00:00:26:000 fin_onda_p 1
00:00:26:000 falla_rama_derecha 3
00:00:27:000 onda_qrs 1
00:00:34:000 impulso_inicial 1
00:00:34:000 inicio_onda_p 2
00:00:36:000 fin_onda_p 1
00:00:36:000 inicio_onda_p 2
00:00:38:000 fin_onda_p 1
00:00:38:000 falla_rama_derecha 3
00:00:38:000 falla_rama_izquierda 3
00:00:42:000 impulso_inicial 1
00:00:42:000 inicio_onda_p 2
00:00:44:000 fin_onda_p 1
00:00:44:000 inicio_onda_p 2
00:00:46:000 fin_onda_p 1
00:00:46:000 falla_rama_izquierda 3
00:00:47:000 onda_qrs 1
00:00:50:000 impulso_inicial 1
00:00:50:000 inicio_onda_p 2
00:00:52:000 fin_onda_p 1
00:00:52:000 inicio_onda_p 2
00:00:54:000 fin_onda_p 1
00:00:54:000 falla_rama_derecha 3
00:00:55:000 onda_qrs 1
