Mensaje I / 00:00:00:000 / Root(00) para top(01)
Mensaje I / 00:00:00:000 / top(01) para nodulosinusal(02)
Mensaje I / 00:00:00:000 / top(01) para impulsoaleatorio(03)
Mensaje I / 00:00:00:000 / top(01) para conduccionauricular(04)
Mensaje I / 00:00:00:000 / top(01) para noduloav(07)
Mensaje I / 00:00:00:000 / top(01) para hazdehis(10)
Mensaje I / 00:00:00:000 / top(01) para conduccionventricular(11)
Mensaje D / 00:00:00:000 / nodulosinusal(02) / 00:00:02:000 para top(01)
Mensaje D / 00:00:00:000 / impulsoaleatorio(03) / 00:00:02:000 para top(01)
Mensaje I / 00:00:00:000 / conduccionauricular(04) para fibraauricular1(05)
Mensaje I / 00:00:00:000 / conduccionauricular(04) para fibraauricular2(06)
Mensaje I / 00:00:00:000 / noduloav(07) para fibraderecha(08)
Mensaje I / 00:00:00:000 / noduloav(07) para fibraizquierda(09)
Mensaje D / 00:00:00:000 / hazdehis(10) / ... para top(01)
Mensaje I / 00:00:00:000 / conduccionventricular(11) para ramaderecha(12)
Mensaje I / 00:00:00:000 / conduccionventricular(11) para ramaizquierda(13)
Mensaje D / 00:00:00:000 / fibraauricular1(05) / ... para conduccionauricular(04)
Mensaje D / 00:00:00:000 / fibraauricular2(06) / ... para conduccionauricular(04)
Mensaje D / 00:00:00:000 / fibraderecha(08) / ... para noduloav(07)
Mensaje D / 00:00:00:000 / fibraizquierda(09) / ... para noduloav(07)
Mensaje D / 00:00:00:000 / ramaderecha(12) / ... para conduccionventricular(11)
Mensaje D / 00:00:00:000 / ramaizquierda(13) / ... para conduccionventricular(11)
Mensaje D / 00:00:00:000 / conduccionauricular(04) / ... para top(01)
Mensaje D / 00:00:00:000 / noduloav(07) / ... para top(01)
Mensaje D / 00:00:00:000 / conduccionventricular(11) / ... para top(01)
Mensaje D / 00:00:00:000 / top(01) / 00:00:02:000 para Root(00)
Mensaje * / 00:00:02:000 / Root(00) para top(01)
Mensaje * / 00:00:02:000 / top(01) para nodulosinusal(02)
Mensaje Y / 00:00:02:000 / nodulosinusal(02) / impulso_out /      1.00000 para top(01)
Mensaje D / 00:00:02:000 / nodulosinusal(02) / 00:00:02:000 para top(01)
Mensaje Y / 00:00:02:000 / top(01) / impulso_inicial /      1.00000 para Root(00)
Mensaje X / 00:00:02:000 / top(01) / impulso_sinusal /      1.00000 para conduccionauricular(04)
Mensaje X / 00:00:02:000 / conduccionauricular(04) / impulso_in /      1.00000 para fibraauricular1(05)
Mensaje Y / 00:00:02:000 / fibraauricular1(05) / conduccion_out /      2.00000 para conduccionauricular(04)
Mensaje D / 00:00:02:000 / fibraauricular1(05) / 00:00:02:000 para conduccionauricular(04)
Mensaje Y / 00:00:02:000 / conduccionauricular(04) / conduccion /      2.00000 para top(01)
Mensaje D / 00:00:02:000 / conduccionauricular(04) / 00:00:02:000 para top(01)
Mensaje Y / 00:00:02:000 / top(01) / inicio_onda_p /      2.00000 para Root(00)
Mensaje D / 00:00:02:000 / top(01) / 00:00:00:000 para Root(00)
Mensaje * / 00:00:02:000 / Root(00) para top(01)
Mensaje * / 00:00:02:000 / top(01) para impulsoaleatorio(03)
Mensaje Y / 00:00:02:000 / impulsoaleatorio(03) / impulso_out /      1.00000 para top(01)
Mensaje D / 00:00:02:000 / impulsoaleatorio(03) / 00:00:02:000 para top(01)
Mensaje Y / 00:00:02:000 / top(01) / impulso_anomalo /      1.00000 para Root(00)
Mensaje X / 00:00:02:000 / top(01) / impulso_extra_sinusal /      1.00000 para conduccionauricular(04)
Mensaje X / 00:00:02:000 / conduccionauricular(04) / impulso_in /      1.00000 para fibraauricular2(06)
Mensaje Y / 00:00:02:000 / fibraauricular2(06) / conduccion_out /      2.00000 para conduccionauricular(04)
Mensaje D / 00:00:02:000 / fibraauricular2(06) / 00:00:02:000 para conduccionauricular(04)
Mensaje Y / 00:00:02:000 / conduccionauricular(04) / conduccion /      2.00000 para top(01)
Mensaje D / 00:00:02:000 / conduccionauricular(04) / 00:00:02:000 para top(01)
Mensaje Y / 00:00:02:000 / top(01) / inicio_onda_p /      2.00000 para Root(00)
Mensaje D / 00:00:02:000 / top(01) / 00:00:02:000 para Root(00)
Mensaje * / 00:00:04:000 / Root(00) para top(01)
Mensaje * / 00:00:04:000 / top(01) para nodulosinusal(02)
Mensaje D / 00:00:04:000 / nodulosinusal(02) / 00:00:02:000 para top(01)
Mensaje D / 00:00:04:000 / top(01) / 00:00:00:000 para Root(00)
Mensaje * / 00:00:04:000 / Root(00) para top(01)
Mensaje * / 00:00:04:000 / top(01) para impulsoaleatorio(03)
Mensaje D / 00:00:04:000 / impulsoaleatorio(03) / 00:00:02:000 para top(01)
Mensaje D / 00:00:04:000 / top(01) / 00:00:00:000 para Root(00)
Mensaje * / 00:00:04:000 / Root(00) para top(01)
Mensaje * / 00:00:04:000 / top(01) para conduccionauricular(04)
Mensaje * / 00:00:04:000 / conduccionauricular(04) para fibraauricular1(05)
Mensaje Y / 00:00:04:000 / fibraauricular1(05) / impulso_out /      1.00000 para conduccionauricular(04)
Mensaje D / 00:00:04:000 / fibraauricular1(05) / 00:00:04:000 para conduccionauricular(04)
Mensaje Y / 00:00:04:000 / conduccionauricular(04) / impulso /      1.00000 para top(01)
Mensaje X / 00:00:04:000 / conduccionauricular(04) / impulso_in /      1.00000 para fibraauricular2(06)
Mensaje Y / 00:00:04:000 / top(01) / fin_onda_p /      1.00000 para Root(00)
Mensaje X / 00:00:04:000 / top(01) / impulso_in /      1.00000 para noduloav(07)
Mensaje D / 00:00:04:000 / fibraauricular2(06) / 00:00:00:000 para conduccionauricular(04)
Mensaje X / 00:00:04:000 / noduloav(07) / impulso_in /      1.00000 para fibraderecha(08)
Mensaje X / 00:00:04:000 / noduloav(07) / impulso_in /      1.00000 para fibraizquierda(09)
Mensaje D / 00:00:04:000 / conduccionauricular(04) / 00:00:00:000 para top(01)
Mensaje Y / 00:00:04:000 / fibraderecha(08) / conduccion_out /      2.00000 para noduloav(07)
Mensaje D / 00:00:04:000 / fibraderecha(08) / 00:00:02:000 para noduloav(07)
Mensaje Y / 00:00:04:000 / fibraizquierda(09) / conduccion_out /      2.00000 para noduloav(07)
Mensaje D / 00:00:04:000 / fibraizquierda(09) / 00:00:02:000 para noduloav(07)
Mensaje D / 00:00:04:000 / noduloav(07) / 00:00:02:000 para top(01)
Mensaje D / 00:00:04:000 / top(01) / 00:00:00:000 para Root(00)
Mensaje * / 00:00:04:000 / Root(00) para top(01)
Mensaje * / 00:00:04:000 / top(01) para conduccionauricular(04)
Mensaje * / 00:00:04:000 / conduccionauricular(04) para fibraauricular2(06)
Mensaje Y / 00:00:04:000 / fibraauricular2(06) / impulso_out /      1.00000 para conduccionauricular(04)
Mensaje D / 00:00:04:000 / fibraauricular2(06) / 00:00:04:000 para conduccionauricular(04)
Mensaje Y / 00:00:04:000 / conduccionauricular(04) / impulso /      1.00000 para top(01)
Mensaje X / 00:00:04:000 / conduccionauricular(04) / impulso_in /      1.00000 para fibraauricular1(05)
Mensaje Y / 00:00:04:000 / top(01) / fin_onda_p /      1.00000 para Root(00)
Mensaje X / 00:00:04:000 / top(01) / impulso_in /      1.00000 para noduloav(07)
Mensaje D / 00:00:04:000 / fibraauricular1(05) / 00:00:04:000 para conduccionauricular(04)
Mensaje X / 00:00:04:000 / noduloav(07) / impulso_in /      1.00000 para fibraderecha(08)
Mensaje X / 00:00:04:000 / noduloav(07) / impulso_in /      1.00000 para fibraizquierda(09)
Mensaje D / 00:00:04:000 / conduccionauricular(04) / 00:00:04:000 para top(01)
Mensaje D / 00:00:04:000 / fibraderecha(08) / 00:00:02:000 para noduloav(07)
Mensaje D / 00:00:04:000 / fibraizquierda(09) / 00:00:02:000 para noduloav(07)
Mensaje D / 00:00:04:000 / noduloav(07) / 00:00:02:000 para top(01)
Mensaje D / 00:00:04:000 / top(01) / 00:00:02:000 para Root(00)
Mensaje * / 00:00:06:000 / Root(00) para top(01)
Mensaje * / 00:00:06:000 / top(01) para nodulosinusal(02)
Mensaje D / 00:00:06:000 / nodulosinusal(02) / 00:00:02:000 para top(01)
Mensaje D / 00:00:06:000 / top(01) / 00:00:00:000 para Root(00)
Mensaje * / 00:00:06:000 / Root(00) para top(01)
Mensaje * / 00:00:06:000 / top(01) para impulsoaleatorio(03)
Mensaje D / 00:00:06:000 / impulsoaleatorio(03) / 00:00:02:000 para top(01)
Mensaje D / 00:00:06:000 / top(01) / 00:00:00:000 para Root(00)
Mensaje * / 00:00:06:000 / Root(00) para top(01)
Mensaje * / 00:00:06:000 / top(01) para noduloav(07)
Mensaje * / 00:00:06:000 / noduloav(07) para fibraderecha(08)
Mensaje Y / 00:00:06:000 / fibraderecha(08) / impulso_out /      1.00000 para noduloav(07)
Mensaje D / 00:00:06:000 / fibraderecha(08) / 00:00:04:000 para noduloav(07)
Mensaje Y / 00:00:06:000 / noduloav(07) / impulso /      1.00000 para top(01)
Mensaje D / 00:00:06:000 / noduloav(07) / 00:00:00:000 para top(01)
Mensaje X / 00:00:06:000 / top(01) / impulso_in /      1.00000 para hazdehis(10)
Mensaje Y / 00:00:06:000 / hazdehis(10) / impulso_out /      1.00000 para top(01)
Mensaje D / 00:00:06:000 / hazdehis(10) / 00:00:02:000 para top(01)
Mensaje X / 00:00:06:000 / top(01) / impulso_in /      1.00000 para conduccionventricular(11)
Mensaje X / 00:00:06:000 / conduccionventricular(11) / impulso_in /      1.00000 para ramaderecha(12)
Mensaje X / 00:00:06:000 / conduccionventricular(11) / impulso_in /      1.00000 para ramaizquierda(13)
Mensaje Y / 00:00:06:000 / ramaderecha(12) / bloqueo_out /      3.00000 para conduccionventricular(11)
Mensaje D / 00:00:06:000 / ramaderecha(12) / ... para conduccionventricular(11)
Mensaje Y / 00:00:06:000 / ramaizquierda(13) / conduccion_out /      2.00000 para conduccionventricular(11)
Mensaje D / 00:00:06:000 / ramaizquierda(13) / 00:00:01:000 para conduccionventricular(11)
Mensaje Y / 00:00:06:000 / conduccionventricular(11) / bloqueo_rama_derecha /      3.00000 para top(01)
Mensaje D / 00:00:06:000 / conduccionventricular(11) / 00:00:01:000 para top(01)
Mensaje Y / 00:00:06:000 / top(01) / falla_rama_derecha /      3.00000 para Root(00)
Mensaje D / 00:00:06:000 / top(01) / 00:00:00:000 para Root(00)
Mensaje * / 00:00:06:000 / Root(00) para top(01)
Mensaje * / 00:00:06:000 / top(01) para noduloav(07)
Mensaje * / 00:00:06:000 / noduloav(07) para fibraizquierda(09)
Mensaje Y / 00:00:06:000 / fibraizquierda(09) / impulso_out /      1.00000 para noduloav(07)
Mensaje D / 00:00:06:000 / fibraizquierda(09) / 00:00:04:000 para noduloav(07)
Mensaje Y / 00:00:06:000 / noduloav(07) / impulso /      1.00000 para top(01)
Mensaje D / 00:00:06:000 / noduloav(07) / 00:00:04:000 para top(01)
Mensaje X / 00:00:06:000 / top(01) / impulso_in /      1.00000 para hazdehis(10)
Mensaje D / 00:00:06:000 / hazdehis(10) / 00:00:02:000 para top(01)
Mensaje D / 00:00:06:000 / top(01) / 00:00:01:000 para Root(00)
Mensaje * / 00:00:07:000 / Root(00) para top(01)
Mensaje * / 00:00:07:000 / top(01) para conduccionventricular(11)
Mensaje * / 00:00:07:000 / conduccionventricular(11) para ramaizquierda(13)
Mensaje Y / 00:00:07:000 / ramaizquierda(13) / impulso_out /      1.00000 para conduccionventricular(11)
Mensaje D / 00:00:07:000 / ramaizquierda(13) / 00:00:04:000 para conduccionventricular(11)
Mensaje Y / 00:00:07:000 / conduccionventricular(11) / qrs /      1.00000 para top(01)
Mensaje D / 00:00:07:000 / conduccionventricular(11) / 00:00:04:000 para top(01)
Mensaje Y / 00:00:07:000 / top(01) / onda_qrs /      1.00000 para Root(00)
Mensaje D / 00:00:07:000 / top(01) / 00:00:01:000 para Root(00)
Mensaje * / 00:00:08:000 / Root(00) para top(01)
Mensaje * / 00:00:08:000 / top(01) para nodulosinusal(02)
Mensaje Y / 00:00:08:000 / nodulosinusal(02) / impulso_out /      1.00000 para top(01)
Mensaje D / 00:00:08:000 / nodulosinusal(02) / 00:00:02:000 para top(01)
Mensaje Y / 00:00:08:000 / top(01) / impulso_inicial /      1.00000 para Root(00)
Mensaje X / 00:00:08:000 / top(01) / impulso_sinusal /      1.00000 para conduccionauricular(04)
Mensaje X / 00:00:08:000 / conduccionauricular(04) / impulso_in /      1.00000 para fibraauricular1(05)
Mensaje D / 00:00:08:000 / fibraauricular1(05) / 00:00:00:000 para conduccionauricular(04)
Mensaje D / 00:00:08:000 / conduccionauricular(04) / 00:00:00:000 para top(01)
Mensaje D / 00:00:08:000 / top(01) / 00:00:00:000 para Root(00)
Mensaje * / 00:00:08:000 / Root(00) para top(01)
Mensaje * / 00:00:08:000 / top(01) para impulsoaleatorio(03)
Mensaje D / 00:00:08:000 / impulsoaleatorio(03) / 00:00:02:000 para top(01)
Mensaje D / 00:00:08:000 / top(01) / 00:00:00:000 para Root(00)
Mensaje * / 00:00:08:000 / Root(00) para top(01)
Mensaje * / 00:00:08:000 / top(01) para conduccionauricular(04)
Mensaje * / 00:00:08:000 / conduccionauricular(04) para fibraauricular1(05)
Mensaje D / 00:00:08:000 / fibraauricular1(05) / ... para conduccionauricular(04)
Mensaje D / 00:00:08:000 / conduccionauricular(04) / 00:00:00:000 para top(01)
Mensaje D / 00:00:08:000 / top(01) / 00:00:00:000 para Root(00)
Mensaje * / 00:00:08:000 / Root(00) para top(01)
Mensaje * / 00:00:08:000 / top(01) para conduccionauricular(04)
Mensaje * / 00:00:08:000 / conduccionauricular(04) para fibraauricular2(06)
Mensaje D / 00:00:08:000 / fibraauricular2(06) / ... para conduccionauricular(04)
Mensaje D / 00:00:08:000 / conduccionauricular(04) / ... para top(01)
Mensaje D / 00:00:08:000 / top(01) / 00:00:00:000 para Root(00)
Mensaje * / 00:00:08:000 / Root(00) para top(01)
Mensaje * / 00:00:08:000 / top(01) para hazdehis(10)
Mensaje D / 00:00:08:000 / hazdehis(10) / ... para top(01)
Mensaje D / 00:00:08:000 / top(01) / 00:00:02:000 para Root(00)
Mensaje * / 00:00:10:000 / Root(00) para top(01)
Mensaje * / 00:00:10:000 / top(01) para nodulosinusal(02)
Mensaje D / 00:00:10:000 / nodulosinusal(02) / 00:00:02:000 para top(01)
Mensaje D / 00:00:10:000 / top(01) / 00:00:00:000 para Root(00)
Mensaje * / 00:00:10:000 / Root(00) para top(01)
Mensaje * / 00:00:10:000 / top(01) para impulsoaleatorio(03)
Mensaje D / 00:00:10:000 / impulsoaleatorio(03) / 00:00:02:000 para top(01)
Mensaje D / 00:00:10:000 / top(01) / 00:00:00:000 para Root(00)
Mensaje * / 00:00:10:000 / Root(00) para top(01)
Mensaje * / 00:00:10:000 / top(01) para noduloav(07)
Mensaje * / 00:00:10:000 / noduloav(07) para fibraderecha(08)
Mensaje D / 00:00:10:000 / fibraderecha(08) / ... para noduloav(07)
Mensaje D / 00:00:10:000 / noduloav(07) / 00:00:00:000 para top(01)
Mensaje D / 00:00:10:000 / top(01) / 00:00:00:000 para Root(00)
Mensaje * / 00:00:10:000 / Root(00) para top(01)
Mensaje * / 00:00:10:000 / top(01) para noduloav(07)
Mensaje * / 00:00:10:000 / noduloav(07) para fibraizquierda(09)
Mensaje D / 00:00:10:000 / fibraizquierda(09) / ... para noduloav(07)
Mensaje D / 00:00:10:000 / noduloav(07) / ... para top(01)
Mensaje D / 00:00:10:000 / top(01) / 00:00:01:000 para Root(00)
Mensaje * / 00:00:11:000 / Root(00) para top(01)
Mensaje * / 00:00:11:000 / top(01) para conduccionventricular(11)
Mensaje * / 00:00:11:000 / conduccionventricular(11) para ramaizquierda(13)
Mensaje D / 00:00:11:000 / ramaizquierda(13) / ... para conduccionventricular(11)
Mensaje D / 00:00:11:000 / conduccionventricular(11) / ... para top(01)
Mensaje D / 00:00:11:000 / top(01) / 00:00:01:000 para Root(00)
Mensaje * / 00:00:12:000 / Root(00) para top(01)
Mensaje * / 00:00:12:000 / top(01) para nodulosinusal(02)
Mensaje D / 00:00:12:000 / nodulosinusal(02) / 00:00:02:000 para top(01)
Mensaje D / 00:00:12:000 / top(01) / 00:00:00:000 para Root(00)
Mensaje * / 00:00:12:000 / Root(00) para top(01)
Mensaje * / 00:00:12:000 / top(01) para impulsoaleatorio(03)
Mensaje D / 00:00:12:000 / impulsoaleatorio(03) / 00:00:02:000 para top(01)
Mensaje D / 00:00:12:000 / top(01) / 00:00:02:000 para Root(00)
Mensaje * / 00:00:14:000 / Root(00) para top(01)
Mensaje * / 00:00:14:000 / top(01) para nodulosinusal(02)
Mensaje Y / 00:00:14:000 / nodulosinusal(02) / impulso_out /      1.00000 para top(01)
Mensaje D / 00:00:14:000 / nodulosinusal(02) / 00:00:02:000 para top(01)
Mensaje Y / 00:00:14:000 / top(01) / impulso_inicial /      1.00000 para Root(00)
Mensaje X / 00:00:14:000 / top(01) / impulso_sinusal /      1.00000 para conduccionauricular(04)
Mensaje X / 00:00:14:000 / conduccionauricular(04) / impulso_in /      1.00000 para fibraauricular1(05)
Mensaje Y / 00:00:14:000 / fibraauricular1(05) / conduccion_out /      2.00000 para conduccionauricular(04)
Mensaje D / 00:00:14:000 / fibraauricular1(05) / 00:00:02:000 para conduccionauricular(04)
Mensaje Y / 00:00:14:000 / conduccionauricular(04) / conduccion /      2.00000 para top(01)
Mensaje D / 00:00:14:000 / conduccionauricular(04) / 00:00:02:000 para top(01)
Mensaje Y / 00:00:14:000 / top(01) / inicio_onda_p /      2.00000 para Root(00)
Mensaje D / 00:00:14:000 / top(01) / 00:00:00:000 para Root(00)
Mensaje * / 00:00:14:000 / Root(00) para top(01)
Mensaje * / 00:00:14:000 / top(01) para impulsoaleatorio(03)
Mensaje D / 00:00:14:000 / impulsoaleatorio(03) / 00:00:02:000 para top(01)
Mensaje D / 00:00:14:000 / top(01) / 00:00:02:000 para Root(00)
Mensaje * / 00:00:16:000 / Root(00) para top(01)
Mensaje * / 00:00:16:000 / top(01) para nodulosinusal(02)
Mensaje Y / 00:00:16:000 / nodulosinusal(02) / impulso_out /      1.00000 para top(01)
Mensaje D / 00:00:16:000 / nodulosinusal(02) / 00:00:02:000 para top(01)
Mensaje Y / 00:00:16:000 / top(01) / impulso_inicial /      1.00000 para Root(00)
Mensaje X / 00:00:16:000 / top(01) / impulso_sinusal /      1.00000 para conduccionauricular(04)
Mensaje X / 00:00:16:000 / conduccionauricular(04) / impulso_in /      1.00000 para fibraauricular1(05)
Mensaje D / 00:00:16:000 / fibraauricular1(05) / 00:00:00:000 para conduccionauricular(04)
Mensaje D / 00:00:16:000 / conduccionauricular(04) / 00:00:00:000 para top(01)
Mensaje D / 00:00:16:000 / top(01) / 00:00:00:000 para Root(00)
Mensaje * / 00:00:16:000 / Root(00) para top(01)
Mensaje * / 00:00:16:000 / top(01) para impulsoaleatorio(03)
Mensaje D / 00:00:16:000 / impulsoaleatorio(03) / 00:00:02:000 para top(01)
Mensaje D / 00:00:16:000 / top(01) / 00:00:00:000 para Root(00)
Mensaje * / 00:00:16:000 / Root(00) para top(01)
Mensaje * / 00:00:16:000 / top(01) para conduccionauricular(04)
Mensaje * / 00:00:16:000 / conduccionauricular(04) para fibraauricular1(05)
Mensaje Y / 00:00:16:000 / fibraauricular1(05) / impulso_out /      1.00000 para conduccionauricular(04)
Mensaje D / 00:00:16:000 / fibraauricular1(05) / 00:00:04:000 para conduccionauricular(04)
Mensaje Y / 00:00:16:000 / conduccionauricular(04) / impulso /      1.00000 para top(01)
Mensaje X / 00:00:16:000 / conduccionauricular(04) / impulso_in /      1.00000 para fibraauricular2(06)
Mensaje Y / 00:00:16:000 / top(01) / fin_onda_p /      1.00000 para Root(00)
Mensaje X / 00:00:16:000 / top(01) / impulso_in /      1.00000 para noduloav(07)
Mensaje Y / 00:00:16:000 / fibraauricular2(06) / conduccion_out /      2.00000 para conduccionauricular(04)
Mensaje D / 00:00:16:000 / fibraauricular2(06) / 00:00:02:000 para conduccionauricular(04)
Mensaje X / 00:00:16:000 / noduloav(07) / impulso_in /      1.00000 para fibraderecha(08)
Mensaje X / 00:00:16:000 / noduloav(07) / impulso_in /      1.00000 para fibraizquierda(09)
Mensaje Y / 00:00:16:000 / conduccionauricular(04) / conduccion /      2.00000 para top(01)
Mensaje D / 00:00:16:000 / conduccionauricular(04) / 00:00:02:000 para top(01)
Mensaje Y / 00:00:16:000 / fibraderecha(08) / conduccion_out /      2.00000 para noduloav(07)
Mensaje D / 00:00:16:000 / fibraderecha(08) / 00:00:02:000 para noduloav(07)
Mensaje Y / 00:00:16:000 / fibraizquierda(09) / conduccion_out /      2.00000 para noduloav(07)
Mensaje D / 00:00:16:000 / fibraizquierda(09) / 00:00:02:000 para noduloav(07)
Mensaje Y / 00:00:16:000 / top(01) / inicio_onda_p /      2.00000 para Root(00)
Mensaje D / 00:00:16:000 / noduloav(07) / 00:00:02:000 para top(01)
Mensaje D / 00:00:16:000 / top(01) / 00:00:02:000 para Root(00)
Mensaje * / 00:00:18:000 / Root(00) para top(01)
Mensaje * / 00:00:18:000 / top(01) para nodulosinusal(02)
Mensaje D / 00:00:18:000 / nodulosinusal(02) / 00:00:02:000 para top(01)
Mensaje D / 00:00:18:000 / top(01) / 00:00:00:000 para Root(00)
Mensaje * / 00:00:18:000 / Root(00) para top(01)
Mensaje * / 00:00:18:000 / top(01) para impulsoaleatorio(03)
Mensaje D / 00:00:18:000 / impulsoaleatorio(03) / 00:00:02:000 para top(01)
Mensaje D / 00:00:18:000 / top(01) / 00:00:00:000 para Root(00)
Mensaje * / 00:00:18:000 / Root(00) para top(01)
Mensaje * / 00:00:18:000 / top(01) para conduccionauricular(04)
Mensaje * / 00:00:18:000 / conduccionauricular(04) para fibraauricular2(06)
Mensaje Y / 00:00:18:000 / fibraauricular2(06) / impulso_out /      1.00000 para conduccionauricular(04)
Mensaje D / 00:00:18:000 / fibraauricular2(06) / 00:00:04:000 para conduccionauricular(04)
Mensaje Y / 00:00:18:000 / conduccionauricular(04) / impulso /      1.00000 para top(01)
Mensaje X / 00:00:18:000 / conduccionauricular(04) / impulso_in /      1.00000 para fibraauricular1(05)
Mensaje Y / 00:00:18:000 / top(01) / fin_onda_p /      1.00000 para Root(00)
Mensaje X / 00:00:18:000 / top(01) / impulso_in /      1.00000 para noduloav(07)
Mensaje D / 00:00:18:000 / fibraauricular1(05) / 00:00:02:000 para conduccionauricular(04)
Mensaje X / 00:00:18:000 / noduloav(07) / impulso_in /      1.00000 para fibraderecha(08)
Mensaje X / 00:00:18:000 / noduloav(07) / impulso_in /      1.00000 para fibraizquierda(09)
Mensaje D / 00:00:18:000 / conduccionauricular(04) / 00:00:02:000 para top(01)
Mensaje D / 00:00:18:000 / fibraderecha(08) / 00:00:00:000 para noduloav(07)
Mensaje D / 00:00:18:000 / fibraizquierda(09) / 00:00:00:000 para noduloav(07)
Mensaje D / 00:00:18:000 / noduloav(07) / 00:00:00:000 para top(01)
Mensaje D / 00:00:18:000 / top(01) / 00:00:00:000 para Root(00)
Mensaje * / 00:00:18:000 / Root(00) para top(01)
Mensaje * / 00:00:18:000 / top(01) para noduloav(07)
Mensaje * / 00:00:18:000 / noduloav(07) para fibraderecha(08)
Mensaje Y / 00:00:18:000 / fibraderecha(08) / impulso_out /      1.00000 para noduloav(07)
Mensaje D / 00:00:18:000 / fibraderecha(08) / 00:00:04:000 para noduloav(07)
Mensaje Y / 00:00:18:000 / noduloav(07) / impulso /      1.00000 para top(01)
Mensaje D / 00:00:18:000 / noduloav(07) / 00:00:00:000 para top(01)
Mensaje X / 00:00:18:000 / top(01) / impulso_in /      1.00000 para hazdehis(10)
Mensaje Y / 00:00:18:000 / hazdehis(10) / impulso_out /      1.00000 para top(01)
Mensaje D / 00:00:18:000 / hazdehis(10) / 00:00:02:000 para top(01)
Mensaje X / 00:00:18:000 / top(01) / impulso_in /      1.00000 para conduccionventricular(11)
Mensaje X / 00:00:18:000 / conduccionventricular(11) / impulso_in /      1.00000 para ramaderecha(12)
Mensaje X / 00:00:18:000 / conduccionventricular(11) / impulso_in /      1.00000 para ramaizquierda(13)
Mensaje Y / 00:00:18:000 / ramaderecha(12) / conduccion_out /      2.00000 para conduccionventricular(11)
Mensaje D / 00:00:18:000 / ramaderecha(12) / 00:00:01:000 para conduccionventricular(11)
Mensaje Y / 00:00:18:000 / ramaizquierda(13) / conduccion_out /      2.00000 para conduccionventricular(11)
Mensaje D / 00:00:18:000 / ramaizquierda(13) / 00:00:01:000 para conduccionventricular(11)
Mensaje D / 00:00:18:000 / conduccionventricular(11) / 00:00:01:000 para top(01)
Mensaje D / 00:00:18:000 / top(01) / 00:00:00:000 para Root(00)
Mensaje * / 00:00:18:000 / Root(00) para top(01)
Mensaje * / 00:00:18:000 / top(01) para noduloav(07)
Mensaje * / 00:00:18:000 / noduloav(07) para fibraizquierda(09)
Mensaje Y / 00:00:18:000 / fibraizquierda(09) / impulso_out /      1.00000 para noduloav(07)
Mensaje D / 00:00:18:000 / fibraizquierda(09) / 00:00:04:000 para noduloav(07)
Mensaje Y / 00:00:18:000 / noduloav(07) / impulso /      1.00000 para top(01)
Mensaje D / 00:00:18:000 / noduloav(07) / 00:00:04:000 para top(01)
Mensaje X / 00:00:18:000 / top(01) / impulso_in /      1.00000 para hazdehis(10)
Mensaje D / 00:00:18:000 / hazdehis(10) / 00:00:02:000 para top(01)
Mensaje D / 00:00:18:000 / top(01) / 00:00:01:000 para Root(00)
Mensaje * / 00:00:19:000 / Root(00) para top(01)
Mensaje * / 00:00:19:000 / top(01) para conduccionventricular(11)
Mensaje * / 00:00:19:000 / conduccionventricular(11) para ramaderecha(12)
Mensaje Y / 00:00:19:000 / ramaderecha(12) / impulso_out /      1.00000 para conduccionventricular(11)
Mensaje D / 00:00:19:000 / ramaderecha(12) / 00:00:02:000 para conduccionventricular(11)
Mensaje Y / 00:00:19:000 / conduccionventricular(11) / qrs /      1.00000 para top(01)
Mensaje D / 00:00:19:000 / conduccionventricular(11) / 00:00:00:000 para top(01)
Mensaje Y / 00:00:19:000 / top(01) / onda_qrs /      1.00000 para Root(00)
Mensaje D / 00:00:19:000 / top(01) / 00:00:00:000 para Root(00)
Mensaje * / 00:00:19:000 / Root(00) para top(01)
Mensaje * / 00:00:19:000 / top(01) para conduccionventricular(11)
Mensaje * / 00:00:19:000 / conduccionventricular(11) para ramaizquierda(13)
Mensaje Y / 00:00:19:000 / ramaizquierda(13) / impulso_out /      1.00000 para conduccionventricular(11)
Mensaje D / 00:00:19:000 / ramaizquierda(13) / 00:00:04:000 para conduccionventricular(11)
Mensaje Y / 00:00:19:000 / conduccionventricular(11) / qrs /      1.00000 para top(01)
Mensaje D / 00:00:19:000 / conduccionventricular(11) / 00:00:02:000 para top(01)
Mensaje Y / 00:00:19:000 / top(01) / onda_qrs /      1.00000 para Root(00)
Mensaje D / 00:00:19:000 / top(01) / 00:00:01:000 para Root(00)
Mensaje * / 00:00:20:000 / Root(00) para top(01)
Mensaje * / 00:00:20:000 / top(01) para nodulosinusal(02)
Mensaje D / 00:00:20:000 / nodulosinusal(02) / 00:00:02:000 para top(01)
Mensaje D / 00:00:20:000 / top(01) / 00:00:00:000 para Root(00)
Mensaje * / 00:00:20:000 / Root(00) para top(01)
Mensaje * / 00:00:20:000 / top(01) para impulsoaleatorio(03)
Mensaje D / 00:00:20:000 / impulsoaleatorio(03) / 00:00:02:000 para top(01)
Mensaje D / 00:00:20:000 / top(01) / 00:00:00:000 para Root(00)
Mensaje * / 00:00:20:000 / Root(00) para top(01)
Mensaje * / 00:00:20:000 / top(01) para conduccionauricular(04)
Mensaje * / 00:00:20:000 / conduccionauricular(04) para fibraauricular1(05)
Mensaje D / 00:00:20:000 / fibraauricular1(05) / ... para conduccionauricular(04)
Mensaje D / 00:00:20:000 / conduccionauricular(04) / 00:00:02:000 para top(01)
Mensaje D / 00:00:20:000 / top(01) / 00:00:00:000 para Root(00)
Mensaje * / 00:00:20:000 / Root(00) para top(01)
Mensaje * / 00:00:20:000 / top(01) para hazdehis(10)
Mensaje D / 00:00:20:000 / hazdehis(10) / ... para top(01)
Mensaje D / 00:00:20:000 / top(01) / 00:00:01:000 para Root(00)
Mensaje * / 00:00:21:000 / Root(00) para top(01)
Mensaje * / 00:00:21:000 / top(01) para conduccionventricular(11)
Mensaje * / 00:00:21:000 / conduccionventricular(11) para ramaderecha(12)
Mensaje D / 00:00:21:000 / ramaderecha(12) / ... para conduccionventricular(11)
Mensaje D / 00:00:21:000 / conduccionventricular(11) / 00:00:02:000 para top(01)
Mensaje D / 00:00:21:000 / top(01) / 00:00:01:000 para Root(00)
Mensaje * / 00:00:22:000 / Root(00) para top(01)
Mensaje * / 00:00:22:000 / top(01) para nodulosinusal(02)
Mensaje Y / 00:00:22:000 / nodulosinusal(02) / impulso_out /      1.00000 para top(01)
Mensaje D / 00:00:22:000 / nodulosinusal(02) / 00:00:02:000 para top(01)
Mensaje Y / 00:00:22:000 / top(01) / impulso_inicial /      1.00000 para Root(00)
Mensaje X / 00:00:22:000 / top(01) / impulso_sinusal /      1.00000 para conduccionauricular(04)
Mensaje X / 00:00:22:000 / conduccionauricular(04) / impulso_in /      1.00000 para fibraauricular1(05)
Mensaje Y / 00:00:22:000 / fibraauricular1(05) / conduccion_out /      2.00000 para conduccionauricular(04)
Mensaje D / 00:00:22:000 / fibraauricular1(05) / 00:00:02:000 para conduccionauricular(04)
Mensaje Y / 00:00:22:000 / conduccionauricular(04) / conduccion /      2.00000 para top(01)
Mensaje D / 00:00:22:000 / conduccionauricular(04) / 00:00:00:000 para top(01)
Mensaje Y / 00:00:22:000 / top(01) / inicio_onda_p /      2.00000 para Root(00)
Mensaje D / 00:00:22:000 / top(01) / 00:00:00:000 para Root(00)
Mensaje * / 00:00:22:000 / Root(00) para top(01)
Mensaje * / 00:00:22:000 / top(01) para impulsoaleatorio(03)
Mensaje D / 00:00:22:000 / impulsoaleatorio(03) / 00:00:02:000 para top(01)
Mensaje D / 00:00:22:000 / top(01) / 00:00:00:000 para Root(00)
Mensaje * / 00:00:22:000 / Root(00) para top(01)
Mensaje * / 00:00:22:000 / top(01) para conduccionauricular(04)
Mensaje * / 00:00:22:000 / conduccionauricular(04) para fibraauricular2(06)
Mensaje D / 00:00:22:000 / fibraauricular2(06) / ... para conduccionauricular(04)
Mensaje D / 00:00:22:000 / conduccionauricular(04) / 00:00:02:000 para top(01)
Mensaje D / 00:00:22:000 / top(01) / 00:00:00:000 para Root(00)
Mensaje * / 00:00:22:000 / Root(00) para top(01)
Mensaje * / 00:00:22:000 / top(01) para noduloav(07)
Mensaje * / 00:00:22:000 / noduloav(07) para fibraderecha(08)
Mensaje D / 00:00:22:000 / fibraderecha(08) / ... para noduloav(07)
Mensaje D / 00:00:22:000 / noduloav(07) / 00:00:00:000 para top(01)
Mensaje D / 00:00:22:000 / top(01) / 00:00:00:000 para Root(00)
Mensaje * / 00:00:22:000 / Root(00) para top(01)
Mensaje * / 00:00:22:000 / top(01) para noduloav(07)
Mensaje * / 00:00:22:000 / noduloav(07) para fibraizquierda(09)
Mensaje D / 00:00:22:000 / fibraizquierda(09) / ... para noduloav(07)
Mensaje D / 00:00:22:000 / noduloav(07) / ... para top(01)
Mensaje D / 00:00:22:000 / top(01) / 00:00:01:000 para Root(00)
Mensaje * / 00:00:23:000 / Root(00) para top(01)
Mensaje * / 00:00:23:000 / top(01) para conduccionventricular(11)
Mensaje * / 00:00:23:000 / conduccionventricular(11) para ramaizquierda(13)
Mensaje D / 00:00:23:000 / ramaizquierda(13) / ... para conduccionventricular(11)
Mensaje D / 00:00:23:000 / conduccionventricular(11) / ... para top(01)
Mensaje D / 00:00:23:000 / top(01) / 00:00:01:000 para Root(00)
Mensaje * / 00:00:24:000 / Root(00) para top(01)
Mensaje * / 00:00:24:000 / top(01) para nodulosinusal(02)
Mensaje D / 00:00:24:000 / nodulosinusal(02) / 00:00:02:000 para top(01)
Mensaje D / 00:00:24:000 / top(01) / 00:00:00:000 para Root(00)
Mensaje * / 00:00:24:000 / Root(00) para top(01)
Mensaje * / 00:00:24:000 / top(01) para impulsoaleatorio(03)
Mensaje D / 00:00:24:000 / impulsoaleatorio(03) / 00:00:02:000 para top(01)
Mensaje D / 00:00:24:000 / top(01) / 00:00:00:000 para Root(00)
Mensaje * / 00:00:24:000 / Root(00) para top(01)
Mensaje * / 00:00:24:000 / top(01) para conduccionauricular(04)
Mensaje * / 00:00:24:000 / conduccionauricular(04) para fibraauricular1(05)
Mensaje Y / 00:00:24:000 / fibraauricular1(05) / impulso_out /      1.00000 para conduccionauricular(04)
Mensaje D / 00:00:24:000 / fibraauricular1(05) / 00:00:04:000 para conduccionauricular(04)
Mensaje Y / 00:00:24:000 / conduccionauricular(04) / impulso /      1.00000 para top(01)
Mensaje X / 00:00:24:000 / conduccionauricular(04) / impulso_in /      1.00000 para fibraauricular2(06)
Mensaje Y / 00:00:24:000 / top(01) / fin_onda_p /      1.00000 para Root(00)
Mensaje X / 00:00:24:000 / top(01) / impulso_in /      1.00000 para noduloav(07)
Mensaje Y / 00:00:24:000 / fibraauricular2(06) / conduccion_out /      2.00000 para conduccionauricular(04)
Mensaje D / 00:00:24:000 / fibraauricular2(06) / 00:00:02:000 para conduccionauricular(04)
Mensaje X / 00:00:24:000 / noduloav(07) / impulso_in /      1.00000 para fibraderecha(08)
Mensaje X / 00:00:24:000 / noduloav(07) / impulso_in /      1.00000 para fibraizquierda(09)
Mensaje Y / 00:00:24:000 / conduccionauricular(04) / conduccion /      2.00000 para top(01)
Mensaje D / 00:00:24:000 / conduccionauricular(04) / 00:00:02:000 para top(01)
Mensaje Y / 00:00:24:000 / fibraderecha(08) / conduccion_out /      2.00000 para noduloav(07)
Mensaje D / 00:00:24:000 / fibraderecha(08) / 00:00:02:000 para noduloav(07)
Mensaje Y / 00:00:24:000 / fibraizquierda(09) / conduccion_out /      2.00000 para noduloav(07)
Mensaje D / 00:00:24:000 / fibraizquierda(09) / 00:00:02:000 para noduloav(07)
Mensaje Y / 00:00:24:000 / top(01) / inicio_onda_p /      2.00000 para Root(00)
Mensaje D / 00:00:24:000 / noduloav(07) / 00:00:02:000 para top(01)
Mensaje D / 00:00:24:000 / top(01) / 00:00:02:000 para Root(00)
Mensaje * / 00:00:26:000 / Root(00) para top(01)
Mensaje * / 00:00:26:000 / top(01) para nodulosinusal(02)
Mensaje D / 00:00:26:000 / nodulosinusal(02) / 00:00:02:000 para top(01)
Mensaje D / 00:00:26:000 / top(01) / 00:00:00:000 para Root(00)
Mensaje * / 00:00:26:000 / Root(00) para top(01)
Mensaje * / 00:00:26:000 / top(01) para impulsoaleatorio(03)
Mensaje D / 00:00:26:000 / impulsoaleatorio(03) / 00:00:02:000 para top(01)
Mensaje D / 00:00:26:000 / top(01) / 00:00:00:000 para Root(00)
Mensaje * / 00:00:26:000 / Root(00) para top(01)
Mensaje * / 00:00:26:000 / top(01) para conduccionauricular(04)
Mensaje * / 00:00:26:000 / conduccionauricular(04) para fibraauricular2(06)
Mensaje Y / 00:00:26:000 / fibraauricular2(06) / impulso_out /      1.00000 para conduccionauricular(04)
Mensaje D / 00:00:26:000 / fibraauricular2(06) / 00:00:04:000 para conduccionauricular(04)
Mensaje Y / 00:00:26:000 / conduccionauricular(04) / impulso /      1.00000 para top(01)
Mensaje X / 00:00:26:000 / conduccionauricular(04) / impulso_in /      1.00000 para fibraauricular1(05)
Mensaje Y / 00:00:26:000 / top(01) / fin_onda_p /      1.00000 para Root(00)
Mensaje X / 00:00:26:000 / top(01) / impulso_in /      1.00000 para noduloav(07)
Mensaje D / 00:00:26:000 / fibraauricular1(05) / 00:00:02:000 para conduccionauricular(04)
Mensaje X / 00:00:26:000 / noduloav(07) / impulso_in /      1.00000 para fibraderecha(08)
Mensaje X / 00:00:26:000 / noduloav(07) / impulso_in /      1.00000 para fibraizquierda(09)
Mensaje D / 00:00:26:000 / conduccionauricular(04) / 00:00:02:000 para top(01)
Mensaje D / 00:00:26:000 / fibraderecha(08) / 00:00:00:000 para noduloav(07)
Mensaje D / 00:00:26:000 / fibraizquierda(09) / 00:00:00:000 para noduloav(07)
Mensaje D / 00:00:26:000 / noduloav(07) / 00:00:00:000 para top(01)
Mensaje D / 00:00:26:000 / top(01) / 00:00:00:000 para Root(00)
Mensaje * / 00:00:26:000 / Root(00) para top(01)
Mensaje * / 00:00:26:000 / top(01) para noduloav(07)
Mensaje * / 00:00:26:000 / noduloav(07) para fibraderecha(08)
Mensaje Y / 00:00:26:000 / fibraderecha(08) / impulso_out /      1.00000 para noduloav(07)
Mensaje D / 00:00:26:000 / fibraderecha(08) / 00:00:04:000 para noduloav(07)
Mensaje Y / 00:00:26:000 / noduloav(07) / impulso /      1.00000 para top(01)
Mensaje D / 00:00:26:000 / noduloav(07) / 00:00:00:000 para top(01)
Mensaje X / 00:00:26:000 / top(01) / impulso_in /      1.00000 para hazdehis(10)
Mensaje Y / 00:00:26:000 / hazdehis(10) / impulso_out /      1.00000 para top(01)
Mensaje D / 00:00:26:000 / hazdehis(10) / 00:00:02:000 para top(01)
Mensaje X / 00:00:26:000 / top(01) / impulso_in /      1.00000 para conduccionventricular(11)
Mensaje X / 00:00:26:000 / conduccionventricular(11) / impulso_in /      1.00000 para ramaderecha(12)
Mensaje X / 00:00:26:000 / conduccionventricular(11) / impulso_in /      1.00000 para ramaizquierda(13)
Mensaje Y / 00:00:26:000 / ramaderecha(12) / bloqueo_out /      3.00000 para conduccionventricular(11)
Mensaje D / 00:00:26:000 / ramaderecha(12) / ... para conduccionventricular(11)
Mensaje Y / 00:00:26:000 / ramaizquierda(13) / conduccion_out /      2.00000 para conduccionventricular(11)
Mensaje D / 00:00:26:000 / ramaizquierda(13) / 00:00:01:000 para conduccionventricular(11)
Mensaje Y / 00:00:26:000 / conduccionventricular(11) / bloqueo_rama_derecha /      3.00000 para top(01)
Mensaje D / 00:00:26:000 / conduccionventricular(11) / 00:00:01:000 para top(01)
Mensaje Y / 00:00:26:000 / top(01) / falla_rama_derecha /      3.00000 para Root(00)
Mensaje D / 00:00:26:000 / top(01) / 00:00:00:000 para Root(00)
Mensaje * / 00:00:26:000 / Root(00) para top(01)
Mensaje * / 00:00:26:000 / top(01) para noduloav(07)
Mensaje * / 00:00:26:000 / noduloav(07) para fibraizquierda(09)
Mensaje Y / 00:00:26:000 / fibraizquierda(09) / impulso_out /      1.00000 para noduloav(07)
Mensaje D / 00:00:26:000 / fibraizquierda(09) / 00:00:04:000 para noduloav(07)
Mensaje Y / 00:00:26:000 / noduloav(07) / impulso /      1.00000 para top(01)
Mensaje D / 00:00:26:000 / noduloav(07) / 00:00:04:000 para top(01)
Mensaje X / 00:00:26:000 / top(01) / impulso_in /      1.00000 para hazdehis(10)
Mensaje D / 00:00:26:000 / hazdehis(10) / 00:00:02:000 para top(01)
Mensaje D / 00:00:26:000 / top(01) / 00:00:01:000 para Root(00)
Mensaje * / 00:00:27:000 / Root(00) para top(01)
Mensaje * / 00:00:27:000 / top(01) para conduccionventricular(11)
Mensaje * / 00:00:27:000 / conduccionventricular(11) para ramaizquierda(13)
Mensaje Y / 00:00:27:000 / ramaizquierda(13) / impulso_out /      1.00000 para conduccionventricular(11)
Mensaje D / 00:00:27:000 / ramaizquierda(13) / 00:00:04:000 para conduccionventricular(11)
Mensaje Y / 00:00:27:000 / conduccionventricular(11) / qrs /      1.00000 para top(01)
Mensaje D / 00:00:27:000 / conduccionventricular(11) / 00:00:04:000 para top(01)
Mensaje Y / 00:00:27:000 / top(01) / onda_qrs /      1.00000 para Root(00)
Mensaje D / 00:00:27:000 / top(01) / 00:00:01:000 para Root(00)
Mensaje * / 00:00:28:000 / Root(00) para top(01)
Mensaje * / 00:00:28:000 / top(01) para nodulosinusal(02)
Mensaje D / 00:00:28:000 / nodulosinusal(02) / 00:00:02:000 para top(01)
Mensaje D / 00:00:28:000 / top(01) / 00:00:00:000 para Root(00)
Mensaje * / 00:00:28:000 / Root(00) para top(01)
Mensaje * / 00:00:28:000 / top(01) para impulsoaleatorio(03)
Mensaje D / 00:00:28:000 / impulsoaleatorio(03) / 00:00:02:000 para top(01)
Mensaje D / 00:00:28:000 / top(01) / 00:00:00:000 para Root(00)
Mensaje * / 00:00:28:000 / Root(00) para top(01)
Mensaje * / 00:00:28:000 / top(01) para conduccionauricular(04)
Mensaje * / 00:00:28:000 / conduccionauricular(04) para fibraauricular1(05)
Mensaje D / 00:00:28:000 / fibraauricular1(05) / ... para conduccionauricular(04)
Mensaje D / 00:00:28:000 / conduccionauricular(04) / 00:00:02:000 para top(01)
Mensaje D / 00:00:28:000 / top(01) / 00:00:00:000 para Root(00)
Mensaje * / 00:00:28:000 / Root(00) para top(01)
Mensaje * / 00:00:28:000 / top(01) para hazdehis(10)
Mensaje D / 00:00:28:000 / hazdehis(10) / ... para top(01)
Mensaje D / 00:00:28:000 / top(01) / 00:00:02:000 para Root(00)
Mensaje * / 00:00:30:000 / Root(00) para top(01)
Mensaje * / 00:00:30:000 / top(01) para nodulosinusal(02)
Mensaje D / 00:00:30:000 / nodulosinusal(02) / 00:00:02:000 para top(01)
Mensaje D / 00:00:30:000 / top(01) / 00:00:00:000 para Root(00)
Mensaje * / 00:00:30:000 / Root(00) para top(01)
Mensaje * / 00:00:30:000 / top(01) para impulsoaleatorio(03)
Mensaje D / 00:00:30:000 / impulsoaleatorio(03) / 00:00:02:000 para top(01)
Mensaje D / 00:00:30:000 / top(01) / 00:00:00:000 para Root(00)
Mensaje * / 00:00:30:000 / Root(00) para top(01)
Mensaje * / 00:00:30:000 / top(01) para conduccionauricular(04)
Mensaje * / 00:00:30:000 / conduccionauricular(04) para fibraauricular2(06)
Mensaje D / 00:00:30:000 / fibraauricular2(06) / ... para conduccionauricular(04)
Mensaje D / 00:00:30:000 / conduccionauricular(04) / ... para top(01)
Mensaje D / 00:00:30:000 / top(01) / 00:00:00:000 para Root(00)
Mensaje * / 00:00:30:000 / Root(00) para top(01)
Mensaje * / 00:00:30:000 / top(01) para noduloav(07)
Mensaje * / 00:00:30:000 / noduloav(07) para fibraderecha(08)
Mensaje D / 00:00:30:000 / fibraderecha(08) / ... para noduloav(07)
Mensaje D / 00:00:30:000 / noduloav(07) / 00:00:00:000 para top(01)
Mensaje D / 00:00:30:000 / top(01) / 00:00:00:000 para Root(00)
Mensaje * / 00:00:30:000 / Root(00) para top(01)
Mensaje * / 00:00:30:000 / top(01) para noduloav(07)
Mensaje * / 00:00:30:000 / noduloav(07) para fibraizquierda(09)
Mensaje D / 00:00:30:000 / fibraizquierda(09) / ... para noduloav(07)
Mensaje D / 00:00:30:000 / noduloav(07) / ... para top(01)
Mensaje D / 00:00:30:000 / top(01) / 00:00:01:000 para Root(00)
Mensaje * / 00:00:31:000 / Root(00) para top(01)
Mensaje * / 00:00:31:000 / top(01) para conduccionventricular(11)
Mensaje * / 00:00:31:000 / conduccionventricular(11) para ramaizquierda(13)
Mensaje D / 00:00:31:000 / ramaizquierda(13) / ... para conduccionventricular(11)
Mensaje D / 00:00:31:000 / conduccionventricular(11) / ... para top(01)
Mensaje D / 00:00:31:000 / top(01) / 00:00:01:000 para Root(00)
Mensaje * / 00:00:32:000 / Root(00) para top(01)
Mensaje * / 00:00:32:000 / top(01) para nodulosinusal(02)
Mensaje D / 00:00:32:000 / nodulosinusal(02) / 00:00:02:000 para top(01)
Mensaje D / 00:00:32:000 / top(01) / 00:00:00:000 para Root(00)
Mensaje * / 00:00:32:000 / Root(00) para top(01)
Mensaje * / 00:00:32:000 / top(01) para impulsoaleatorio(03)
Mensaje D / 00:00:32:000 / impulsoaleatorio(03) / 00:00:02:000 para top(01)
Mensaje D / 00:00:32:000 / top(01) / 00:00:02:000 para Root(00)
Mensaje * / 00:00:34:000 / Root(00) para top(01)
Mensaje * / 00:00:34:000 / top(01) para nodulosinusal(02)
Mensaje Y / 00:00:34:000 / nodulosinusal(02) / impulso_out /      1.00000 para top(01)
Mensaje D / 00:00:34:000 / nodulosinusal(02) / 00:00:02:000 para top(01)
Mensaje Y / 00:00:34:000 / top(01) / impulso_inicial /      1.00000 para Root(00)
Mensaje X / 00:00:34:000 / top(01) / impulso_sinusal /      1.00000 para conduccionauricular(04)
Mensaje X / 00:00:34:000 / conduccionauricular(04) / impulso_in /      1.00000 para fibraauricular1(05)
Mensaje Y / 00:00:34:000 / fibraauricular1(05) / conduccion_out /      2.00000 para conduccionauricular(04)
Mensaje D / 00:00:34:000 / fibraauricular1(05) / 00:00:02:000 para conduccionauricular(04)
Mensaje Y / 00:00:34:000 / conduccionauricular(04) / conduccion /      2.00000 para top(01)
Mensaje D / 00:00:34:000 / conduccionauricular(04) / 00:00:02:000 para top(01)
Mensaje Y / 00:00:34:000 / top(01) / inicio_onda_p /      2.00000 para Root(00)
Mensaje D / 00:00:34:000 / top(01) / 00:00:00:000 para Root(00)
Mensaje * / 00:00:34:000 / Root(00) para top(01)
Mensaje * / 00:00:34:000 / top(01) para impulsoaleatorio(03)
Mensaje D / 00:00:34:000 / impulsoaleatorio(03) / 00:00:02:000 para top(01)
Mensaje D / 00:00:34:000 / top(01) / 00:00:02:000 para Root(00)
Mensaje * / 00:00:36:000 / Root(00) para top(01)
Mensaje * / 00:00:36:000 / top(01) para nodulosinusal(02)
Mensaje D / 00:00:36:000 / nodulosinusal(02) / 00:00:02:000 para top(01)
Mensaje D / 00:00:36:000 / top(01) / 00:00:00:000 para Root(00)
Mensaje * / 00:00:36:000 / Root(00) para top(01)
Mensaje * / 00:00:36:000 / top(01) para impulsoaleatorio(03)
Mensaje D / 00:00:36:000 / impulsoaleatorio(03) / 00:00:02:000 para top(01)
Mensaje D / 00:00:36:000 / top(01) / 00:00:00:000 para Root(00)
Mensaje * / 00:00:36:000 / Root(00) para top(01)
Mensaje * / 00:00:36:000 / top(01) para conduccionauricular(04)
Mensaje * / 00:00:36:000 / conduccionauricular(04) para fibraauricular1(05)
Mensaje Y / 00:00:36:000 / fibraauricular1(05) / impulso_out /      1.00000 para conduccionauricular(04)
Mensaje D / 00:00:36:000 / fibraauricular1(05) / 00:00:04:000 para conduccionauricular(04)
Mensaje Y / 00:00:36:000 / conduccionauricular(04) / impulso /      1.00000 para top(01)
Mensaje X / 00:00:36:000 / conduccionauricular(04) / impulso_in /      1.00000 para fibraauricular2(06)
Mensaje Y / 00:00:36:000 / top(01) / fin_onda_p /      1.00000 para Root(00)
Mensaje X / 00:00:36:000 / top(01) / impulso_in /      1.00000 para noduloav(07)
Mensaje Y / 00:00:36:000 / fibraauricular2(06) / conduccion_out /      2.00000 para conduccionauricular(04)
Mensaje D / 00:00:36:000 / fibraauricular2(06) / 00:00:02:000 para conduccionauricular(04)
Mensaje X / 00:00:36:000 / noduloav(07) / impulso_in /      1.00000 para fibraderecha(08)
Mensaje X / 00:00:36:000 / noduloav(07) / impulso_in /      1.00000 para fibraizquierda(09)
Mensaje Y / 00:00:36:000 / conduccionauricular(04) / conduccion /      2.00000 para top(01)
Mensaje D / 00:00:36:000 / conduccionauricular(04) / 00:00:02:000 para top(01)
Mensaje Y / 00:00:36:000 / fibraderecha(08) / conduccion_out /      2.00000 para noduloav(07)
Mensaje D / 00:00:36:000 / fibraderecha(08) / 00:00:02:000 para noduloav(07)
Mensaje Y / 00:00:36:000 / fibraizquierda(09) / conduccion_out /      2.00000 para noduloav(07)
Mensaje D / 00:00:36:000 / fibraizquierda(09) / 00:00:02:000 para noduloav(07)
Mensaje Y / 00:00:36:000 / top(01) / inicio_onda_p /      2.00000 para Root(00)
Mensaje D / 00:00:36:000 / noduloav(07) / 00:00:02:000 para top(01)
Mensaje D / 00:00:36:000 / top(01) / 00:00:02:000 para Root(00)
Mensaje * / 00:00:38:000 / Root(00) para top(01)
Mensaje * / 00:00:38:000 / top(01) para nodulosinusal(02)
Mensaje D / 00:00:38:000 / nodulosinusal(02) / 00:00:02:000 para top(01)
Mensaje D / 00:00:38:000 / top(01) / 00:00:00:000 para Root(00)
Mensaje * / 00:00:38:000 / Root(00) para top(01)
Mensaje * / 00:00:38:000 / top(01) para impulsoaleatorio(03)
Mensaje D / 00:00:38:000 / impulsoaleatorio(03) / 00:00:02:000 para top(01)
Mensaje D / 00:00:38:000 / top(01) / 00:00:00:000 para Root(00)
Mensaje * / 00:00:38:000 / Root(00) para top(01)
Mensaje * / 00:00:38:000 / top(01) para conduccionauricular(04)
Mensaje * / 00:00:38:000 / conduccionauricular(04) para fibraauricular2(06)
Mensaje Y / 00:00:38:000 / fibraauricular2(06) / impulso_out /      1.00000 para conduccionauricular(04)
Mensaje D / 00:00:38:000 / fibraauricular2(06) / 00:00:04:000 para conduccionauricular(04)
Mensaje Y / 00:00:38:000 / conduccionauricular(04) / impulso /      1.00000 para top(01)
Mensaje X / 00:00:38:000 / conduccionauricular(04) / impulso_in /      1.00000 para fibraauricular1(05)
Mensaje Y / 00:00:38:000 / top(01) / fin_onda_p /      1.00000 para Root(00)
Mensaje X / 00:00:38:000 / top(01) / impulso_in /      1.00000 para noduloav(07)
Mensaje D / 00:00:38:000 / fibraauricular1(05) / 00:00:02:000 para conduccionauricular(04)
Mensaje X / 00:00:38:000 / noduloav(07) / impulso_in /      1.00000 para fibraderecha(08)
Mensaje X / 00:00:38:000 / noduloav(07) / impulso_in /      1.00000 para fibraizquierda(09)
Mensaje D / 00:00:38:000 / conduccionauricular(04) / 00:00:02:000 para top(01)
Mensaje D / 00:00:38:000 / fibraderecha(08) / 00:00:00:000 para noduloav(07)
Mensaje D / 00:00:38:000 / fibraizquierda(09) / 00:00:00:000 para noduloav(07)
Mensaje D / 00:00:38:000 / noduloav(07) / 00:00:00:000 para top(01)
Mensaje D / 00:00:38:000 / top(01) / 00:00:00:000 para Root(00)
Mensaje * / 00:00:38:000 / Root(00) para top(01)
Mensaje * / 00:00:38:000 / top(01) para noduloav(07)
Mensaje * / 00:00:38:000 / noduloav(07) para fibraderecha(08)
Mensaje Y / 00:00:38:000 / fibraderecha(08) / impulso_out /      1.00000 para noduloav(07)
Mensaje D / 00:00:38:000 / fibraderecha(08) / 00:00:04:000 para noduloav(07)
Mensaje Y / 00:00:38:000 / noduloav(07) / impulso /      1.00000 para top(01)
Mensaje D / 00:00:38:000 / noduloav(07) / 00:00:00:000 para top(01)
Mensaje X / 00:00:38:000 / top(01) / impulso_in /      1.00000 para hazdehis(10)
Mensaje Y / 00:00:38:000 / hazdehis(10) / impulso_out /      1.00000 para top(01)
Mensaje D / 00:00:38:000 / hazdehis(10) / 00:00:02:000 para top(01)
Mensaje X / 00:00:38:000 / top(01) / impulso_in /      1.00000 para conduccionventricular(11)
Mensaje X / 00:00:38:000 / conduccionventricular(11) / impulso_in /      1.00000 para ramaderecha(12)
Mensaje X / 00:00:38:000 / conduccionventricular(11) / impulso_in /      1.00000 para ramaizquierda(13)
Mensaje Y / 00:00:38:000 / ramaderecha(12) / bloqueo_out /      3.00000 para conduccionventricular(11)
Mensaje D / 00:00:38:000 / ramaderecha(12) / ... para conduccionventricular(11)
Mensaje Y / 00:00:38:000 / ramaizquierda(13) / bloqueo_out /      3.00000 para conduccionventricular(11)
Mensaje D / 00:00:38:000 / ramaizquierda(13) / ... para conduccionventricular(11)
Mensaje Y / 00:00:38:000 / conduccionventricular(11) / bloqueo_rama_derecha /      3.00000 para top(01)
Mensaje Y / 00:00:38:000 / conduccionventricular(11) / bloqueo_rama_izquierda /      3.00000 para top(01)
Mensaje D / 00:00:38:000 / conduccionventricular(11) / ... para top(01)
Mensaje Y / 00:00:38:000 / top(01) / falla_rama_derecha /      3.00000 para Root(00)
Mensaje Y / 00:00:38:000 / top(01) / falla_rama_izquierda /      3.00000 para Root(00)
Mensaje D / 00:00:38:000 / top(01) / 00:00:00:000 para Root(00)
Mensaje * / 00:00:38:000 / Root(00) para top(01)
Mensaje * / 00:00:38:000 / top(01) para noduloav(07)
Mensaje * / 00:00:38:000 / noduloav(07) para fibraizquierda(09)
Mensaje Y / 00:00:38:000 / fibraizquierda(09) / impulso_out /      1.00000 para noduloav(07)
Mensaje D / 00:00:38:000 / fibraizquierda(09) / 00:00:04:000 para noduloav(07)
Mensaje Y / 00:00:38:000 / noduloav(07) / impulso /      1.00000 para top(01)
Mensaje D / 00:00:38:000 / noduloav(07) / 00:00:04:000 para top(01)
Mensaje X / 00:00:38:000 / top(01) / impulso_in /      1.00000 para hazdehis(10)
Mensaje D / 00:00:38:000 / hazdehis(10) / 00:00:02:000 para top(01)
Mensaje D / 00:00:38:000 / top(01) / 00:00:02:000 para Root(00)
Mensaje * / 00:00:40:000 / Root(00) para top(01)
Mensaje * / 00:00:40:000 / top(01) para nodulosinusal(02)
Mensaje D / 00:00:40:000 / nodulosinusal(02) / 00:00:02:000 para top(01)
Mensaje D / 00:00:40:000 / top(01) / 00:00:00:000 para Root(00)
Mensaje * / 00:00:40:000 / Root(00) para top(01)
Mensaje * / 00:00:40:000 / top(01) para impulsoaleatorio(03)
Mensaje D / 00:00:40:000 / impulsoaleatorio(03) / 00:00:02:000 para top(01)
Mensaje D / 00:00:40:000 / top(01) / 00:00:00:000 para Root(00)
Mensaje * / 00:00:40:000 / Root(00) para top(01)
Mensaje * / 00:00:40:000 / top(01) para conduccionauricular(04)
Mensaje * / 00:00:40:000 / conduccionauricular(04) para fibraauricular1(05)
Mensaje D / 00:00:40:000 / fibraauricular1(05) / ... para conduccionauricular(04)
Mensaje D / 00:00:40:000 / conduccionauricular(04) / 00:00:02:000 para top(01)
Mensaje D / 00:00:40:000 / top(01) / 00:00:00:000 para Root(00)
Mensaje * / 00:00:40:000 / Root(00) para top(01)
Mensaje * / 00:00:40:000 / top(01) para hazdehis(10)
Mensaje D / 00:00:40:000 / hazdehis(10) / ... para top(01)
Mensaje D / 00:00:40:000 / top(01) / 00:00:02:000 para Root(00)
Mensaje * / 00:00:42:000 / Root(00) para top(01)
Mensaje * / 00:00:42:000 / top(01) para nodulosinusal(02)
Mensaje Y / 00:00:42:000 / nodulosinusal(02) / impulso_out /      1.00000 para top(01)
Mensaje D / 00:00:42:000 / nodulosinusal(02) / 00:00:02:000 para top(01)
Mensaje Y / 00:00:42:000 / top(01) / impulso_inicial /      1.00000 para Root(00)
Mensaje X / 00:00:42:000 / top(01) / impulso_sinusal /      1.00000 para conduccionauricular(04)
Mensaje X / 00:00:42:000 / conduccionauricular(04) / impulso_in /      1.00000 para fibraauricular1(05)
Mensaje Y / 00:00:42:000 / fibraauricular1(05) / conduccion_out /      2.00000 para conduccionauricular(04)
Mensaje D / 00:00:42:000 / fibraauricular1(05) / 00:00:02:000 para conduccionauricular(04)
Mensaje Y / 00:00:42:000 / conduccionauricular(04) / conduccion /      2.00000 para top(01)
Mensaje D / 00:00:42:000 / conduccionauricular(04) / 00:00:00:000 para top(01)
Mensaje Y / 00:00:42:000 / top(01) / inicio_onda_p /      2.00000 para Root(00)
Mensaje D / 00:00:42:000 / top(01) / 00:00:00:000 para Root(00)
Mensaje * / 00:00:42:000 / Root(00) para top(01)
Mensaje * / 00:00:42:000 / top(01) para impulsoaleatorio(03)
Mensaje D / 00:00:42:000 / impulsoaleatorio(03) / 00:00:02:000 para top(01)
Mensaje D / 00:00:42:000 / top(01) / 00:00:00:000 para Root(00)
Mensaje * / 00:00:42:000 / Root(00) para top(01)
Mensaje * / 00:00:42:000 / top(01) para conduccionauricular(04)
Mensaje * / 00:00:42:000 / conduccionauricular(04) para fibraauricular2(06)
Mensaje D / 00:00:42:000 / fibraauricular2(06) / ... para conduccionauricular(04)
Mensaje D / 00:00:42:000 / conduccionauricular(04) / 00:00:02:000 para top(01)
Mensaje D / 00:00:42:000 / top(01) / 00:00:00:000 para Root(00)
Mensaje * / 00:00:42:000 / Root(00) para top(01)
Mensaje * / 00:00:42:000 / top(01) para noduloav(07)
Mensaje * / 00:00:42:000 / noduloav(07) para fibraderecha(08)
Mensaje D / 00:00:42:000 / fibraderecha(08) / ... para noduloav(07)
Mensaje D / 00:00:42:000 / noduloav(07) / 00:00:00:000 para top(01)
Mensaje D / 00:00:42:000 / top(01) / 00:00:00:000 para Root(00)
Mensaje * / 00:00:42:000 / Root(00) para top(01)
Mensaje * / 00:00:42:000 / top(01) para noduloav(07)
Mensaje * / 00:00:42:000 / noduloav(07) para fibraizquierda(09)
Mensaje D / 00:00:42:000 / fibraizquierda(09) / ... para noduloav(07)
Mensaje D / 00:00:42:000 / noduloav(07) / ... para top(01)
Mensaje D / 00:00:42:000 / top(01) / 00:00:02:000 para Root(00)
Mensaje * / 00:00:44:000 / Root(00) para top(01)
Mensaje * / 00:00:44:000 / top(01) para nodulosinusal(02)
Mensaje D / 00:00:44:000 / nodulosinusal(02) / 00:00:02:000 para top(01)
Mensaje D / 00:00:44:000 / top(01) / 00:00:00:000 para Root(00)
Mensaje * / 00:00:44:000 / Root(00) para top(01)
Mensaje * / 00:00:44:000 / top(01) para impulsoaleatorio(03)
Mensaje D / 00:00:44:000 / impulsoaleatorio(03) / 00:00:02:000 para top(01)
Mensaje D / 00:00:44:000 / top(01) / 00:00:00:000 para Root(00)
Mensaje * / 00:00:44:000 / Root(00) para top(01)
Mensaje * / 00:00:44:000 / top(01) para conduccionauricular(04)
Mensaje * / 00:00:44:000 / conduccionauricular(04) para fibraauricular1(05)
Mensaje Y / 00:00:44:000 / fibraauricular1(05) / impulso_out /      1.00000 para conduccionauricular(04)
Mensaje D / 00:00:44:000 / fibraauricular1(05) / 00:00:04:000 para conduccionauricular(04)
Mensaje Y / 00:00:44:000 / conduccionauricular(04) / impulso /      1.00000 para top(01)
Mensaje X / 00:00:44:000 / conduccionauricular(04) / impulso_in /      1.00000 para fibraauricular2(06)
Mensaje Y / 00:00:44:000 / top(01) / fin_onda_p /      1.00000 para Root(00)
Mensaje X / 00:00:44:000 / top(01) / impulso_in /      1.00000 para noduloav(07)
Mensaje Y / 00:00:44:000 / fibraauricular2(06) / conduccion_out /      2.00000 para conduccionauricular(04)
Mensaje D / 00:00:44:000 / fibraauricular2(06) / 00:00:02:000 para conduccionauricular(04)
Mensaje X / 00:00:44:000 / noduloav(07) / impulso_in /      1.00000 para fibraderecha(08)
Mensaje X / 00:00:44:000 / noduloav(07) / impulso_in /      1.00000 para fibraizquierda(09)
Mensaje Y / 00:00:44:000 / conduccionauricular(04) / conduccion /      2.00000 para top(01)
Mensaje D / 00:00:44:000 / conduccionauricular(04) / 00:00:02:000 para top(01)
Mensaje Y / 00:00:44:000 / fibraderecha(08) / conduccion_out /      2.00000 para noduloav(07)
Mensaje D / 00:00:44:000 / fibraderecha(08) / 00:00:02:000 para noduloav(07)
Mensaje Y / 00:00:44:000 / fibraizquierda(09) / conduccion_out /      2.00000 para noduloav(07)
Mensaje D / 00:00:44:000 / fibraizquierda(09) / 00:00:02:000 para noduloav(07)
Mensaje Y / 00:00:44:000 / top(01) / inicio_onda_p /      2.00000 para Root(00)
Mensaje D / 00:00:44:000 / noduloav(07) / 00:00:02:000 para top(01)
Mensaje D / 00:00:44:000 / top(01) / 00:00:02:000 para Root(00)
Mensaje * / 00:00:46:000 / Root(00) para top(01)
Mensaje * / 00:00:46:000 / top(01) para nodulosinusal(02)
Mensaje D / 00:00:46:000 / nodulosinusal(02) / 00:00:02:000 para top(01)
Mensaje D / 00:00:46:000 / top(01) / 00:00:00:000 para Root(00)
Mensaje * / 00:00:46:000 / Root(00) para top(01)
Mensaje * / 00:00:46:000 / top(01) para impulsoaleatorio(03)
Mensaje D / 00:00:46:000 / impulsoaleatorio(03) / 00:00:02:000 para top(01)
Mensaje D / 00:00:46:000 / top(01) / 00:00:00:000 para Root(00)
Mensaje * / 00:00:46:000 / Root(00) para top(01)
Mensaje * / 00:00:46:000 / top(01) para conduccionauricular(04)
Mensaje * / 00:00:46:000 / conduccionauricular(04) para fibraauricular2(06)
Mensaje Y / 00:00:46:000 / fibraauricular2(06) / impulso_out /      1.00000 para conduccionauricular(04)
Mensaje D / 00:00:46:000 / fibraauricular2(06) / 00:00:04:000 para conduccionauricular(04)
Mensaje Y / 00:00:46:000 / conduccionauricular(04) / impulso /      1.00000 para top(01)
Mensaje X / 00:00:46:000 / conduccionauricular(04) / impulso_in /      1.00000 para fibraauricular1(05)
Mensaje Y / 00:00:46:000 / top(01) / fin_onda_p /      1.00000 para Root(00)
Mensaje X / 00:00:46:000 / top(01) / impulso_in /      1.00000 para noduloav(07)
Mensaje D / 00:00:46:000 / fibraauricular1(05) / 00:00:02:000 para conduccionauricular(04)
Mensaje X / 00:00:46:000 / noduloav(07) / impulso_in /      1.00000 para fibraderecha(08)
Mensaje X / 00:00:46:000 / noduloav(07) / impulso_in /      1.00000 para fibraizquierda(09)
Mensaje D / 00:00:46:000 / conduccionauricular(04) / 00:00:02:000 para top(01)
Mensaje D / 00:00:46:000 / fibraderecha(08) / 00:00:00:000 para noduloav(07)
Mensaje D / 00:00:46:000 / fibraizquierda(09) / 00:00:00:000 para noduloav(07)
Mensaje D / 00:00:46:000 / noduloav(07) / 00:00:00:000 para top(01)
Mensaje D / 00:00:46:000 / top(01) / 00:00:00:000 para Root(00)
Mensaje * / 00:00:46:000 / Root(00) para top(01)
Mensaje * / 00:00:46:000 / top(01) para noduloav(07)
Mensaje * / 00:00:46:000 / noduloav(07) para fibraderecha(08)
Mensaje Y / 00:00:46:000 / fibraderecha(08) / impulso_out /      1.00000 para noduloav(07)
Mensaje D / 00:00:46:000 / fibraderecha(08) / 00:00:04:000 para noduloav(07)
Mensaje Y / 00:00:46:000 / noduloav(07) / impulso /      1.00000 para top(01)
Mensaje D / 00:00:46:000 / noduloav(07) / 00:00:00:000 para top(01)
Mensaje X / 00:00:46:000 / top(01) / impulso_in /      1.00000 para hazdehis(10)
Mensaje Y / 00:00:46:000 / hazdehis(10) / impulso_out /      1.00000 para top(01)
Mensaje D / 00:00:46:000 / hazdehis(10) / 00:00:02:000 para top(01)
Mensaje X / 00:00:46:000 / top(01) / impulso_in /      1.00000 para conduccionventricular(11)
Mensaje X / 00:00:46:000 / conduccionventricular(11) / impulso_in /      1.00000 para ramaderecha(12)
Mensaje X / 00:00:46:000 / conduccionventricular(11) / impulso_in /      1.00000 para ramaizquierda(13)
Mensaje Y / 00:00:46:000 / ramaderecha(12) / conduccion_out /      2.00000 para conduccionventricular(11)
Mensaje D / 00:00:46:000 / ramaderecha(12) / 00:00:01:000 para conduccionventricular(11)
Mensaje Y / 00:00:46:000 / ramaizquierda(13) / bloqueo_out /      3.00000 para conduccionventricular(11)
Mensaje D / 00:00:46:000 / ramaizquierda(13) / ... para conduccionventricular(11)
Mensaje Y / 00:00:46:000 / conduccionventricular(11) / bloqueo_rama_izquierda /      3.00000 para top(01)
Mensaje D / 00:00:46:000 / conduccionventricular(11) / 00:00:01:000 para top(01)
Mensaje Y / 00:00:46:000 / top(01) / falla_rama_izquierda /      3.00000 para Root(00)
Mensaje D / 00:00:46:000 / top(01) / 00:00:00:000 para Root(00)
Mensaje * / 00:00:46:000 / Root(00) para top(01)
Mensaje * / 00:00:46:000 / top(01) para noduloav(07)
Mensaje * / 00:00:46:000 / noduloav(07) para fibraizquierda(09)
Mensaje Y / 00:00:46:000 / fibraizquierda(09) / impulso_out /      1.00000 para noduloav(07)
Mensaje D / 00:00:46:000 / fibraizquierda(09) / 00:00:04:000 para noduloav(07)
Mensaje Y / 00:00:46:000 / noduloav(07) / impulso /      1.00000 para top(01)
Mensaje D / 00:00:46:000 / noduloav(07) / 00:00:04:000 para top(01)
Mensaje X / 00:00:46:000 / top(01) / impulso_in /      1.00000 para hazdehis(10)
Mensaje D / 00:00:46:000 / hazdehis(10) / 00:00:02:000 para top(01)
Mensaje D / 00:00:46:000 / top(01) / 00:00:01:000 para Root(00)
Mensaje * / 00:00:47:000 / Root(00) para top(01)
Mensaje * / 00:00:47:000 / top(01) para conduccionventricular(11)
Mensaje * / 00:00:47:000 / conduccionventricular(11) para ramaderecha(12)
Mensaje Y / 00:00:47:000 / ramaderecha(12) / impulso_out /      1.00000 para conduccionventricular(11)
Mensaje D / 00:00:47:000 / ramaderecha(12) / 00:00:02:000 para conduccionventricular(11)
Mensaje Y / 00:00:47:000 / conduccionventricular(11) / qrs /      1.00000 para top(01)
Mensaje D / 00:00:47:000 / conduccionventricular(11) / 00:00:02:000 para top(01)
Mensaje Y / 00:00:47:000 / top(01) / onda_qrs /      1.00000 para Root(00)
Mensaje D / 00:00:47:000 / top(01) / 00:00:01:000 para Root(00)
Mensaje * / 00:00:48:000 / Root(00) para top(01)
Mensaje * / 00:00:48:000 / top(01) para nodulosinusal(02)
Mensaje D / 00:00:48:000 / nodulosinusal(02) / 00:00:02:000 para top(01)
Mensaje D / 00:00:48:000 / top(01) / 00:00:00:000 para Root(00)
Mensaje * / 00:00:48:000 / Root(00) para top(01)
Mensaje * / 00:00:48:000 / top(01) para impulsoaleatorio(03)
Mensaje D / 00:00:48:000 / impulsoaleatorio(03) / 00:00:02:000 para top(01)
Mensaje D / 00:00:48:000 / top(01) / 00:00:00:000 para Root(00)
Mensaje * / 00:00:48:000 / Root(00) para top(01)
Mensaje * / 00:00:48:000 / top(01) para conduccionauricular(04)
Mensaje * / 00:00:48:000 / conduccionauricular(04) para fibraauricular1(05)
Mensaje D / 00:00:48:000 / fibraauricular1(05) / ... para conduccionauricular(04)
Mensaje D / 00:00:48:000 / conduccionauricular(04) / 00:00:02:000 para top(01)
Mensaje D / 00:00:48:000 / top(01) / 00:00:00:000 para Root(00)
Mensaje * / 00:00:48:000 / Root(00) para top(01)
Mensaje * / 00:00:48:000 / top(01) para hazdehis(10)
Mensaje D / 00:00:48:000 / hazdehis(10) / ... para top(01)
Mensaje D / 00:00:48:000 / top(01) / 00:00:01:000 para Root(00)
Mensaje * / 00:00:49:000 / Root(00) para top(01)
Mensaje * / 00:00:49:000 / top(01) para conduccionventricular(11)
Mensaje * / 00:00:49:000 / conduccionventricular(11) para ramaderecha(12)
Mensaje D / 00:00:49:000 / ramaderecha(12) / ... para conduccionventricular(11)
Mensaje D / 00:00:49:000 / conduccionventricular(11) / ... para top(01)
Mensaje D / 00:00:49:000 / top(01) / 00:00:01:000 para Root(00)
Mensaje * / 00:00:50:000 / Root(00) para top(01)
Mensaje * / 00:00:50:000 / top(01) para nodulosinusal(02)
Mensaje Y / 00:00:50:000 / nodulosinusal(02) / impulso_out /      1.00000 para top(01)
Mensaje D / 00:00:50:000 / nodulosinusal(02) / 00:00:02:000 para top(01)
Mensaje Y / 00:00:50:000 / top(01) / impulso_inicial /      1.00000 para Root(00)
Mensaje X / 00:00:50:000 / top(01) / impulso_sinusal /      1.00000 para conduccionauricular(04)
Mensaje X / 00:00:50:000 / conduccionauricular(04) / impulso_in /      1.00000 para fibraauricular1(05)
Mensaje Y / 00:00:50:000 / fibraauricular1(05) / conduccion_out /      2.00000 para conduccionauricular(04)
Mensaje D / 00:00:50:000 / fibraauricular1(05) / 00:00:02:000 para conduccionauricular(04)
Mensaje Y / 00:00:50:000 / conduccionauricular(04) / conduccion /      2.00000 para top(01)
Mensaje D / 00:00:50:000 / conduccionauricular(04) / 00:00:00:000 para top(01)
Mensaje Y / 00:00:50:000 / top(01) / inicio_onda_p /      2.00000 para Root(00)
Mensaje D / 00:00:50:000 / top(01) / 00:00:00:000 para Root(00)
Mensaje * / 00:00:50:000 / Root(00) para top(01)
Mensaje * / 00:00:50:000 / top(01) para impulsoaleatorio(03)
Mensaje D / 00:00:50:000 / impulsoaleatorio(03) / 00:00:02:000 para top(01)
Mensaje D / 00:00:50:000 / top(01) / 00:00:00:000 para Root(00)
Mensaje * / 00:00:50:000 / Root(00) para top(01)
Mensaje * / 00:00:50:000 / top(01) para conduccionauricular(04)
Mensaje * / 00:00:50:000 / conduccionauricular(04) para fibraauricular2(06)
Mensaje D / 00:00:50:000 / fibraauricular2(06) / ... para conduccionauricular(04)
Mensaje D / 00:00:50:000 / conduccionauricular(04) / 00:00:02:000 para top(01)
Mensaje D / 00:00:50:000 / top(01) / 00:00:00:000 para Root(00)
Mensaje * / 00:00:50:000 / Root(00) para top(01)
Mensaje * / 00:00:50:000 / top(01) para noduloav(07)
Mensaje * / 00:00:50:000 / noduloav(07) para fibraderecha(08)
Mensaje D / 00:00:50:000 / fibraderecha(08) / ... para noduloav(07)
Mensaje D / 00:00:50:000 / noduloav(07) / 00:00:00:000 para top(01)
Mensaje D / 00:00:50:000 / top(01) / 00:00:00:000 para Root(00)
Mensaje * / 00:00:50:000 / Root(00) para top(01)
Mensaje * / 00:00:50:000 / top(01) para noduloav(07)
Mensaje * / 00:00:50:000 / noduloav(07) para fibraizquierda(09)
Mensaje D / 00:00:50:000 / fibraizquierda(09) / ... para noduloav(07)
Mensaje D / 00:00:50:000 / noduloav(07) / ... para top(01)
Mensaje D / 00:00:50:000 / top(01) / 00:00:02:000 para Root(00)
Mensaje * / 00:00:52:000 / Root(00) para top(01)
Mensaje * / 00:00:52:000 / top(01) para nodulosinusal(02)
Mensaje D / 00:00:52:000 / nodulosinusal(02) / 00:00:02:000 para top(01)
Mensaje D / 00:00:52:000 / top(01) / 00:00:00:000 para Root(00)
Mensaje * / 00:00:52:000 / Root(00) para top(01)
Mensaje * / 00:00:52:000 / top(01) para impulsoaleatorio(03)
Mensaje D / 00:00:52:000 / impulsoaleatorio(03) / 00:00:02:000 para top(01)
Mensaje D / 00:00:52:000 / top(01) / 00:00:00:000 para Root(00)
Mensaje * / 00:00:52:000 / Root(00) para top(01)
Mensaje * / 00:00:52:000 / top(01) para conduccionauricular(04)
Mensaje * / 00:00:52:000 / conduccionauricular(04) para fibraauricular1(05)
Mensaje Y / 00:00:52:000 / fibraauricular1(05) / impulso_out /      1.00000 para conduccionauricular(04)
Mensaje D / 00:00:52:000 / fibraauricular1(05) / 00:00:04:000 para conduccionauricular(04)
Mensaje Y / 00:00:52:000 / conduccionauricular(04) / impulso /      1.00000 para top(01)
Mensaje X / 00:00:52:000 / conduccionauricular(04) / impulso_in /      1.00000 para fibraauricular2(06)
Mensaje Y / 00:00:52:000 / top(01) / fin_onda_p /      1.00000 para Root(00)
Mensaje X / 00:00:52:000 / top(01) / impulso_in /      1.00000 para noduloav(07)
Mensaje Y / 00:00:52:000 / fibraauricular2(06) / conduccion_out /      2.00000 para conduccionauricular(04)
Mensaje D / 00:00:52:000 / fibraauricular2(06) / 00:00:02:000 para conduccionauricular(04)
Mensaje X / 00:00:52:000 / noduloav(07) / impulso_in /      1.00000 para fibraderecha(08)
Mensaje X / 00:00:52:000 / noduloav(07) / impulso_in /      1.00000 para fibraizquierda(09)
Mensaje Y / 00:00:52:000 / conduccionauricular(04) / conduccion /      2.00000 para top(01)
Mensaje D / 00:00:52:000 / conduccionauricular(04) / 00:00:02:000 para top(01)
Mensaje Y / 00:00:52:000 / fibraderecha(08) / conduccion_out /      2.00000 para noduloav(07)
Mensaje D / 00:00:52:000 / fibraderecha(08) / 00:00:02:000 para noduloav(07)
Mensaje Y / 00:00:52:000 / fibraizquierda(09) / conduccion_out /      2.00000 para noduloav(07)
Mensaje D / 00:00:52:000 / fibraizquierda(09) / 00:00:02:000 para noduloav(07)
Mensaje Y / 00:00:52:000 / top(01) / inicio_onda_p /      2.00000 para Root(00)
Mensaje D / 00:00:52:000 / noduloav(07) / 00:00:02:000 para top(01)
Mensaje D / 00:00:52:000 / top(01) / 00:00:02:000 para Root(00)
Mensaje * / 00:00:54:000 / Root(00) para top(01)
Mensaje * / 00:00:54:000 / top(01) para nodulosinusal(02)
Mensaje D / 00:00:54:000 / nodulosinusal(02) / 00:00:02:000 para top(01)
Mensaje D / 00:00:54:000 / top(01) / 00:00:00:000 para Root(00)
Mensaje * / 00:00:54:000 / Root(00) para top(01)
Mensaje * / 00:00:54:000 / top(01) para impulsoaleatorio(03)
Mensaje D / 00:00:54:000 / impulsoaleatorio(03) / 00:00:02:000 para top(01)
Mensaje D / 00:00:54:000 / top(01) / 00:00:00:000 para Root(00)
Mensaje * / 00:00:54:000 / Root(00) para top(01)
Mensaje * / 00:00:54:000 / top(01) para conduccionauricular(04)
Mensaje * / 00:00:54:000 / conduccionauricular(04) para fibraauricular2(06)
Mensaje Y / 00:00:54:000 / fibraauricular2(06) / impulso_out /      1.00000 para conduccionauricular(04)
Mensaje D / 00:00:54:000 / fibraauricular2(06) / 00:00:04:000 para conduccionauricular(04)
Mensaje Y / 00:00:54:000 / conduccionauricular(04) / impulso /      1.00000 para top(01)
Mensaje X / 00:00:54:000 / conduccionauricular(04) / impulso_in /      1.00000 para fibraauricular1(05)
Mensaje Y / 00:00:54:000 / top(01) / fin_onda_p /      1.00000 para Root(00)
Mensaje X / 00:00:54:000 / top(01) / impulso_in /      1.00000 para noduloav(07)
Mensaje D / 00:00:54:000 / fibraauricular1(05) / 00:00:02:000 para conduccionauricular(04)
Mensaje X / 00:00:54:000 / noduloav(07) / impulso_in /      1.00000 para fibraderecha(08)
Mensaje X / 00:00:54:000 / noduloav(07) / impulso_in /      1.00000 para fibraizquierda(09)
Mensaje D / 00:00:54:000 / conduccionauricular(04) / 00:00:02:000 para top(01)
Mensaje D / 00:00:54:000 / fibraderecha(08) / 00:00:00:000 para noduloav(07)
Mensaje D / 00:00:54:000 / fibraizquierda(09) / 00:00:00:000 para noduloav(07)
Mensaje D / 00:00:54:000 / noduloav(07) / 00:00:00:000 para top(01)
Mensaje D / 00:00:54:000 / top(01) / 00:00:00:000 para Root(00)
Mensaje * / 00:00:54:000 / Root(00) para top(01)
Mensaje * / 00:00:54:000 / top(01) para noduloav(07)
Mensaje * / 00:00:54:000 / noduloav(07) para fibraderecha(08)
Mensaje Y / 00:00:54:000 / fibraderecha(08) / impulso_out /      1.00000 para noduloav(07)
Mensaje D / 00:00:54:000 / fibraderecha(08) / 00:00:04:000 para noduloav(07)
Mensaje Y / 00:00:54:000 / noduloav(07) / impulso /      1.00000 para top(01)
Mensaje D / 00:00:54:000 / noduloav(07) / 00:00:00:000 para top(01)
Mensaje X / 00:00:54:000 / top(01) / impulso_in /      1.00000 para hazdehis(10)
Mensaje Y / 00:00:54:000 / hazdehis(10) / impulso_out /      1.00000 para top(01)
Mensaje D / 00:00:54:000 / hazdehis(10) / 00:00:02:000 para top(01)
Mensaje X / 00:00:54:000 / top(01) / impulso_in /      1.00000 para conduccionventricular(11)
Mensaje X / 00:00:54:000 / conduccionventricular(11) / impulso_in /      1.00000 para ramaderecha(12)
Mensaje X / 00:00:54:000 / conduccionventricular(11) / impulso_in /      1.00000 para ramaizquierda(13)
Mensaje Y / 00:00:54:000 / ramaderecha(12) / bloqueo_out /      3.00000 para conduccionventricular(11)
Mensaje D / 00:00:54:000 / ramaderecha(12) / ... para conduccionventricular(11)
Mensaje Y / 00:00:54:000 / ramaizquierda(13) / conduccion_out /      2.00000 para conduccionventricular(11)
Mensaje D / 00:00:54:000 / ramaizquierda(13) / 00:00:01:000 para conduccionventricular(11)
Mensaje Y / 00:00:54:000 / conduccionventricular(11) / bloqueo_rama_derecha /      3.00000 para top(01)
Mensaje D / 00:00:54:000 / conduccionventricular(11) / 00:00:01:000 para top(01)
Mensaje Y / 00:00:54:000 / top(01) / falla_rama_derecha /      3.00000 para Root(00)
Mensaje D / 00:00:54:000 / top(01) / 00:00:00:000 para Root(00)
Mensaje * / 00:00:54:000 / Root(00) para top(01)
Mensaje * / 00:00:54:000 / top(01) para noduloav(07)
Mensaje * / 00:00:54:000 / noduloav(07) para fibraizquierda(09)
Mensaje Y / 00:00:54:000 / fibraizquierda(09) / impulso_out /      1.00000 para noduloav(07)
Mensaje D / 00:00:54:000 / fibraizquierda(09) / 00:00:04:000 para noduloav(07)
Mensaje Y / 00:00:54:000 / noduloav(07) / impulso /      1.00000 para top(01)
Mensaje D / 00:00:54:000 / noduloav(07) / 00:00:04:000 para top(01)
Mensaje X / 00:00:54:000 / top(01) / impulso_in /      1.00000 para hazdehis(10)
Mensaje D / 00:00:54:000 / hazdehis(10) / 00:00:02:000 para top(01)
Mensaje D / 00:00:54:000 / top(01) / 00:00:01:000 para Root(00)
Mensaje * / 00:00:55:000 / Root(00) para top(01)
Mensaje * / 00:00:55:000 / top(01) para conduccionventricular(11)
Mensaje * / 00:00:55:000 / conduccionventricular(11) para ramaizquierda(13)
Mensaje Y / 00:00:55:000 / ramaizquierda(13) / impulso_out /      1.00000 para conduccionventricular(11)
Mensaje D / 00:00:55:000 / ramaizquierda(13) / 00:00:04:000 para conduccionventricular(11)
Mensaje Y / 00:00:55:000 / conduccionventricular(11) / qrs /      1.00000 para top(01)
Mensaje D / 00:00:55:000 / conduccionventricular(11) / 00:00:04:000 para top(01)
Mensaje Y / 00:00:55:000 / top(01) / onda_qrs /      1.00000 para Root(00)
Mensaje D / 00:00:55:000 / top(01) / 00:00:01:000 para Root(00)
Mensaje * / 00:00:56:000 / Root(00) para top(01)
Mensaje * / 00:00:56:000 / top(01) para nodulosinusal(02)
Mensaje D / 00:00:56:000 / nodulosinusal(02) / 00:00:02:000 para top(01)
Mensaje D / 00:00:56:000 / top(01) / 00:00:00:000 para Root(00)
Mensaje * / 00:00:56:000 / Root(00) para top(01)
Mensaje * / 00:00:56:000 / top(01) para impulsoaleatorio(03)
Mensaje D / 00:00:56:000 / impulsoaleatorio(03) / 00:00:02:000 para top(01)
Mensaje D / 00:00:56:000 / top(01) / 00:00:00:000 para Root(00)
Mensaje * / 00:00:56:000 / Root(00) para top(01)
Mensaje * / 00:00:56:000 / top(01) para conduccionauricular(04)
Mensaje * / 00:00:56:000 / conduccionauricular(04) para fibraauricular1(05)
Mensaje D / 00:00:56:000 / fibraauricular1(05) / ... para conduccionauricular(04)
Mensaje D / 00:00:56:000 / conduccionauricular(04) / 00:00:02:000 para top(01)
Mensaje D / 00:00:56:000 / top(01) / 00:00:00:000 para Root(00)
Mensaje * / 00:00:56:000 / Root(00) para top(01)
Mensaje * / 00:00:56:000 / top(01) para hazdehis(10)
Mensaje D / 00:00:56:000 / hazdehis(10) / ... para top(01)
Mensaje D / 00:00:56:000 / top(01) / 00:00:02:000 para Root(00)
Mensaje * / 00:00:58:000 / Root(00) para top(01)
Mensaje * / 00:00:58:000 / top(01) para nodulosinusal(02)
Mensaje D / 00:00:58:000 / nodulosinusal(02) / 00:00:02:000 para top(01)
Mensaje D / 00:00:58:000 / top(01) / 00:00:00:000 para Root(00)
Mensaje * / 00:00:58:000 / Root(00) para top(01)
Mensaje * / 00:00:58:000 / top(01) para impulsoaleatorio(03)
Mensaje D / 00:00:58:000 / impulsoaleatorio(03) / 00:00:02:000 para top(01)
Mensaje D / 00:00:58:000 / top(01) / 00:00:00:000 para Root(00)
Mensaje * / 00:00:58:000 / Root(00) para top(01)
Mensaje * / 00:00:58:000 / top(01) para conduccionauricular(04)
Mensaje * / 00:00:58:000 / conduccionauricular(04) para fibraauricular2(06)
Mensaje D / 00:00:58:000 / fibraauricular2(06) / ... para conduccionauricular(04)
Mensaje D / 00:00:58:000 / conduccionauricular(04) / ... para top(01)
Mensaje D / 00:00:58:000 / top(01) / 00:00:00:000 para Root(00)
Mensaje * / 00:00:58:000 / Root(00) para top(01)
Mensaje * / 00:00:58:000 / top(01) para noduloav(07)
Mensaje * / 00:00:58:000 / noduloav(07) para fibraderecha(08)
Mensaje D / 00:00:58:000 / fibraderecha(08) / ... para noduloav(07)
Mensaje D / 00:00:58:000 / noduloav(07) / 00:00:00:000 para top(01)
Mensaje D / 00:00:58:000 / top(01) / 00:00:00:000 para Root(00)
Mensaje * / 00:00:58:000 / Root(00) para top(01)
Mensaje * / 00:00:58:000 / top(01) para noduloav(07)
Mensaje * / 00:00:58:000 / noduloav(07) para fibraizquierda(09)
Mensaje D / 00:00:58:000 / fibraizquierda(09) / ... para noduloav(07)
Mensaje D / 00:00:58:000 / noduloav(07) / ... para top(01)
Mensaje D / 00:00:58:000 / top(01) / 00:00:01:000 para Root(00)
Mensaje * / 00:00:59:000 / Root(00) para top(01)
Mensaje * / 00:00:59:000 / top(01) para conduccionventricular(11)
Mensaje * / 00:00:59:000 / conduccionventricular(11) para ramaizquierda(13)
Mensaje D / 00:00:59:000 / ramaizquierda(13) / ... para conduccionventricular(11)
Mensaje D / 00:00:59:000 / conduccionventricular(11) / ... para top(01)
Mensaje D / 00:00:59:000 / top(01) / 00:00:01:000 para Root(00)
Mensaje * / 00:01:00:000 / Root(00) para top(01)
Mensaje * / 00:01:00:000 / top(01) para nodulosinusal(02)
Mensaje D / 00:01:00:000 / nodulosinusal(02) / 00:00:02:000 para top(01)
Mensaje D / 00:01:00:000 / top(01) / 00:00:00:000 para Root(00)
Mensaje * / 00:01:00:000 / Root(00) para top(01)
Mensaje * / 00:01:00:000 / top(01) para impulsoaleatorio(03)
Mensaje D / 00:01:00:000 / impulsoaleatorio(03) / 00:00:02:000 para top(01)
Mensaje D / 00:01:00:000 / top(01) / 00:00:02:000 para Root(00)
