Mensaje I / 00:00:00:000 / Root(00) para top(01)
Mensaje I / 00:00:00:000 / top(01) para impulsoaleatorio(02)
Mensaje D / 00:00:00:000 / impulsoaleatorio(02) / 00:00:02:000 para top(01)
Mensaje D / 00:00:00:000 / top(01) / 00:00:02:000 para Root(00)
Mensaje * / 00:00:02:000 / Root(00) para top(01)
Mensaje * / 00:00:02:000 / top(01) para impulsoaleatorio(02)
Mensaje D / 00:00:02:000 / impulsoaleatorio(02) / 00:00:02:000 para top(01)
Mensaje D / 00:00:02:000 / top(01) / 00:00:02:000 para Root(00)
Mensaje * / 00:00:04:000 / Root(00) para top(01)
Mensaje * / 00:00:04:000 / top(01) para impulsoaleatorio(02)
Mensaje D / 00:00:04:000 / impulsoaleatorio(02) / 00:00:02:000 para top(01)
Mensaje D / 00:00:04:000 / top(01) / 00:00:02:000 para Root(00)
Mensaje * / 00:00:06:000 / Root(00) para top(01)
Mensaje * / 00:00:06:000 / top(01) para impulsoaleatorio(02)
Mensaje D / 00:00:06:000 / impulsoaleatorio(02) / 00:00:02:000 para top(01)
Mensaje D / 00:00:06:000 / top(01) / 00:00:02:000 para Root(00)
Mensaje * / 00:00:08:000 / Root(00) para top(01)
Mensaje * / 00:00:08:000 / top(01) para impulsoaleatorio(02)
Mensaje D / 00:00:08:000 / impulsoaleatorio(02) / 00:00:02:000 para top(01)
Mensaje D / 00:00:08:000 / top(01) / 00:00:02:000 para Root(00)
Mensaje * / 00:00:10:000 / Root(00) para top(01)
Mensaje * / 00:00:10:000 / top(01) para impulsoaleatorio(02)
Mensaje D / 00:00:10:000 / impulsoaleatorio(02) / 00:00:02:000 para top(01)
Mensaje D / 00:00:10:000 / top(01) / 00:00:02:000 para Root(00)
Mensaje * / 00:00:12:000 / Root(00) para top(01)
Mensaje * / 00:00:12:000 / top(01) para impulsoaleatorio(02)
Mensaje D / 00:00:12:000 / impulsoaleatorio(02) / 00:00:02:000 para top(01)
Mensaje D / 00:00:12:000 / top(01) / 00:00:02:000 para Root(00)
Mensaje * / 00:00:14:000 / Root(00) para top(01)
Mensaje * / 00:00:14:000 / top(01) para impulsoaleatorio(02)
Mensaje D / 00:00:14:000 / impulsoaleatorio(02) / 00:00:02:000 para top(01)
Mensaje D / 00:00:14:000 / top(01) / 00:00:02:000 para Root(00)
Mensaje * / 00:00:16:000 / Root(00) para top(01)
Mensaje * / 00:00:16:000 / top(01) para impulsoaleatorio(02)
Mensaje D / 00:00:16:000 / impulsoaleatorio(02) / 00:00:02:000 para top(01)
Mensaje D / 00:00:16:000 / top(01) / 00:00:02:000 para Root(00)
Mensaje * / 00:00:18:000 / Root(00) para top(01)
Mensaje * / 00:00:18:000 / top(01) para impulsoaleatorio(02)
Mensaje D / 00:00:18:000 / impulsoaleatorio(02) / 00:00:02:000 para top(01)
Mensaje D / 00:00:18:000 / top(01) / 00:00:02:000 para Root(00)
Mensaje * / 00:00:20:000 / Root(00) para top(01)
Mensaje * / 00:00:20:000 / top(01) para impulsoaleatorio(02)
Mensaje D / 00:00:20:000 / impulsoaleatorio(02) / 00:00:02:000 para top(01)
Mensaje D / 00:00:20:000 / top(01) / 00:00:02:000 para Root(00)
Mensaje * / 00:00:22:000 / Root(00) para top(01)
Mensaje * / 00:00:22:000 / top(01) para impulsoaleatorio(02)
Mensaje D / 00:00:22:000 / impulsoaleatorio(02) / 00:00:02:000 para top(01)
Mensaje D / 00:00:22:000 / top(01) / 00:00:02:000 para Root(00)
Mensaje * / 00:00:24:000 / Root(00) para top(01)
Mensaje * / 00:00:24:000 / top(01) para impulsoaleatorio(02)
Mensaje D / 00:00:24:000 / impulsoaleatorio(02) / 00:00:02:000 para top(01)
Mensaje D / 00:00:24:000 / top(01) / 00:00:02:000 para Root(00)
Mensaje * / 00:00:26:000 / Root(00) para top(01)
Mensaje * / 00:00:26:000 / top(01) para impulsoaleatorio(02)
Mensaje D / 00:00:26:000 / impulsoaleatorio(02) / 00:00:02:000 para top(01)
Mensaje D / 00:00:26:000 / top(01) / 00:00:02:000 para Root(00)
Mensaje * / 00:00:28:000 / Root(00) para top(01)
Mensaje * / 00:00:28:000 / top(01) para impulsoaleatorio(02)
Mensaje D / 00:00:28:000 / impulsoaleatorio(02) / 00:00:02:000 para top(01)
Mensaje D / 00:00:28:000 / top(01) / 00:00:02:000 para Root(00)
Mensaje * / 00:00:30:000 / Root(00) para top(01)
Mensaje * / 00:00:30:000 / top(01) para impulsoaleatorio(02)
Mensaje D / 00:00:30:000 / impulsoaleatorio(02) / 00:00:02:000 para top(01)
Mensaje D / 00:00:30:000 / top(01) / 00:00:02:000 para Root(00)
Mensaje * / 00:00:32:000 / Root(00) para top(01)
Mensaje * / 00:00:32:000 / top(01) para impulsoaleatorio(02)
Mensaje D / 00:00:32:000 / impulsoaleatorio(02) / 00:00:02:000 para top(01)
Mensaje D / 00:00:32:000 / top(01) / 00:00:02:000 para Root(00)
Mensaje * / 00:00:34:000 / Root(00) para top(01)
Mensaje * / 00:00:34:000 / top(01) para impulsoaleatorio(02)
Mensaje D / 00:00:34:000 / impulsoaleatorio(02) / 00:00:02:000 para top(01)
Mensaje D / 00:00:34:000 / top(01) / 00:00:02:000 para Root(00)
Mensaje * / 00:00:36:000 / Root(00) para top(01)
Mensaje * / 00:00:36:000 / top(01) para impulsoaleatorio(02)
Mensaje D / 00:00:36:000 / impulsoaleatorio(02) / 00:00:02:000 para top(01)
Mensaje D / 00:00:36:000 / top(01) / 00:00:02:000 para Root(00)
Mensaje * / 00:00:38:000 / Root(00) para top(01)
Mensaje * / 00:00:38:000 / top(01) para impulsoaleatorio(02)
Mensaje D / 00:00:38:000 / impulsoaleatorio(02) / 00:00:02:000 para top(01)
Mensaje D / 00:00:38:000 / top(01) / 00:00:02:000 para Root(00)
Mensaje * / 00:00:40:000 / Root(00) para top(01)
Mensaje * / 00:00:40:000 / top(01) para impulsoaleatorio(02)
Mensaje D / 00:00:40:000 / impulsoaleatorio(02) / 00:00:02:000 para top(01)
Mensaje D / 00:00:40:000 / top(01) / 00:00:02:000 para Root(00)
Mensaje * / 00:00:42:000 / Root(00) para top(01)
Mensaje * / 00:00:42:000 / top(01) para impulsoaleatorio(02)
Mensaje Y / 00:00:42:000 / impulsoaleatorio(02) / impulso_out /      1.00000 para top(01)
Mensaje D / 00:00:42:000 / impulsoaleatorio(02) / 00:00:02:000 para top(01)
Mensaje Y / 00:00:42:000 / top(01) / impulso /      1.00000 para Root(00)
Mensaje D / 00:00:42:000 / top(01) / 00:00:02:000 para Root(00)
Mensaje * / 00:00:44:000 / Root(00) para top(01)
Mensaje * / 00:00:44:000 / top(01) para impulsoaleatorio(02)
Mensaje D / 00:00:44:000 / impulsoaleatorio(02) / 00:00:02:000 para top(01)
Mensaje D / 00:00:44:000 / top(01) / 00:00:02:000 para Root(00)
Mensaje * / 00:00:46:000 / Root(00) para top(01)
Mensaje * / 00:00:46:000 / top(01) para impulsoaleatorio(02)
Mensaje D / 00:00:46:000 / impulsoaleatorio(02) / 00:00:02:000 para top(01)
Mensaje D / 00:00:46:000 / top(01) / 00:00:02:000 para Root(00)
Mensaje * / 00:00:48:000 / Root(00) para top(01)
Mensaje * / 00:00:48:000 / top(01) para impulsoaleatorio(02)
Mensaje D / 00:00:48:000 / impulsoaleatorio(02) / 00:00:02:000 para top(01)
Mensaje D / 00:00:48:000 / top(01) / 00:00:02:000 para Root(00)
Mensaje * / 00:00:50:000 / Root(00) para top(01)
Mensaje * / 00:00:50:000 / top(01) para impulsoaleatorio(02)
Mensaje D / 00:00:50:000 / impulsoaleatorio(02) / 00:00:02:000 para top(01)
Mensaje D / 00:00:50:000 / top(01) / 00:00:02:000 para Root(00)
Mensaje * / 00:00:52:000 / Root(00) para top(01)
Mensaje * / 00:00:52:000 / top(01) para impulsoaleatorio(02)
Mensaje D / 00:00:52:000 / impulsoaleatorio(02) / 00:00:02:000 para top(01)
Mensaje D / 00:00:52:000 / top(01) / 00:00:02:000 para Root(00)
Mensaje * / 00:00:54:000 / Root(00) para top(01)
Mensaje * / 00:00:54:000 / top(01) para impulsoaleatorio(02)
Mensaje D / 00:00:54:000 / impulsoaleatorio(02) / 00:00:02:000 para top(01)
Mensaje D / 00:00:54:000 / top(01) / 00:00:02:000 para Root(00)
Mensaje * / 00:00:56:000 / Root(00) para top(01)
Mensaje * / 00:00:56:000 / top(01) para impulsoaleatorio(02)
Mensaje D / 00:00:56:000 / impulsoaleatorio(02) / 00:00:02:000 para top(01)
Mensaje D / 00:00:56:000 / top(01) / 00:00:02:000 para Root(00)
Mensaje * / 00:00:58:000 / Root(00) para top(01)
Mensaje * / 00:00:58:000 / top(01) para impulsoaleatorio(02)
Mensaje D / 00:00:58:000 / impulsoaleatorio(02) / 00:00:02:000 para top(01)
Mensaje D / 00:00:58:000 / top(01) / 00:00:02:000 para Root(00)
Mensaje * / 00:01:00:000 / Root(00) para top(01)
Mensaje * / 00:01:00:000 / top(01) para impulsoaleatorio(02)
Mensaje D / 00:01:00:000 / impulsoaleatorio(02) / 00:00:02:000 para top(01)
Mensaje D / 00:01:00:000 / top(01) / 00:00:02:000 para Root(00)
Mensaje * / 00:01:02:000 / Root(00) para top(01)
Mensaje * / 00:01:02:000 / top(01) para impulsoaleatorio(02)
Mensaje D / 00:01:02:000 / impulsoaleatorio(02) / 00:00:02:000 para top(01)
Mensaje D / 00:01:02:000 / top(01) / 00:00:02:000 para Root(00)
Mensaje * / 00:01:04:000 / Root(00) para top(01)
Mensaje * / 00:01:04:000 / top(01) para impulsoaleatorio(02)
Mensaje D / 00:01:04:000 / impulsoaleatorio(02) / 00:00:02:000 para top(01)
Mensaje D / 00:01:04:000 / top(01) / 00:00:02:000 para Root(00)
Mensaje * / 00:01:06:000 / Root(00) para top(01)
Mensaje * / 00:01:06:000 / top(01) para impulsoaleatorio(02)
Mensaje D / 00:01:06:000 / impulsoaleatorio(02) / 00:00:02:000 para top(01)
Mensaje D / 00:01:06:000 / top(01) / 00:00:02:000 para Root(00)
Mensaje * / 00:01:08:000 / Root(00) para top(01)
Mensaje * / 00:01:08:000 / top(01) para impulsoaleatorio(02)
Mensaje D / 00:01:08:000 / impulsoaleatorio(02) / 00:00:02:000 para top(01)
Mensaje D / 00:01:08:000 / top(01) / 00:00:02:000 para Root(00)
Mensaje * / 00:01:10:000 / Root(00) para top(01)
Mensaje * / 00:01:10:000 / top(01) para impulsoaleatorio(02)
Mensaje D / 00:01:10:000 / impulsoaleatorio(02) / 00:00:02:000 para top(01)
Mensaje D / 00:01:10:000 / top(01) / 00:00:02:000 para Root(00)
Mensaje * / 00:01:12:000 / Root(00) para top(01)
Mensaje * / 00:01:12:000 / top(01) para impulsoaleatorio(02)
Mensaje D / 00:01:12:000 / impulsoaleatorio(02) / 00:00:02:000 para top(01)
Mensaje D / 00:01:12:000 / top(01) / 00:00:02:000 para Root(00)
Mensaje * / 00:01:14:000 / Root(00) para top(01)
Mensaje * / 00:01:14:000 / top(01) para impulsoaleatorio(02)
Mensaje D / 00:01:14:000 / impulsoaleatorio(02) / 00:00:02:000 para top(01)
Mensaje D / 00:01:14:000 / top(01) / 00:00:02:000 para Root(00)
Mensaje * / 00:01:16:000 / Root(00) para top(01)
Mensaje * / 00:01:16:000 / top(01) para impulsoaleatorio(02)
Mensaje D / 00:01:16:000 / impulsoaleatorio(02) / 00:00:02:000 para top(01)
Mensaje D / 00:01:16:000 / top(01) / 00:00:02:000 para Root(00)
Mensaje * / 00:01:18:000 / Root(00) para top(01)
Mensaje * / 00:01:18:000 / top(01) para impulsoaleatorio(02)
Mensaje D / 00:01:18:000 / impulsoaleatorio(02) / 00:00:02:000 para top(01)
Mensaje D / 00:01:18:000 / top(01) / 00:00:02:000 para Root(00)
Mensaje * / 00:01:20:000 / Root(00) para top(01)
Mensaje * / 00:01:20:000 / top(01) para impulsoaleatorio(02)
Mensaje D / 00:01:20:000 / impulsoaleatorio(02) / 00:00:02:000 para top(01)
Mensaje D / 00:01:20:000 / top(01) / 00:00:02:000 para Root(00)
Mensaje * / 00:01:22:000 / Root(00) para top(01)
Mensaje * / 00:01:22:000 / top(01) para impulsoaleatorio(02)
Mensaje D / 00:01:22:000 / impulsoaleatorio(02) / 00:00:02:000 para top(01)
Mensaje D / 00:01:22:000 / top(01) / 00:00:02:000 para Root(00)
Mensaje * / 00:01:24:000 / Root(00) para top(01)
Mensaje * / 00:01:24:000 / top(01) para impulsoaleatorio(02)
Mensaje D / 00:01:24:000 / impulsoaleatorio(02) / 00:00:02:000 para top(01)
Mensaje D / 00:01:24:000 / top(01) / 00:00:02:000 para Root(00)
Mensaje * / 00:01:26:000 / Root(00) para top(01)
Mensaje * / 00:01:26:000 / top(01) para impulsoaleatorio(02)
Mensaje D / 00:01:26:000 / impulsoaleatorio(02) / 00:00:02:000 para top(01)
Mensaje D / 00:01:26:000 / top(01) / 00:00:02:000 para Root(00)
Mensaje * / 00:01:28:000 / Root(00) para top(01)
Mensaje * / 00:01:28:000 / top(01) para impulsoaleatorio(02)
Mensaje D / 00:01:28:000 / impulsoaleatorio(02) / 00:00:02:000 para top(01)
Mensaje D / 00:01:28:000 / top(01) / 00:00:02:000 para Root(00)
Mensaje * / 00:01:30:000 / Root(00) para top(01)
Mensaje * / 00:01:30:000 / top(01) para impulsoaleatorio(02)
Mensaje D / 00:01:30:000 / impulsoaleatorio(02) / 00:00:02:000 para top(01)
Mensaje D / 00:01:30:000 / top(01) / 00:00:02:000 para Root(00)
Mensaje * / 00:01:32:000 / Root(00) para top(01)
Mensaje * / 00:01:32:000 / top(01) para impulsoaleatorio(02)
Mensaje D / 00:01:32:000 / impulsoaleatorio(02) / 00:00:02:000 para top(01)
Mensaje D / 00:01:32:000 / top(01) / 00:00:02:000 para Root(00)
Mensaje * / 00:01:34:000 / Root(00) para top(01)
Mensaje * / 00:01:34:000 / top(01) para impulsoaleatorio(02)
Mensaje D / 00:01:34:000 / impulsoaleatorio(02) / 00:00:02:000 para top(01)
Mensaje D / 00:01:34:000 / top(01) / 00:00:02:000 para Root(00)
Mensaje * / 00:01:36:000 / Root(00) para top(01)
Mensaje * / 00:01:36:000 / top(01) para impulsoaleatorio(02)
Mensaje D / 00:01:36:000 / impulsoaleatorio(02) / 00:00:02:000 para top(01)
Mensaje D / 00:01:36:000 / top(01) / 00:00:02:000 para Root(00)
Mensaje * / 00:01:38:000 / Root(00) para top(01)
Mensaje * / 00:01:38:000 / top(01) para impulsoaleatorio(02)
Mensaje D / 00:01:38:000 / impulsoaleatorio(02) / 00:00:02:000 para top(01)
Mensaje D / 00:01:38:000 / top(01) / 00:00:02:000 para Root(00)
Mensaje * / 00:01:40:000 / Root(00) para top(01)
Mensaje * / 00:01:40:000 / top(01) para impulsoaleatorio(02)
Mensaje D / 00:01:40:000 / impulsoaleatorio(02) / 00:00:02:000 para top(01)
Mensaje D / 00:01:40:000 / top(01) / 00:00:02:000 para Root(00)
Mensaje * / 00:01:42:000 / Root(00) para top(01)
Mensaje * / 00:01:42:000 / top(01) para impulsoaleatorio(02)
Mensaje D / 00:01:42:000 / impulsoaleatorio(02) / 00:00:02:000 para top(01)
Mensaje D / 00:01:42:000 / top(01) / 00:00:02:000 para Root(00)
Mensaje * / 00:01:44:000 / Root(00) para top(01)
Mensaje * / 00:01:44:000 / top(01) para impulsoaleatorio(02)
Mensaje D / 00:01:44:000 / impulsoaleatorio(02) / 00:00:02:000 para top(01)
Mensaje D / 00:01:44:000 / top(01) / 00:00:02:000 para Root(00)
Mensaje * / 00:01:46:000 / Root(00) para top(01)
Mensaje * / 00:01:46:000 / top(01) para impulsoaleatorio(02)
Mensaje D / 00:01:46:000 / impulsoaleatorio(02) / 00:00:02:000 para top(01)
Mensaje D / 00:01:46:000 / top(01) / 00:00:02:000 para Root(00)
Mensaje * / 00:01:48:000 / Root(00) para top(01)
Mensaje * / 00:01:48:000 / top(01) para impulsoaleatorio(02)
Mensaje D / 00:01:48:000 / impulsoaleatorio(02) / 00:00:02:000 para top(01)
Mensaje D / 00:01:48:000 / top(01) / 00:00:02:000 para Root(00)
Mensaje * / 00:01:50:000 / Root(00) para top(01)
Mensaje * / 00:01:50:000 / top(01) para impulsoaleatorio(02)
Mensaje D / 00:01:50:000 / impulsoaleatorio(02) / 00:00:02:000 para top(01)
Mensaje D / 00:01:50:000 / top(01) / 00:00:02:000 para Root(00)
Mensaje * / 00:01:52:000 / Root(00) para top(01)
Mensaje * / 00:01:52:000 / top(01) para impulsoaleatorio(02)
Mensaje D / 00:01:52:000 / impulsoaleatorio(02) / 00:00:02:000 para top(01)
Mensaje D / 00:01:52:000 / top(01) / 00:00:02:000 para Root(00)
Mensaje * / 00:01:54:000 / Root(00) para top(01)
Mensaje * / 00:01:54:000 / top(01) para impulsoaleatorio(02)
Mensaje D / 00:01:54:000 / impulsoaleatorio(02) / 00:00:02:000 para top(01)
Mensaje D / 00:01:54:000 / top(01) / 00:00:02:000 para Root(00)
Mensaje * / 00:01:56:000 / Root(00) para top(01)
Mensaje * / 00:01:56:000 / top(01) para impulsoaleatorio(02)
Mensaje D / 00:01:56:000 / impulsoaleatorio(02) / 00:00:02:000 para top(01)
Mensaje D / 00:01:56:000 / top(01) / 00:00:02:000 para Root(00)
Mensaje * / 00:01:58:000 / Root(00) para top(01)
Mensaje * / 00:01:58:000 / top(01) para impulsoaleatorio(02)
Mensaje D / 00:01:58:000 / impulsoaleatorio(02) / 00:00:02:000 para top(01)
Mensaje D / 00:01:58:000 / top(01) / 00:00:02:000 para Root(00)
Mensaje * / 00:02:00:000 / Root(00) para top(01)
Mensaje * / 00:02:00:000 / top(01) para impulsoaleatorio(02)
Mensaje D / 00:02:00:000 / impulsoaleatorio(02) / 00:00:02:000 para top(01)
Mensaje D / 00:02:00:000 / top(01) / 00:00:02:000 para Root(00)
Mensaje * / 00:02:02:000 / Root(00) para top(01)
Mensaje * / 00:02:02:000 / top(01) para impulsoaleatorio(02)
Mensaje Y / 00:02:02:000 / impulsoaleatorio(02) / impulso_out /      1.00000 para top(01)
Mensaje D / 00:02:02:000 / impulsoaleatorio(02) / 00:00:02:000 para top(01)
Mensaje Y / 00:02:02:000 / top(01) / impulso /      1.00000 para Root(00)
Mensaje D / 00:02:02:000 / top(01) / 00:00:02:000 para Root(00)
Mensaje * / 00:02:04:000 / Root(00) para top(01)
Mensaje * / 00:02:04:000 / top(01) para impulsoaleatorio(02)
Mensaje D / 00:02:04:000 / impulsoaleatorio(02) / 00:00:02:000 para top(01)
Mensaje D / 00:02:04:000 / top(01) / 00:00:02:000 para Root(00)
Mensaje * / 00:02:06:000 / Root(00) para top(01)
Mensaje * / 00:02:06:000 / top(01) para impulsoaleatorio(02)
Mensaje D / 00:02:06:000 / impulsoaleatorio(02) / 00:00:02:000 para top(01)
Mensaje D / 00:02:06:000 / top(01) / 00:00:02:000 para Root(00)
Mensaje * / 00:02:08:000 / Root(00) para top(01)
Mensaje * / 00:02:08:000 / top(01) para impulsoaleatorio(02)
Mensaje D / 00:02:08:000 / impulsoaleatorio(02) / 00:00:02:000 para top(01)
Mensaje D / 00:02:08:000 / top(01) / 00:00:02:000 para Root(00)
Mensaje * / 00:02:10:000 / Root(00) para top(01)
Mensaje * / 00:02:10:000 / top(01) para impulsoaleatorio(02)
Mensaje D / 00:02:10:000 / impulsoaleatorio(02) / 00:00:02:000 para top(01)
Mensaje D / 00:02:10:000 / top(01) / 00:00:02:000 para Root(00)
Mensaje * / 00:02:12:000 / Root(00) para top(01)
Mensaje * / 00:02:12:000 / top(01) para impulsoaleatorio(02)
Mensaje D / 00:02:12:000 / impulsoaleatorio(02) / 00:00:02:000 para top(01)
Mensaje D / 00:02:12:000 / top(01) / 00:00:02:000 para Root(00)
Mensaje * / 00:02:14:000 / Root(00) para top(01)
Mensaje * / 00:02:14:000 / top(01) para impulsoaleatorio(02)
Mensaje D / 00:02:14:000 / impulsoaleatorio(02) / 00:00:02:000 para top(01)
Mensaje D / 00:02:14:000 / top(01) / 00:00:02:000 para Root(00)
Mensaje * / 00:02:16:000 / Root(00) para top(01)
Mensaje * / 00:02:16:000 / top(01) para impulsoaleatorio(02)
Mensaje D / 00:02:16:000 / impulsoaleatorio(02) / 00:00:02:000 para top(01)
Mensaje D / 00:02:16:000 / top(01) / 00:00:02:000 para Root(00)
Mensaje * / 00:02:18:000 / Root(00) para top(01)
Mensaje * / 00:02:18:000 / top(01) para impulsoaleatorio(02)
Mensaje D / 00:02:18:000 / impulsoaleatorio(02) / 00:00:02:000 para top(01)
Mensaje D / 00:02:18:000 / top(01) / 00:00:02:000 para Root(00)
Mensaje * / 00:02:20:000 / Root(00) para top(01)
Mensaje * / 00:02:20:000 / top(01) para impulsoaleatorio(02)
Mensaje D / 00:02:20:000 / impulsoaleatorio(02) / 00:00:02:000 para top(01)
Mensaje D / 00:02:20:000 / top(01) / 00:00:02:000 para Root(00)
Mensaje * / 00:02:22:000 / Root(00) para top(01)
Mensaje * / 00:02:22:000 / top(01) para impulsoaleatorio(02)
Mensaje D / 00:02:22:000 / impulsoaleatorio(02) / 00:00:02:000 para top(01)
Mensaje D / 00:02:22:000 / top(01) / 00:00:02:000 para Root(00)
Mensaje * / 00:02:24:000 / Root(00) para top(01)
Mensaje * / 00:02:24:000 / top(01) para impulsoaleatorio(02)
Mensaje D / 00:02:24:000 / impulsoaleatorio(02) / 00:00:02:000 para top(01)
Mensaje D / 00:02:24:000 / top(01) / 00:00:02:000 para Root(00)
Mensaje * / 00:02:26:000 / Root(00) para top(01)
Mensaje * / 00:02:26:000 / top(01) para impulsoaleatorio(02)
Mensaje D / 00:02:26:000 / impulsoaleatorio(02) / 00:00:02:000 para top(01)
Mensaje D / 00:02:26:000 / top(01) / 00:00:02:000 para Root(00)
Mensaje * / 00:02:28:000 / Root(00) para top(01)
Mensaje * / 00:02:28:000 / top(01) para impulsoaleatorio(02)
Mensaje D / 00:02:28:000 / impulsoaleatorio(02) / 00:00:02:000 para top(01)
Mensaje D / 00:02:28:000 / top(01) / 00:00:02:000 para Root(00)
Mensaje * / 00:02:30:000 / Root(00) para top(01)
Mensaje * / 00:02:30:000 / top(01) para impulsoaleatorio(02)
Mensaje D / 00:02:30:000 / impulsoaleatorio(02) / 00:00:02:000 para top(01)
Mensaje D / 00:02:30:000 / top(01) / 00:00:02:000 para Root(00)
Mensaje * / 00:02:32:000 / Root(00) para top(01)
Mensaje * / 00:02:32:000 / top(01) para impulsoaleatorio(02)
Mensaje D / 00:02:32:000 / impulsoaleatorio(02) / 00:00:02:000 para top(01)
Mensaje D / 00:02:32:000 / top(01) / 00:00:02:000 para Root(00)
Mensaje * / 00:02:34:000 / Root(00) para top(01)
Mensaje * / 00:02:34:000 / top(01) para impulsoaleatorio(02)
Mensaje D / 00:02:34:000 / impulsoaleatorio(02) / 00:00:02:000 para top(01)
Mensaje D / 00:02:34:000 / top(01) / 00:00:02:000 para Root(00)
Mensaje * / 00:02:36:000 / Root(00) para top(01)
Mensaje * / 00:02:36:000 / top(01) para impulsoaleatorio(02)
Mensaje D / 00:02:36:000 / impulsoaleatorio(02) / 00:00:02:000 para top(01)
Mensaje D / 00:02:36:000 / top(01) / 00:00:02:000 para Root(00)
Mensaje * / 00:02:38:000 / Root(00) para top(01)
Mensaje * / 00:02:38:000 / top(01) para impulsoaleatorio(02)
Mensaje D / 00:02:38:000 / impulsoaleatorio(02) / 00:00:02:000 para top(01)
Mensaje D / 00:02:38:000 / top(01) / 00:00:02:000 para Root(00)
Mensaje * / 00:02:40:000 / Root(00) para top(01)
Mensaje * / 00:02:40:000 / top(01) para impulsoaleatorio(02)
Mensaje D / 00:02:40:000 / impulsoaleatorio(02) / 00:00:02:000 para top(01)
Mensaje D / 00:02:40:000 / top(01) / 00:00:02:000 para Root(00)
Mensaje * / 00:02:42:000 / Root(00) para top(01)
Mensaje * / 00:02:42:000 / top(01) para impulsoaleatorio(02)
Mensaje Y / 00:02:42:000 / impulsoaleatorio(02) / impulso_out /      1.00000 para top(01)
Mensaje D / 00:02:42:000 / impulsoaleatorio(02) / 00:00:02:000 para top(01)
Mensaje Y / 00:02:42:000 / top(01) / impulso /      1.00000 para Root(00)
Mensaje D / 00:02:42:000 / top(01) / 00:00:02:000 para Root(00)
Mensaje * / 00:02:44:000 / Root(00) para top(01)
Mensaje * / 00:02:44:000 / top(01) para impulsoaleatorio(02)
Mensaje D / 00:02:44:000 / impulsoaleatorio(02) / 00:00:02:000 para top(01)
Mensaje D / 00:02:44:000 / top(01) / 00:00:02:000 para Root(00)
Mensaje * / 00:02:46:000 / Root(00) para top(01)
Mensaje * / 00:02:46:000 / top(01) para impulsoaleatorio(02)
Mensaje D / 00:02:46:000 / impulsoaleatorio(02) / 00:00:02:000 para top(01)
Mensaje D / 00:02:46:000 / top(01) / 00:00:02:000 para Root(00)
Mensaje * / 00:02:48:000 / Root(00) para top(01)
Mensaje * / 00:02:48:000 / top(01) para impulsoaleatorio(02)
Mensaje D / 00:02:48:000 / impulsoaleatorio(02) / 00:00:02:000 para top(01)
Mensaje D / 00:02:48:000 / top(01) / 00:00:02:000 para Root(00)
Mensaje * / 00:02:50:000 / Root(00) para top(01)
Mensaje * / 00:02:50:000 / top(01) para impulsoaleatorio(02)
Mensaje D / 00:02:50:000 / impulsoaleatorio(02) / 00:00:02:000 para top(01)
Mensaje D / 00:02:50:000 / top(01) / 00:00:02:000 para Root(00)
Mensaje * / 00:02:52:000 / Root(00) para top(01)
Mensaje * / 00:02:52:000 / top(01) para impulsoaleatorio(02)
Mensaje D / 00:02:52:000 / impulsoaleatorio(02) / 00:00:02:000 para top(01)
Mensaje D / 00:02:52:000 / top(01) / 00:00:02:000 para Root(00)
Mensaje * / 00:02:54:000 / Root(00) para top(01)
Mensaje * / 00:02:54:000 / top(01) para impulsoaleatorio(02)
Mensaje D / 00:02:54:000 / impulsoaleatorio(02) / 00:00:02:000 para top(01)
Mensaje D / 00:02:54:000 / top(01) / 00:00:02:000 para Root(00)
Mensaje * / 00:02:56:000 / Root(00) para top(01)
Mensaje * / 00:02:56:000 / top(01) para impulsoaleatorio(02)
Mensaje D / 00:02:56:000 / impulsoaleatorio(02) / 00:00:02:000 para top(01)
Mensaje D / 00:02:56:000 / top(01) / 00:00:02:000 para Root(00)
Mensaje * / 00:02:58:000 / Root(00) para top(01)
Mensaje * / 00:02:58:000 / top(01) para impulsoaleatorio(02)
Mensaje D / 00:02:58:000 / impulsoaleatorio(02) / 00:00:02:000 para top(01)
Mensaje D / 00:02:58:000 / top(01) / 00:00:02:000 para Root(00)
Mensaje * / 00:03:00:000 / Root(00) para top(01)
Mensaje * / 00:03:00:000 / top(01) para impulsoaleatorio(02)
Mensaje D / 00:03:00:000 / impulsoaleatorio(02) / 00:00:02:000 para top(01)
Mensaje D / 00:03:00:000 / top(01) / 00:00:02:000 para Root(00)
Mensaje * / 00:03:02:000 / Root(00) para top(01)
Mensaje * / 00:03:02:000 / top(01) para impulsoaleatorio(02)
Mensaje Y / 00:03:02:000 / impulsoaleatorio(02) / impulso_out /      1.00000 para top(01)
Mensaje D / 00:03:02:000 / impulsoaleatorio(02) / 00:00:02:000 para top(01)
Mensaje Y / 00:03:02:000 / top(01) / impulso /      1.00000 para Root(00)
Mensaje D / 00:03:02:000 / top(01) / 00:00:02:000 para Root(00)
Mensaje * / 00:03:04:000 / Root(00) para top(01)
Mensaje * / 00:03:04:000 / top(01) para impulsoaleatorio(02)
Mensaje D / 00:03:04:000 / impulsoaleatorio(02) / 00:00:02:000 para top(01)
Mensaje D / 00:03:04:000 / top(01) / 00:00:02:000 para Root(00)
Mensaje * / 00:03:06:000 / Root(00) para top(01)
Mensaje * / 00:03:06:000 / top(01) para impulsoaleatorio(02)
Mensaje D / 00:03:06:000 / impulsoaleatorio(02) / 00:00:02:000 para top(01)
Mensaje D / 00:03:06:000 / top(01) / 00:00:02:000 para Root(00)
Mensaje * / 00:03:08:000 / Root(00) para top(01)
Mensaje * / 00:03:08:000 / top(01) para impulsoaleatorio(02)
Mensaje D / 00:03:08:000 / impulsoaleatorio(02) / 00:00:02:000 para top(01)
Mensaje D / 00:03:08:000 / top(01) / 00:00:02:000 para Root(00)
Mensaje * / 00:03:10:000 / Root(00) para top(01)
Mensaje * / 00:03:10:000 / top(01) para impulsoaleatorio(02)
Mensaje D / 00:03:10:000 / impulsoaleatorio(02) / 00:00:02:000 para top(01)
Mensaje D / 00:03:10:000 / top(01) / 00:00:02:000 para Root(00)
Mensaje * / 00:03:12:000 / Root(00) para top(01)
Mensaje * / 00:03:12:000 / top(01) para impulsoaleatorio(02)
Mensaje D / 00:03:12:000 / impulsoaleatorio(02) / 00:00:02:000 para top(01)
Mensaje D / 00:03:12:000 / top(01) / 00:00:02:000 para Root(00)
Mensaje * / 00:03:14:000 / Root(00) para top(01)
Mensaje * / 00:03:14:000 / top(01) para impulsoaleatorio(02)
Mensaje D / 00:03:14:000 / impulsoaleatorio(02) / 00:00:02:000 para top(01)
Mensaje D / 00:03:14:000 / top(01) / 00:00:02:000 para Root(00)
Mensaje * / 00:03:16:000 / Root(00) para top(01)
Mensaje * / 00:03:16:000 / top(01) para impulsoaleatorio(02)
Mensaje D / 00:03:16:000 / impulsoaleatorio(02) / 00:00:02:000 para top(01)
Mensaje D / 00:03:16:000 / top(01) / 00:00:02:000 para Root(00)
Mensaje * / 00:03:18:000 / Root(00) para top(01)
Mensaje * / 00:03:18:000 / top(01) para impulsoaleatorio(02)
Mensaje D / 00:03:18:000 / impulsoaleatorio(02) / 00:00:02:000 para top(01)
Mensaje D / 00:03:18:000 / top(01) / 00:00:02:000 para Root(00)
Mensaje * / 00:03:20:000 / Root(00) para top(01)
Mensaje * / 00:03:20:000 / top(01) para impulsoaleatorio(02)
Mensaje D / 00:03:20:000 / impulsoaleatorio(02) / 00:00:02:000 para top(01)
Mensaje D / 00:03:20:000 / top(01) / 00:00:02:000 para Root(00)
Mensaje * / 00:03:22:000 / Root(00) para top(01)
Mensaje * / 00:03:22:000 / top(01) para impulsoaleatorio(02)
Mensaje D / 00:03:22:000 / impulsoaleatorio(02) / 00:00:02:000 para top(01)
Mensaje D / 00:03:22:000 / top(01) / 00:00:02:000 para Root(00)
Mensaje * / 00:03:24:000 / Root(00) para top(01)
Mensaje * / 00:03:24:000 / top(01) para impulsoaleatorio(02)
Mensaje D / 00:03:24:000 / impulsoaleatorio(02) / 00:00:02:000 para top(01)
Mensaje D / 00:03:24:000 / top(01) / 00:00:02:000 para Root(00)
Mensaje * / 00:03:26:000 / Root(00) para top(01)
Mensaje * / 00:03:26:000 / top(01) para impulsoaleatorio(02)
Mensaje D / 00:03:26:000 / impulsoaleatorio(02) / 00:00:02:000 para top(01)
Mensaje D / 00:03:26:000 / top(01) / 00:00:02:000 para Root(00)
Mensaje * / 00:03:28:000 / Root(00) para top(01)
Mensaje * / 00:03:28:000 / top(01) para impulsoaleatorio(02)
Mensaje D / 00:03:28:000 / impulsoaleatorio(02) / 00:00:02:000 para top(01)
Mensaje D / 00:03:28:000 / top(01) / 00:00:02:000 para Root(00)
Mensaje * / 00:03:30:000 / Root(00) para top(01)
Mensaje * / 00:03:30:000 / top(01) para impulsoaleatorio(02)
Mensaje D / 00:03:30:000 / impulsoaleatorio(02) / 00:00:02:000 para top(01)
Mensaje D / 00:03:30:000 / top(01) / 00:00:02:000 para Root(00)
Mensaje * / 00:03:32:000 / Root(00) para top(01)
Mensaje * / 00:03:32:000 / top(01) para impulsoaleatorio(02)
Mensaje D / 00:03:32:000 / impulsoaleatorio(02) / 00:00:02:000 para top(01)
Mensaje D / 00:03:32:000 / top(01) / 00:00:02:000 para Root(00)
Mensaje * / 00:03:34:000 / Root(00) para top(01)
Mensaje * / 00:03:34:000 / top(01) para impulsoaleatorio(02)
Mensaje D / 00:03:34:000 / impulsoaleatorio(02) / 00:00:02:000 para top(01)
Mensaje D / 00:03:34:000 / top(01) / 00:00:02:000 para Root(00)
Mensaje * / 00:03:36:000 / Root(00) para top(01)
Mensaje * / 00:03:36:000 / top(01) para impulsoaleatorio(02)
Mensaje D / 00:03:36:000 / impulsoaleatorio(02) / 00:00:02:000 para top(01)
Mensaje D / 00:03:36:000 / top(01) / 00:00:02:000 para Root(00)
Mensaje * / 00:03:38:000 / Root(00) para top(01)
Mensaje * / 00:03:38:000 / top(01) para impulsoaleatorio(02)
Mensaje D / 00:03:38:000 / impulsoaleatorio(02) / 00:00:02:000 para top(01)
Mensaje D / 00:03:38:000 / top(01) / 00:00:02:000 para Root(00)
Mensaje * / 00:03:40:000 / Root(00) para top(01)
Mensaje * / 00:03:40:000 / top(01) para impulsoaleatorio(02)
Mensaje D / 00:03:40:000 / impulsoaleatorio(02) / 00:00:02:000 para top(01)
Mensaje D / 00:03:40:000 / top(01) / 00:00:02:000 para Root(00)
Mensaje * / 00:03:42:000 / Root(00) para top(01)
Mensaje * / 00:03:42:000 / top(01) para impulsoaleatorio(02)
Mensaje D / 00:03:42:000 / impulsoaleatorio(02) / 00:00:02:000 para top(01)
Mensaje D / 00:03:42:000 / top(01) / 00:00:02:000 para Root(00)
Mensaje * / 00:03:44:000 / Root(00) para top(01)
Mensaje * / 00:03:44:000 / top(01) para impulsoaleatorio(02)
Mensaje D / 00:03:44:000 / impulsoaleatorio(02) / 00:00:02:000 para top(01)
Mensaje D / 00:03:44:000 / top(01) / 00:00:02:000 para Root(00)
Mensaje * / 00:03:46:000 / Root(00) para top(01)
Mensaje * / 00:03:46:000 / top(01) para impulsoaleatorio(02)
Mensaje D / 00:03:46:000 / impulsoaleatorio(02) / 00:00:02:000 para top(01)
Mensaje D / 00:03:46:000 / top(01) / 00:00:02:000 para Root(00)
Mensaje * / 00:03:48:000 / Root(00) para top(01)
Mensaje * / 00:03:48:000 / top(01) para impulsoaleatorio(02)
Mensaje D / 00:03:48:000 / impulsoaleatorio(02) / 00:00:02:000 para top(01)
Mensaje D / 00:03:48:000 / top(01) / 00:00:02:000 para Root(00)
Mensaje * / 00:03:50:000 / Root(00) para top(01)
Mensaje * / 00:03:50:000 / top(01) para impulsoaleatorio(02)
Mensaje D / 00:03:50:000 / impulsoaleatorio(02) / 00:00:02:000 para top(01)
Mensaje D / 00:03:50:000 / top(01) / 00:00:02:000 para Root(00)
Mensaje * / 00:03:52:000 / Root(00) para top(01)
Mensaje * / 00:03:52:000 / top(01) para impulsoaleatorio(02)
Mensaje D / 00:03:52:000 / impulsoaleatorio(02) / 00:00:02:000 para top(01)
Mensaje D / 00:03:52:000 / top(01) / 00:00:02:000 para Root(00)
Mensaje * / 00:03:54:000 / Root(00) para top(01)
Mensaje * / 00:03:54:000 / top(01) para impulsoaleatorio(02)
Mensaje D / 00:03:54:000 / impulsoaleatorio(02) / 00:00:02:000 para top(01)
Mensaje D / 00:03:54:000 / top(01) / 00:00:02:000 para Root(00)
Mensaje * / 00:03:56:000 / Root(00) para top(01)
Mensaje * / 00:03:56:000 / top(01) para impulsoaleatorio(02)
Mensaje D / 00:03:56:000 / impulsoaleatorio(02) / 00:00:02:000 para top(01)
Mensaje D / 00:03:56:000 / top(01) / 00:00:02:000 para Root(00)
Mensaje * / 00:03:58:000 / Root(00) para top(01)
Mensaje * / 00:03:58:000 / top(01) para impulsoaleatorio(02)
Mensaje D / 00:03:58:000 / impulsoaleatorio(02) / 00:00:02:000 para top(01)
Mensaje D / 00:03:58:000 / top(01) / 00:00:02:000 para Root(00)
Mensaje * / 00:04:00:000 / Root(00) para top(01)
Mensaje * / 00:04:00:000 / top(01) para impulsoaleatorio(02)
Mensaje D / 00:04:00:000 / impulsoaleatorio(02) / 00:00:02:000 para top(01)
Mensaje D / 00:04:00:000 / top(01) / 00:00:02:000 para Root(00)
Mensaje * / 00:04:02:000 / Root(00) para top(01)
Mensaje * / 00:04:02:000 / top(01) para impulsoaleatorio(02)
Mensaje D / 00:04:02:000 / impulsoaleatorio(02) / 00:00:02:000 para top(01)
Mensaje D / 00:04:02:000 / top(01) / 00:00:02:000 para Root(00)
Mensaje * / 00:04:04:000 / Root(00) para top(01)
Mensaje * / 00:04:04:000 / top(01) para impulsoaleatorio(02)
Mensaje D / 00:04:04:000 / impulsoaleatorio(02) / 00:00:02:000 para top(01)
Mensaje D / 00:04:04:000 / top(01) / 00:00:02:000 para Root(00)
Mensaje * / 00:04:06:000 / Root(00) para top(01)
Mensaje * / 00:04:06:000 / top(01) para impulsoaleatorio(02)
Mensaje D / 00:04:06:000 / impulsoaleatorio(02) / 00:00:02:000 para top(01)
Mensaje D / 00:04:06:000 / top(01) / 00:00:02:000 para Root(00)
Mensaje * / 00:04:08:000 / Root(00) para top(01)
Mensaje * / 00:04:08:000 / top(01) para impulsoaleatorio(02)
Mensaje D / 00:04:08:000 / impulsoaleatorio(02) / 00:00:02:000 para top(01)
Mensaje D / 00:04:08:000 / top(01) / 00:00:02:000 para Root(00)
Mensaje * / 00:04:10:000 / Root(00) para top(01)
Mensaje * / 00:04:10:000 / top(01) para impulsoaleatorio(02)
Mensaje D / 00:04:10:000 / impulsoaleatorio(02) / 00:00:02:000 para top(01)
Mensaje D / 00:04:10:000 / top(01) / 00:00:02:000 para Root(00)
Mensaje * / 00:04:12:000 / Root(00) para top(01)
Mensaje * / 00:04:12:000 / top(01) para impulsoaleatorio(02)
Mensaje D / 00:04:12:000 / impulsoaleatorio(02) / 00:00:02:000 para top(01)
Mensaje D / 00:04:12:000 / top(01) / 00:00:02:000 para Root(00)
Mensaje * / 00:04:14:000 / Root(00) para top(01)
Mensaje * / 00:04:14:000 / top(01) para impulsoaleatorio(02)
Mensaje D / 00:04:14:000 / impulsoaleatorio(02) / 00:00:02:000 para top(01)
Mensaje D / 00:04:14:000 / top(01) / 00:00:02:000 para Root(00)
Mensaje * / 00:04:16:000 / Root(00) para top(01)
Mensaje * / 00:04:16:000 / top(01) para impulsoaleatorio(02)
Mensaje D / 00:04:16:000 / impulsoaleatorio(02) / 00:00:02:000 para top(01)
Mensaje D / 00:04:16:000 / top(01) / 00:00:02:000 para Root(00)
Mensaje * / 00:04:18:000 / Root(00) para top(01)
Mensaje * / 00:04:18:000 / top(01) para impulsoaleatorio(02)
Mensaje D / 00:04:18:000 / impulsoaleatorio(02) / 00:00:02:000 para top(01)
Mensaje D / 00:04:18:000 / top(01) / 00:00:02:000 para Root(00)
Mensaje * / 00:04:20:000 / Root(00) para top(01)
Mensaje * / 00:04:20:000 / top(01) para impulsoaleatorio(02)
Mensaje D / 00:04:20:000 / impulsoaleatorio(02) / 00:00:02:000 para top(01)
Mensaje D / 00:04:20:000 / top(01) / 00:00:02:000 para Root(00)
Mensaje * / 00:04:22:000 / Root(00) para top(01)
Mensaje * / 00:04:22:000 / top(01) para impulsoaleatorio(02)
Mensaje D / 00:04:22:000 / impulsoaleatorio(02) / 00:00:02:000 para top(01)
Mensaje D / 00:04:22:000 / top(01) / 00:00:02:000 para Root(00)
Mensaje * / 00:04:24:000 / Root(00) para top(01)
Mensaje * / 00:04:24:000 / top(01) para impulsoaleatorio(02)
Mensaje D / 00:04:24:000 / impulsoaleatorio(02) / 00:00:02:000 para top(01)
Mensaje D / 00:04:24:000 / top(01) / 00:00:02:000 para Root(00)
Mensaje * / 00:04:26:000 / Root(00) para top(01)
Mensaje * / 00:04:26:000 / top(01) para impulsoaleatorio(02)
Mensaje D / 00:04:26:000 / impulsoaleatorio(02) / 00:00:02:000 para top(01)
Mensaje D / 00:04:26:000 / top(01) / 00:00:02:000 para Root(00)
Mensaje * / 00:04:28:000 / Root(00) para top(01)
Mensaje * / 00:04:28:000 / top(01) para impulsoaleatorio(02)
Mensaje D / 00:04:28:000 / impulsoaleatorio(02) / 00:00:02:000 para top(01)
Mensaje D / 00:04:28:000 / top(01) / 00:00:02:000 para Root(00)
Mensaje * / 00:04:30:000 / Root(00) para top(01)
Mensaje * / 00:04:30:000 / top(01) para impulsoaleatorio(02)
Mensaje D / 00:04:30:000 / impulsoaleatorio(02) / 00:00:02:000 para top(01)
Mensaje D / 00:04:30:000 / top(01) / 00:00:02:000 para Root(00)
Mensaje * / 00:04:32:000 / Root(00) para top(01)
Mensaje * / 00:04:32:000 / top(01) para impulsoaleatorio(02)
Mensaje D / 00:04:32:000 / impulsoaleatorio(02) / 00:00:02:000 para top(01)
Mensaje D / 00:04:32:000 / top(01) / 00:00:02:000 para Root(00)
Mensaje * / 00:04:34:000 / Root(00) para top(01)
Mensaje * / 00:04:34:000 / top(01) para impulsoaleatorio(02)
Mensaje D / 00:04:34:000 / impulsoaleatorio(02) / 00:00:02:000 para top(01)
Mensaje D / 00:04:34:000 / top(01) / 00:00:02:000 para Root(00)
Mensaje * / 00:04:36:000 / Root(00) para top(01)
Mensaje * / 00:04:36:000 / top(01) para impulsoaleatorio(02)
Mensaje D / 00:04:36:000 / impulsoaleatorio(02) / 00:00:02:000 para top(01)
Mensaje D / 00:04:36:000 / top(01) / 00:00:02:000 para Root(00)
Mensaje * / 00:04:38:000 / Root(00) para top(01)
Mensaje * / 00:04:38:000 / top(01) para impulsoaleatorio(02)
Mensaje D / 00:04:38:000 / impulsoaleatorio(02) / 00:00:02:000 para top(01)
Mensaje D / 00:04:38:000 / top(01) / 00:00:02:000 para Root(00)
Mensaje * / 00:04:40:000 / Root(00) para top(01)
Mensaje * / 00:04:40:000 / top(01) para impulsoaleatorio(02)
Mensaje D / 00:04:40:000 / impulsoaleatorio(02) / 00:00:02:000 para top(01)
Mensaje D / 00:04:40:000 / top(01) / 00:00:02:000 para Root(00)
Mensaje * / 00:04:42:000 / Root(00) para top(01)
Mensaje * / 00:04:42:000 / top(01) para impulsoaleatorio(02)
Mensaje D / 00:04:42:000 / impulsoaleatorio(02) / 00:00:02:000 para top(01)
Mensaje D / 00:04:42:000 / top(01) / 00:00:02:000 para Root(00)
Mensaje * / 00:04:44:000 / Root(00) para top(01)
Mensaje * / 00:04:44:000 / top(01) para impulsoaleatorio(02)
Mensaje D / 00:04:44:000 / impulsoaleatorio(02) / 00:00:02:000 para top(01)
Mensaje D / 00:04:44:000 / top(01) / 00:00:02:000 para Root(00)
Mensaje * / 00:04:46:000 / Root(00) para top(01)
Mensaje * / 00:04:46:000 / top(01) para impulsoaleatorio(02)
Mensaje D / 00:04:46:000 / impulsoaleatorio(02) / 00:00:02:000 para top(01)
Mensaje D / 00:04:46:000 / top(01) / 00:00:02:000 para Root(00)
Mensaje * / 00:04:48:000 / Root(00) para top(01)
Mensaje * / 00:04:48:000 / top(01) para impulsoaleatorio(02)
Mensaje D / 00:04:48:000 / impulsoaleatorio(02) / 00:00:02:000 para top(01)
Mensaje D / 00:04:48:000 / top(01) / 00:00:02:000 para Root(00)
Mensaje * / 00:04:50:000 / Root(00) para top(01)
Mensaje * / 00:04:50:000 / top(01) para impulsoaleatorio(02)
Mensaje D / 00:04:50:000 / impulsoaleatorio(02) / 00:00:02:000 para top(01)
Mensaje D / 00:04:50:000 / top(01) / 00:00:02:000 para Root(00)
Mensaje * / 00:04:52:000 / Root(00) para top(01)
Mensaje * / 00:04:52:000 / top(01) para impulsoaleatorio(02)
Mensaje D / 00:04:52:000 / impulsoaleatorio(02) / 00:00:02:000 para top(01)
Mensaje D / 00:04:52:000 / top(01) / 00:00:02:000 para Root(00)
Mensaje * / 00:04:54:000 / Root(00) para top(01)
Mensaje * / 00:04:54:000 / top(01) para impulsoaleatorio(02)
Mensaje D / 00:04:54:000 / impulsoaleatorio(02) / 00:00:02:000 para top(01)
Mensaje D / 00:04:54:000 / top(01) / 00:00:02:000 para Root(00)
Mensaje * / 00:04:56:000 / Root(00) para top(01)
Mensaje * / 00:04:56:000 / top(01) para impulsoaleatorio(02)
Mensaje D / 00:04:56:000 / impulsoaleatorio(02) / 00:00:02:000 para top(01)
Mensaje D / 00:04:56:000 / top(01) / 00:00:02:000 para Root(00)
Mensaje * / 00:04:58:000 / Root(00) para top(01)
Mensaje * / 00:04:58:000 / top(01) para impulsoaleatorio(02)
Mensaje D / 00:04:58:000 / impulsoaleatorio(02) / 00:00:02:000 para top(01)
Mensaje D / 00:04:58:000 / top(01) / 00:00:02:000 para Root(00)
Mensaje * / 00:05:00:000 / Root(00) para top(01)
Mensaje * / 00:05:00:000 / top(01) para impulsoaleatorio(02)
Mensaje D / 00:05:00:000 / impulsoaleatorio(02) / 00:00:02:000 para top(01)
Mensaje D / 00:05:00:000 / top(01) / 00:00:02:000 para Root(00)
Mensaje * / 00:05:02:000 / Root(00) para top(01)
Mensaje * / 00:05:02:000 / top(01) para impulsoaleatorio(02)
Mensaje D / 00:05:02:000 / impulsoaleatorio(02) / 00:00:02:000 para top(01)
Mensaje D / 00:05:02:000 / top(01) / 00:00:02:000 para Root(00)
Mensaje * / 00:05:04:000 / Root(00) para top(01)
Mensaje * / 00:05:04:000 / top(01) para impulsoaleatorio(02)
Mensaje D / 00:05:04:000 / impulsoaleatorio(02) / 00:00:02:000 para top(01)
Mensaje D / 00:05:04:000 / top(01) / 00:00:02:000 para Root(00)
Mensaje * / 00:05:06:000 / Root(00) para top(01)
Mensaje * / 00:05:06:000 / top(01) para impulsoaleatorio(02)
Mensaje D / 00:05:06:000 / impulsoaleatorio(02) / 00:00:02:000 para top(01)
Mensaje D / 00:05:06:000 / top(01) / 00:00:02:000 para Root(00)
Mensaje * / 00:05:08:000 / Root(00) para top(01)
Mensaje * / 00:05:08:000 / top(01) para impulsoaleatorio(02)
Mensaje D / 00:05:08:000 / impulsoaleatorio(02) / 00:00:02:000 para top(01)
Mensaje D / 00:05:08:000 / top(01) / 00:00:02:000 para Root(00)
Mensaje * / 00:05:10:000 / Root(00) para top(01)
Mensaje * / 00:05:10:000 / top(01) para impulsoaleatorio(02)
Mensaje D / 00:05:10:000 / impulsoaleatorio(02) / 00:00:02:000 para top(01)
Mensaje D / 00:05:10:000 / top(01) / 00:00:02:000 para Root(00)
Mensaje * / 00:05:12:000 / Root(00) para top(01)
Mensaje * / 00:05:12:000 / top(01) para impulsoaleatorio(02)
Mensaje D / 00:05:12:000 / impulsoaleatorio(02) / 00:00:02:000 para top(01)
Mensaje D / 00:05:12:000 / top(01) / 00:00:02:000 para Root(00)
Mensaje * / 00:05:14:000 / Root(00) para top(01)
Mensaje * / 00:05:14:000 / top(01) para impulsoaleatorio(02)
Mensaje D / 00:05:14:000 / impulsoaleatorio(02) / 00:00:02:000 para top(01)
Mensaje D / 00:05:14:000 / top(01) / 00:00:02:000 para Root(00)
Mensaje * / 00:05:16:000 / Root(00) para top(01)
Mensaje * / 00:05:16:000 / top(01) para impulsoaleatorio(02)
Mensaje D / 00:05:16:000 / impulsoaleatorio(02) / 00:00:02:000 para top(01)
Mensaje D / 00:05:16:000 / top(01) / 00:00:02:000 para Root(00)
Mensaje * / 00:05:18:000 / Root(00) para top(01)
Mensaje * / 00:05:18:000 / top(01) para impulsoaleatorio(02)
Mensaje D / 00:05:18:000 / impulsoaleatorio(02) / 00:00:02:000 para top(01)
Mensaje D / 00:05:18:000 / top(01) / 00:00:02:000 para Root(00)
Mensaje * / 00:05:20:000 / Root(00) para top(01)
Mensaje * / 00:05:20:000 / top(01) para impulsoaleatorio(02)
Mensaje D / 00:05:20:000 / impulsoaleatorio(02) / 00:00:02:000 para top(01)
Mensaje D / 00:05:20:000 / top(01) / 00:00:02:000 para Root(00)
Mensaje * / 00:05:22:000 / Root(00) para top(01)
Mensaje * / 00:05:22:000 / top(01) para impulsoaleatorio(02)
Mensaje Y / 00:05:22:000 / impulsoaleatorio(02) / impulso_out /      1.00000 para top(01)
Mensaje D / 00:05:22:000 / impulsoaleatorio(02) / 00:00:02:000 para top(01)
Mensaje Y / 00:05:22:000 / top(01) / impulso /      1.00000 para Root(00)
Mensaje D / 00:05:22:000 / top(01) / 00:00:02:000 para Root(00)
Mensaje * / 00:05:24:000 / Root(00) para top(01)
Mensaje * / 00:05:24:000 / top(01) para impulsoaleatorio(02)
Mensaje D / 00:05:24:000 / impulsoaleatorio(02) / 00:00:02:000 para top(01)
Mensaje D / 00:05:24:000 / top(01) / 00:00:02:000 para Root(00)
Mensaje * / 00:05:26:000 / Root(00) para top(01)
Mensaje * / 00:05:26:000 / top(01) para impulsoaleatorio(02)
Mensaje D / 00:05:26:000 / impulsoaleatorio(02) / 00:00:02:000 para top(01)
Mensaje D / 00:05:26:000 / top(01) / 00:00:02:000 para Root(00)
Mensaje * / 00:05:28:000 / Root(00) para top(01)
Mensaje * / 00:05:28:000 / top(01) para impulsoaleatorio(02)
Mensaje D / 00:05:28:000 / impulsoaleatorio(02) / 00:00:02:000 para top(01)
Mensaje D / 00:05:28:000 / top(01) / 00:00:02:000 para Root(00)
Mensaje * / 00:05:30:000 / Root(00) para top(01)
Mensaje * / 00:05:30:000 / top(01) para impulsoaleatorio(02)
Mensaje D / 00:05:30:000 / impulsoaleatorio(02) / 00:00:02:000 para top(01)
Mensaje D / 00:05:30:000 / top(01) / 00:00:02:000 para Root(00)
Mensaje * / 00:05:32:000 / Root(00) para top(01)
Mensaje * / 00:05:32:000 / top(01) para impulsoaleatorio(02)
Mensaje D / 00:05:32:000 / impulsoaleatorio(02) / 00:00:02:000 para top(01)
Mensaje D / 00:05:32:000 / top(01) / 00:00:02:000 para Root(00)
Mensaje * / 00:05:34:000 / Root(00) para top(01)
Mensaje * / 00:05:34:000 / top(01) para impulsoaleatorio(02)
Mensaje D / 00:05:34:000 / impulsoaleatorio(02) / 00:00:02:000 para top(01)
Mensaje D / 00:05:34:000 / top(01) / 00:00:02:000 para Root(00)
Mensaje * / 00:05:36:000 / Root(00) para top(01)
Mensaje * / 00:05:36:000 / top(01) para impulsoaleatorio(02)
Mensaje D / 00:05:36:000 / impulsoaleatorio(02) / 00:00:02:000 para top(01)
Mensaje D / 00:05:36:000 / top(01) / 00:00:02:000 para Root(00)
Mensaje * / 00:05:38:000 / Root(00) para top(01)
Mensaje * / 00:05:38:000 / top(01) para impulsoaleatorio(02)
Mensaje D / 00:05:38:000 / impulsoaleatorio(02) / 00:00:02:000 para top(01)
Mensaje D / 00:05:38:000 / top(01) / 00:00:02:000 para Root(00)
Mensaje * / 00:05:40:000 / Root(00) para top(01)
Mensaje * / 00:05:40:000 / top(01) para impulsoaleatorio(02)
Mensaje D / 00:05:40:000 / impulsoaleatorio(02) / 00:00:02:000 para top(01)
Mensaje D / 00:05:40:000 / top(01) / 00:00:02:000 para Root(00)
Mensaje * / 00:05:42:000 / Root(00) para top(01)
Mensaje * / 00:05:42:000 / top(01) para impulsoaleatorio(02)
Mensaje D / 00:05:42:000 / impulsoaleatorio(02) / 00:00:02:000 para top(01)
Mensaje D / 00:05:42:000 / top(01) / 00:00:02:000 para Root(00)
Mensaje * / 00:05:44:000 / Root(00) para top(01)
Mensaje * / 00:05:44:000 / top(01) para impulsoaleatorio(02)
Mensaje D / 00:05:44:000 / impulsoaleatorio(02) / 00:00:02:000 para top(01)
Mensaje D / 00:05:44:000 / top(01) / 00:00:02:000 para Root(00)
Mensaje * / 00:05:46:000 / Root(00) para top(01)
Mensaje * / 00:05:46:000 / top(01) para impulsoaleatorio(02)
Mensaje D / 00:05:46:000 / impulsoaleatorio(02) / 00:00:02:000 para top(01)
Mensaje D / 00:05:46:000 / top(01) / 00:00:02:000 para Root(00)
Mensaje * / 00:05:48:000 / Root(00) para top(01)
Mensaje * / 00:05:48:000 / top(01) para impulsoaleatorio(02)
Mensaje D / 00:05:48:000 / impulsoaleatorio(02) / 00:00:02:000 para top(01)
Mensaje D / 00:05:48:000 / top(01) / 00:00:02:000 para Root(00)
Mensaje * / 00:05:50:000 / Root(00) para top(01)
Mensaje * / 00:05:50:000 / top(01) para impulsoaleatorio(02)
Mensaje D / 00:05:50:000 / impulsoaleatorio(02) / 00:00:02:000 para top(01)
Mensaje D / 00:05:50:000 / top(01) / 00:00:02:000 para Root(00)
Mensaje * / 00:05:52:000 / Root(00) para top(01)
Mensaje * / 00:05:52:000 / top(01) para impulsoaleatorio(02)
Mensaje D / 00:05:52:000 / impulsoaleatorio(02) / 00:00:02:000 para top(01)
Mensaje D / 00:05:52:000 / top(01) / 00:00:02:000 para Root(00)
Mensaje * / 00:05:54:000 / Root(00) para top(01)
Mensaje * / 00:05:54:000 / top(01) para impulsoaleatorio(02)
Mensaje D / 00:05:54:000 / impulsoaleatorio(02) / 00:00:02:000 para top(01)
Mensaje D / 00:05:54:000 / top(01) / 00:00:02:000 para Root(00)
Mensaje * / 00:05:56:000 / Root(00) para top(01)
Mensaje * / 00:05:56:000 / top(01) para impulsoaleatorio(02)
Mensaje D / 00:05:56:000 / impulsoaleatorio(02) / 00:00:02:000 para top(01)
Mensaje D / 00:05:56:000 / top(01) / 00:00:02:000 para Root(00)
Mensaje * / 00:05:58:000 / Root(00) para top(01)
Mensaje * / 00:05:58:000 / top(01) para impulsoaleatorio(02)
Mensaje D / 00:05:58:000 / impulsoaleatorio(02) / 00:00:02:000 para top(01)
Mensaje D / 00:05:58:000 / top(01) / 00:00:02:000 para Root(00)
Mensaje * / 00:06:00:000 / Root(00) para top(01)
Mensaje * / 00:06:00:000 / top(01) para impulsoaleatorio(02)
Mensaje D / 00:06:00:000 / impulsoaleatorio(02) / 00:00:02:000 para top(01)
Mensaje D / 00:06:00:000 / top(01) / 00:00:02:000 para Root(00)
Mensaje * / 00:06:02:000 / Root(00) para top(01)
Mensaje * / 00:06:02:000 / top(01) para impulsoaleatorio(02)
Mensaje D / 00:06:02:000 / impulsoaleatorio(02) / 00:00:02:000 para top(01)
Mensaje D / 00:06:02:000 / top(01) / 00:00:02:000 para Root(00)
Mensaje * / 00:06:04:000 / Root(00) para top(01)
Mensaje * / 00:06:04:000 / top(01) para impulsoaleatorio(02)
Mensaje D / 00:06:04:000 / impulsoaleatorio(02) / 00:00:02:000 para top(01)
Mensaje D / 00:06:04:000 / top(01) / 00:00:02:000 para Root(00)
Mensaje * / 00:06:06:000 / Root(00) para top(01)
Mensaje * / 00:06:06:000 / top(01) para impulsoaleatorio(02)
Mensaje D / 00:06:06:000 / impulsoaleatorio(02) / 00:00:02:000 para top(01)
Mensaje D / 00:06:06:000 / top(01) / 00:00:02:000 para Root(00)
Mensaje * / 00:06:08:000 / Root(00) para top(01)
Mensaje * / 00:06:08:000 / top(01) para impulsoaleatorio(02)
Mensaje D / 00:06:08:000 / impulsoaleatorio(02) / 00:00:02:000 para top(01)
Mensaje D / 00:06:08:000 / top(01) / 00:00:02:000 para Root(00)
Mensaje * / 00:06:10:000 / Root(00) para top(01)
Mensaje * / 00:06:10:000 / top(01) para impulsoaleatorio(02)
Mensaje D / 00:06:10:000 / impulsoaleatorio(02) / 00:00:02:000 para top(01)
Mensaje D / 00:06:10:000 / top(01) / 00:00:02:000 para Root(00)
Mensaje * / 00:06:12:000 / Root(00) para top(01)
Mensaje * / 00:06:12:000 / top(01) para impulsoaleatorio(02)
Mensaje D / 00:06:12:000 / impulsoaleatorio(02) / 00:00:02:000 para top(01)
Mensaje D / 00:06:12:000 / top(01) / 00:00:02:000 para Root(00)
Mensaje * / 00:06:14:000 / Root(00) para top(01)
Mensaje * / 00:06:14:000 / top(01) para impulsoaleatorio(02)
Mensaje D / 00:06:14:000 / impulsoaleatorio(02) / 00:00:02:000 para top(01)
Mensaje D / 00:06:14:000 / top(01) / 00:00:02:000 para Root(00)
Mensaje * / 00:06:16:000 / Root(00) para top(01)
Mensaje * / 00:06:16:000 / top(01) para impulsoaleatorio(02)
Mensaje D / 00:06:16:000 / impulsoaleatorio(02) / 00:00:02:000 para top(01)
Mensaje D / 00:06:16:000 / top(01) / 00:00:02:000 para Root(00)
Mensaje * / 00:06:18:000 / Root(00) para top(01)
Mensaje * / 00:06:18:000 / top(01) para impulsoaleatorio(02)
Mensaje D / 00:06:18:000 / impulsoaleatorio(02) / 00:00:02:000 para top(01)
Mensaje D / 00:06:18:000 / top(01) / 00:00:02:000 para Root(00)
Mensaje * / 00:06:20:000 / Root(00) para top(01)
Mensaje * / 00:06:20:000 / top(01) para impulsoaleatorio(02)
Mensaje D / 00:06:20:000 / impulsoaleatorio(02) / 00:00:02:000 para top(01)
Mensaje D / 00:06:20:000 / top(01) / 00:00:02:000 para Root(00)
Mensaje * / 00:06:22:000 / Root(00) para top(01)
Mensaje * / 00:06:22:000 / top(01) para impulsoaleatorio(02)
Mensaje D / 00:06:22:000 / impulsoaleatorio(02) / 00:00:02:000 para top(01)
Mensaje D / 00:06:22:000 / top(01) / 00:00:02:000 para Root(00)
Mensaje * / 00:06:24:000 / Root(00) para top(01)
Mensaje * / 00:06:24:000 / top(01) para impulsoaleatorio(02)
Mensaje D / 00:06:24:000 / impulsoaleatorio(02) / 00:00:02:000 para top(01)
Mensaje D / 00:06:24:000 / top(01) / 00:00:02:000 para Root(00)
Mensaje * / 00:06:26:000 / Root(00) para top(01)
Mensaje * / 00:06:26:000 / top(01) para impulsoaleatorio(02)
Mensaje D / 00:06:26:000 / impulsoaleatorio(02) / 00:00:02:000 para top(01)
Mensaje D / 00:06:26:000 / top(01) / 00:00:02:000 para Root(00)
Mensaje * / 00:06:28:000 / Root(00) para top(01)
Mensaje * / 00:06:28:000 / top(01) para impulsoaleatorio(02)
Mensaje D / 00:06:28:000 / impulsoaleatorio(02) / 00:00:02:000 para top(01)
Mensaje D / 00:06:28:000 / top(01) / 00:00:02:000 para Root(00)
Mensaje * / 00:06:30:000 / Root(00) para top(01)
Mensaje * / 00:06:30:000 / top(01) para impulsoaleatorio(02)
Mensaje D / 00:06:30:000 / impulsoaleatorio(02) / 00:00:02:000 para top(01)
Mensaje D / 00:06:30:000 / top(01) / 00:00:02:000 para Root(00)
Mensaje * / 00:06:32:000 / Root(00) para top(01)
Mensaje * / 00:06:32:000 / top(01) para impulsoaleatorio(02)
Mensaje D / 00:06:32:000 / impulsoaleatorio(02) / 00:00:02:000 para top(01)
Mensaje D / 00:06:32:000 / top(01) / 00:00:02:000 para Root(00)
Mensaje * / 00:06:34:000 / Root(00) para top(01)
Mensaje * / 00:06:34:000 / top(01) para impulsoaleatorio(02)
Mensaje D / 00:06:34:000 / impulsoaleatorio(02) / 00:00:02:000 para top(01)
Mensaje D / 00:06:34:000 / top(01) / 00:00:02:000 para Root(00)
Mensaje * / 00:06:36:000 / Root(00) para top(01)
Mensaje * / 00:06:36:000 / top(01) para impulsoaleatorio(02)
Mensaje D / 00:06:36:000 / impulsoaleatorio(02) / 00:00:02:000 para top(01)
Mensaje D / 00:06:36:000 / top(01) / 00:00:02:000 para Root(00)
Mensaje * / 00:06:38:000 / Root(00) para top(01)
Mensaje * / 00:06:38:000 / top(01) para impulsoaleatorio(02)
Mensaje D / 00:06:38:000 / impulsoaleatorio(02) / 00:00:02:000 para top(01)
Mensaje D / 00:06:38:000 / top(01) / 00:00:02:000 para Root(00)
Mensaje * / 00:06:40:000 / Root(00) para top(01)
Mensaje * / 00:06:40:000 / top(01) para impulsoaleatorio(02)
Mensaje D / 00:06:40:000 / impulsoaleatorio(02) / 00:00:02:000 para top(01)
Mensaje D / 00:06:40:000 / top(01) / 00:00:02:000 para Root(00)
Mensaje * / 00:06:42:000 / Root(00) para top(01)
Mensaje * / 00:06:42:000 / top(01) para impulsoaleatorio(02)
Mensaje Y / 00:06:42:000 / impulsoaleatorio(02) / impulso_out /      1.00000 para top(01)
Mensaje D / 00:06:42:000 / impulsoaleatorio(02) / 00:00:02:000 para top(01)
Mensaje Y / 00:06:42:000 / top(01) / impulso /      1.00000 para Root(00)
Mensaje D / 00:06:42:000 / top(01) / 00:00:02:000 para Root(00)
Mensaje * / 00:06:44:000 / Root(00) para top(01)
Mensaje * / 00:06:44:000 / top(01) para impulsoaleatorio(02)
Mensaje D / 00:06:44:000 / impulsoaleatorio(02) / 00:00:02:000 para top(01)
Mensaje D / 00:06:44:000 / top(01) / 00:00:02:000 para Root(00)
Mensaje * / 00:06:46:000 / Root(00) para top(01)
Mensaje * / 00:06:46:000 / top(01) para impulsoaleatorio(02)
Mensaje D / 00:06:46:000 / impulsoaleatorio(02) / 00:00:02:000 para top(01)
Mensaje D / 00:06:46:000 / top(01) / 00:00:02:000 para Root(00)
Mensaje * / 00:06:48:000 / Root(00) para top(01)
Mensaje * / 00:06:48:000 / top(01) para impulsoaleatorio(02)
Mensaje D / 00:06:48:000 / impulsoaleatorio(02) / 00:00:02:000 para top(01)
Mensaje D / 00:06:48:000 / top(01) / 00:00:02:000 para Root(00)
Mensaje * / 00:06:50:000 / Root(00) para top(01)
Mensaje * / 00:06:50:000 / top(01) para impulsoaleatorio(02)
Mensaje D / 00:06:50:000 / impulsoaleatorio(02) / 00:00:02:000 para top(01)
Mensaje D / 00:06:50:000 / top(01) / 00:00:02:000 para Root(00)
Mensaje * / 00:06:52:000 / Root(00) para top(01)
Mensaje * / 00:06:52:000 / top(01) para impulsoaleatorio(02)
Mensaje D / 00:06:52:000 / impulsoaleatorio(02) / 00:00:02:000 para top(01)
Mensaje D / 00:06:52:000 / top(01) / 00:00:02:000 para Root(00)
Mensaje * / 00:06:54:000 / Root(00) para top(01)
Mensaje * / 00:06:54:000 / top(01) para impulsoaleatorio(02)
Mensaje D / 00:06:54:000 / impulsoaleatorio(02) / 00:00:02:000 para top(01)
Mensaje D / 00:06:54:000 / top(01) / 00:00:02:000 para Root(00)
Mensaje * / 00:06:56:000 / Root(00) para top(01)
Mensaje * / 00:06:56:000 / top(01) para impulsoaleatorio(02)
Mensaje D / 00:06:56:000 / impulsoaleatorio(02) / 00:00:02:000 para top(01)
Mensaje D / 00:06:56:000 / top(01) / 00:00:02:000 para Root(00)
Mensaje * / 00:06:58:000 / Root(00) para top(01)
Mensaje * / 00:06:58:000 / top(01) para impulsoaleatorio(02)
Mensaje D / 00:06:58:000 / impulsoaleatorio(02) / 00:00:02:000 para top(01)
Mensaje D / 00:06:58:000 / top(01) / 00:00:02:000 para Root(00)
Mensaje * / 00:07:00:000 / Root(00) para top(01)
Mensaje * / 00:07:00:000 / top(01) para impulsoaleatorio(02)
Mensaje D / 00:07:00:000 / impulsoaleatorio(02) / 00:00:02:000 para top(01)
Mensaje D / 00:07:00:000 / top(01) / 00:00:02:000 para Root(00)
Mensaje * / 00:07:02:000 / Root(00) para top(01)
Mensaje * / 00:07:02:000 / top(01) para impulsoaleatorio(02)
Mensaje D / 00:07:02:000 / impulsoaleatorio(02) / 00:00:02:000 para top(01)
Mensaje D / 00:07:02:000 / top(01) / 00:00:02:000 para Root(00)
Mensaje * / 00:07:04:000 / Root(00) para top(01)
Mensaje * / 00:07:04:000 / top(01) para impulsoaleatorio(02)
Mensaje D / 00:07:04:000 / impulsoaleatorio(02) / 00:00:02:000 para top(01)
Mensaje D / 00:07:04:000 / top(01) / 00:00:02:000 para Root(00)
Mensaje * / 00:07:06:000 / Root(00) para top(01)
Mensaje * / 00:07:06:000 / top(01) para impulsoaleatorio(02)
Mensaje D / 00:07:06:000 / impulsoaleatorio(02) / 00:00:02:000 para top(01)
Mensaje D / 00:07:06:000 / top(01) / 00:00:02:000 para Root(00)
Mensaje * / 00:07:08:000 / Root(00) para top(01)
Mensaje * / 00:07:08:000 / top(01) para impulsoaleatorio(02)
Mensaje D / 00:07:08:000 / impulsoaleatorio(02) / 00:00:02:000 para top(01)
Mensaje D / 00:07:08:000 / top(01) / 00:00:02:000 para Root(00)
Mensaje * / 00:07:10:000 / Root(00) para top(01)
Mensaje * / 00:07:10:000 / top(01) para impulsoaleatorio(02)
Mensaje D / 00:07:10:000 / impulsoaleatorio(02) / 00:00:02:000 para top(01)
Mensaje D / 00:07:10:000 / top(01) / 00:00:02:000 para Root(00)
Mensaje * / 00:07:12:000 / Root(00) para top(01)
Mensaje * / 00:07:12:000 / top(01) para impulsoaleatorio(02)
Mensaje D / 00:07:12:000 / impulsoaleatorio(02) / 00:00:02:000 para top(01)
Mensaje D / 00:07:12:000 / top(01) / 00:00:02:000 para Root(00)
Mensaje * / 00:07:14:000 / Root(00) para top(01)
Mensaje * / 00:07:14:000 / top(01) para impulsoaleatorio(02)
Mensaje D / 00:07:14:000 / impulsoaleatorio(02) / 00:00:02:000 para top(01)
Mensaje D / 00:07:14:000 / top(01) / 00:00:02:000 para Root(00)
Mensaje * / 00:07:16:000 / Root(00) para top(01)
Mensaje * / 00:07:16:000 / top(01) para impulsoaleatorio(02)
Mensaje D / 00:07:16:000 / impulsoaleatorio(02) / 00:00:02:000 para top(01)
Mensaje D / 00:07:16:000 / top(01) / 00:00:02:000 para Root(00)
Mensaje * / 00:07:18:000 / Root(00) para top(01)
Mensaje * / 00:07:18:000 / top(01) para impulsoaleatorio(02)
Mensaje D / 00:07:18:000 / impulsoaleatorio(02) / 00:00:02:000 para top(01)
Mensaje D / 00:07:18:000 / top(01) / 00:00:02:000 para Root(00)
Mensaje * / 00:07:20:000 / Root(00) para top(01)
Mensaje * / 00:07:20:000 / top(01) para impulsoaleatorio(02)
Mensaje D / 00:07:20:000 / impulsoaleatorio(02) / 00:00:02:000 para top(01)
Mensaje D / 00:07:20:000 / top(01) / 00:00:02:000 para Root(00)
Mensaje * / 00:07:22:000 / Root(00) para top(01)
Mensaje * / 00:07:22:000 / top(01) para impulsoaleatorio(02)
Mensaje Y / 00:07:22:000 / impulsoaleatorio(02) / impulso_out /      1.00000 para top(01)
Mensaje D / 00:07:22:000 / impulsoaleatorio(02) / 00:00:02:000 para top(01)
Mensaje Y / 00:07:22:000 / top(01) / impulso /      1.00000 para Root(00)
Mensaje D / 00:07:22:000 / top(01) / 00:00:02:000 para Root(00)
Mensaje * / 00:07:24:000 / Root(00) para top(01)
Mensaje * / 00:07:24:000 / top(01) para impulsoaleatorio(02)
Mensaje D / 00:07:24:000 / impulsoaleatorio(02) / 00:00:02:000 para top(01)
Mensaje D / 00:07:24:000 / top(01) / 00:00:02:000 para Root(00)
Mensaje * / 00:07:26:000 / Root(00) para top(01)
Mensaje * / 00:07:26:000 / top(01) para impulsoaleatorio(02)
Mensaje D / 00:07:26:000 / impulsoaleatorio(02) / 00:00:02:000 para top(01)
Mensaje D / 00:07:26:000 / top(01) / 00:00:02:000 para Root(00)
Mensaje * / 00:07:28:000 / Root(00) para top(01)
Mensaje * / 00:07:28:000 / top(01) para impulsoaleatorio(02)
Mensaje D / 00:07:28:000 / impulsoaleatorio(02) / 00:00:02:000 para top(01)
Mensaje D / 00:07:28:000 / top(01) / 00:00:02:000 para Root(00)
Mensaje * / 00:07:30:000 / Root(00) para top(01)
Mensaje * / 00:07:30:000 / top(01) para impulsoaleatorio(02)
Mensaje D / 00:07:30:000 / impulsoaleatorio(02) / 00:00:02:000 para top(01)
Mensaje D / 00:07:30:000 / top(01) / 00:00:02:000 para Root(00)
Mensaje * / 00:07:32:000 / Root(00) para top(01)
Mensaje * / 00:07:32:000 / top(01) para impulsoaleatorio(02)
Mensaje D / 00:07:32:000 / impulsoaleatorio(02) / 00:00:02:000 para top(01)
Mensaje D / 00:07:32:000 / top(01) / 00:00:02:000 para Root(00)
Mensaje * / 00:07:34:000 / Root(00) para top(01)
Mensaje * / 00:07:34:000 / top(01) para impulsoaleatorio(02)
Mensaje D / 00:07:34:000 / impulsoaleatorio(02) / 00:00:02:000 para top(01)
Mensaje D / 00:07:34:000 / top(01) / 00:00:02:000 para Root(00)
Mensaje * / 00:07:36:000 / Root(00) para top(01)
Mensaje * / 00:07:36:000 / top(01) para impulsoaleatorio(02)
Mensaje D / 00:07:36:000 / impulsoaleatorio(02) / 00:00:02:000 para top(01)
Mensaje D / 00:07:36:000 / top(01) / 00:00:02:000 para Root(00)
Mensaje * / 00:07:38:000 / Root(00) para top(01)
Mensaje * / 00:07:38:000 / top(01) para impulsoaleatorio(02)
Mensaje D / 00:07:38:000 / impulsoaleatorio(02) / 00:00:02:000 para top(01)
Mensaje D / 00:07:38:000 / top(01) / 00:00:02:000 para Root(00)
Mensaje * / 00:07:40:000 / Root(00) para top(01)
Mensaje * / 00:07:40:000 / top(01) para impulsoaleatorio(02)
Mensaje D / 00:07:40:000 / impulsoaleatorio(02) / 00:00:02:000 para top(01)
Mensaje D / 00:07:40:000 / top(01) / 00:00:02:000 para Root(00)
Mensaje * / 00:07:42:000 / Root(00) para top(01)
Mensaje * / 00:07:42:000 / top(01) para impulsoaleatorio(02)
Mensaje Y / 00:07:42:000 / impulsoaleatorio(02) / impulso_out /      1.00000 para top(01)
Mensaje D / 00:07:42:000 / impulsoaleatorio(02) / 00:00:02:000 para top(01)
Mensaje Y / 00:07:42:000 / top(01) / impulso /      1.00000 para Root(00)
Mensaje D / 00:07:42:000 / top(01) / 00:00:02:000 para Root(00)
Mensaje * / 00:07:44:000 / Root(00) para top(01)
Mensaje * / 00:07:44:000 / top(01) para impulsoaleatorio(02)
Mensaje D / 00:07:44:000 / impulsoaleatorio(02) / 00:00:02:000 para top(01)
Mensaje D / 00:07:44:000 / top(01) / 00:00:02:000 para Root(00)
Mensaje * / 00:07:46:000 / Root(00) para top(01)
Mensaje * / 00:07:46:000 / top(01) para impulsoaleatorio(02)
Mensaje D / 00:07:46:000 / impulsoaleatorio(02) / 00:00:02:000 para top(01)
Mensaje D / 00:07:46:000 / top(01) / 00:00:02:000 para Root(00)
Mensaje * / 00:07:48:000 / Root(00) para top(01)
Mensaje * / 00:07:48:000 / top(01) para impulsoaleatorio(02)
Mensaje D / 00:07:48:000 / impulsoaleatorio(02) / 00:00:02:000 para top(01)
Mensaje D / 00:07:48:000 / top(01) / 00:00:02:000 para Root(00)
Mensaje * / 00:07:50:000 / Root(00) para top(01)
Mensaje * / 00:07:50:000 / top(01) para impulsoaleatorio(02)
Mensaje D / 00:07:50:000 / impulsoaleatorio(02) / 00:00:02:000 para top(01)
Mensaje D / 00:07:50:000 / top(01) / 00:00:02:000 para Root(00)
Mensaje * / 00:07:52:000 / Root(00) para top(01)
Mensaje * / 00:07:52:000 / top(01) para impulsoaleatorio(02)
Mensaje D / 00:07:52:000 / impulsoaleatorio(02) / 00:00:02:000 para top(01)
Mensaje D / 00:07:52:000 / top(01) / 00:00:02:000 para Root(00)
Mensaje * / 00:07:54:000 / Root(00) para top(01)
Mensaje * / 00:07:54:000 / top(01) para impulsoaleatorio(02)
Mensaje D / 00:07:54:000 / impulsoaleatorio(02) / 00:00:02:000 para top(01)
Mensaje D / 00:07:54:000 / top(01) / 00:00:02:000 para Root(00)
Mensaje * / 00:07:56:000 / Root(00) para top(01)
Mensaje * / 00:07:56:000 / top(01) para impulsoaleatorio(02)
Mensaje D / 00:07:56:000 / impulsoaleatorio(02) / 00:00:02:000 para top(01)
Mensaje D / 00:07:56:000 / top(01) / 00:00:02:000 para Root(00)
Mensaje * / 00:07:58:000 / Root(00) para top(01)
Mensaje * / 00:07:58:000 / top(01) para impulsoaleatorio(02)
Mensaje D / 00:07:58:000 / impulsoaleatorio(02) / 00:00:02:000 para top(01)
Mensaje D / 00:07:58:000 / top(01) / 00:00:02:000 para Root(00)
Mensaje * / 00:08:00:000 / Root(00) para top(01)
Mensaje * / 00:08:00:000 / top(01) para impulsoaleatorio(02)
Mensaje D / 00:08:00:000 / impulsoaleatorio(02) / 00:00:02:000 para top(01)
Mensaje D / 00:08:00:000 / top(01) / 00:00:02:000 para Root(00)
Mensaje * / 00:08:02:000 / Root(00) para top(01)
Mensaje * / 00:08:02:000 / top(01) para impulsoaleatorio(02)
Mensaje D / 00:08:02:000 / impulsoaleatorio(02) / 00:00:02:000 para top(01)
Mensaje D / 00:08:02:000 / top(01) / 00:00:02:000 para Root(00)
Mensaje * / 00:08:04:000 / Root(00) para top(01)
Mensaje * / 00:08:04:000 / top(01) para impulsoaleatorio(02)
Mensaje D / 00:08:04:000 / impulsoaleatorio(02) / 00:00:02:000 para top(01)
Mensaje D / 00:08:04:000 / top(01) / 00:00:02:000 para Root(00)
Mensaje * / 00:08:06:000 / Root(00) para top(01)
Mensaje * / 00:08:06:000 / top(01) para impulsoaleatorio(02)
Mensaje D / 00:08:06:000 / impulsoaleatorio(02) / 00:00:02:000 para top(01)
Mensaje D / 00:08:06:000 / top(01) / 00:00:02:000 para Root(00)
Mensaje * / 00:08:08:000 / Root(00) para top(01)
Mensaje * / 00:08:08:000 / top(01) para impulsoaleatorio(02)
Mensaje D / 00:08:08:000 / impulsoaleatorio(02) / 00:00:02:000 para top(01)
Mensaje D / 00:08:08:000 / top(01) / 00:00:02:000 para Root(00)
Mensaje * / 00:08:10:000 / Root(00) para top(01)
Mensaje * / 00:08:10:000 / top(01) para impulsoaleatorio(02)
Mensaje D / 00:08:10:000 / impulsoaleatorio(02) / 00:00:02:000 para top(01)
Mensaje D / 00:08:10:000 / top(01) / 00:00:02:000 para Root(00)
Mensaje * / 00:08:12:000 / Root(00) para top(01)
Mensaje * / 00:08:12:000 / top(01) para impulsoaleatorio(02)
Mensaje D / 00:08:12:000 / impulsoaleatorio(02) / 00:00:02:000 para top(01)
Mensaje D / 00:08:12:000 / top(01) / 00:00:02:000 para Root(00)
Mensaje * / 00:08:14:000 / Root(00) para top(01)
Mensaje * / 00:08:14:000 / top(01) para impulsoaleatorio(02)
Mensaje D / 00:08:14:000 / impulsoaleatorio(02) / 00:00:02:000 para top(01)
Mensaje D / 00:08:14:000 / top(01) / 00:00:02:000 para Root(00)
Mensaje * / 00:08:16:000 / Root(00) para top(01)
Mensaje * / 00:08:16:000 / top(01) para impulsoaleatorio(02)
Mensaje D / 00:08:16:000 / impulsoaleatorio(02) / 00:00:02:000 para top(01)
Mensaje D / 00:08:16:000 / top(01) / 00:00:02:000 para Root(00)
Mensaje * / 00:08:18:000 / Root(00) para top(01)
Mensaje * / 00:08:18:000 / top(01) para impulsoaleatorio(02)
Mensaje D / 00:08:18:000 / impulsoaleatorio(02) / 00:00:02:000 para top(01)
Mensaje D / 00:08:18:000 / top(01) / 00:00:02:000 para Root(00)
Mensaje * / 00:08:20:000 / Root(00) para top(01)
Mensaje * / 00:08:20:000 / top(01) para impulsoaleatorio(02)
Mensaje D / 00:08:20:000 / impulsoaleatorio(02) / 00:00:02:000 para top(01)
Mensaje D / 00:08:20:000 / top(01) / 00:00:02:000 para Root(00)
Mensaje * / 00:08:22:000 / Root(00) para top(01)
Mensaje * / 00:08:22:000 / top(01) para impulsoaleatorio(02)
Mensaje D / 00:08:22:000 / impulsoaleatorio(02) / 00:00:02:000 para top(01)
Mensaje D / 00:08:22:000 / top(01) / 00:00:02:000 para Root(00)
Mensaje * / 00:08:24:000 / Root(00) para top(01)
Mensaje * / 00:08:24:000 / top(01) para impulsoaleatorio(02)
Mensaje D / 00:08:24:000 / impulsoaleatorio(02) / 00:00:02:000 para top(01)
Mensaje D / 00:08:24:000 / top(01) / 00:00:02:000 para Root(00)
Mensaje * / 00:08:26:000 / Root(00) para top(01)
Mensaje * / 00:08:26:000 / top(01) para impulsoaleatorio(02)
Mensaje D / 00:08:26:000 / impulsoaleatorio(02) / 00:00:02:000 para top(01)
Mensaje D / 00:08:26:000 / top(01) / 00:00:02:000 para Root(00)
Mensaje * / 00:08:28:000 / Root(00) para top(01)
Mensaje * / 00:08:28:000 / top(01) para impulsoaleatorio(02)
Mensaje D / 00:08:28:000 / impulsoaleatorio(02) / 00:00:02:000 para top(01)
Mensaje D / 00:08:28:000 / top(01) / 00:00:02:000 para Root(00)
Mensaje * / 00:08:30:000 / Root(00) para top(01)
Mensaje * / 00:08:30:000 / top(01) para impulsoaleatorio(02)
Mensaje D / 00:08:30:000 / impulsoaleatorio(02) / 00:00:02:000 para top(01)
Mensaje D / 00:08:30:000 / top(01) / 00:00:02:000 para Root(00)
Mensaje * / 00:08:32:000 / Root(00) para top(01)
Mensaje * / 00:08:32:000 / top(01) para impulsoaleatorio(02)
Mensaje D / 00:08:32:000 / impulsoaleatorio(02) / 00:00:02:000 para top(01)
Mensaje D / 00:08:32:000 / top(01) / 00:00:02:000 para Root(00)
Mensaje * / 00:08:34:000 / Root(00) para top(01)
Mensaje * / 00:08:34:000 / top(01) para impulsoaleatorio(02)
Mensaje D / 00:08:34:000 / impulsoaleatorio(02) / 00:00:02:000 para top(01)
Mensaje D / 00:08:34:000 / top(01) / 00:00:02:000 para Root(00)
Mensaje * / 00:08:36:000 / Root(00) para top(01)
Mensaje * / 00:08:36:000 / top(01) para impulsoaleatorio(02)
Mensaje D / 00:08:36:000 / impulsoaleatorio(02) / 00:00:02:000 para top(01)
Mensaje D / 00:08:36:000 / top(01) / 00:00:02:000 para Root(00)
Mensaje * / 00:08:38:000 / Root(00) para top(01)
Mensaje * / 00:08:38:000 / top(01) para impulsoaleatorio(02)
Mensaje D / 00:08:38:000 / impulsoaleatorio(02) / 00:00:02:000 para top(01)
Mensaje D / 00:08:38:000 / top(01) / 00:00:02:000 para Root(00)
Mensaje * / 00:08:40:000 / Root(00) para top(01)
Mensaje * / 00:08:40:000 / top(01) para impulsoaleatorio(02)
Mensaje D / 00:08:40:000 / impulsoaleatorio(02) / 00:00:02:000 para top(01)
Mensaje D / 00:08:40:000 / top(01) / 00:00:02:000 para Root(00)
Mensaje * / 00:08:42:000 / Root(00) para top(01)
Mensaje * / 00:08:42:000 / top(01) para impulsoaleatorio(02)
Mensaje D / 00:08:42:000 / impulsoaleatorio(02) / 00:00:02:000 para top(01)
Mensaje D / 00:08:42:000 / top(01) / 00:00:02:000 para Root(00)
Mensaje * / 00:08:44:000 / Root(00) para top(01)
Mensaje * / 00:08:44:000 / top(01) para impulsoaleatorio(02)
Mensaje D / 00:08:44:000 / impulsoaleatorio(02) / 00:00:02:000 para top(01)
Mensaje D / 00:08:44:000 / top(01) / 00:00:02:000 para Root(00)
Mensaje * / 00:08:46:000 / Root(00) para top(01)
Mensaje * / 00:08:46:000 / top(01) para impulsoaleatorio(02)
Mensaje D / 00:08:46:000 / impulsoaleatorio(02) / 00:00:02:000 para top(01)
Mensaje D / 00:08:46:000 / top(01) / 00:00:02:000 para Root(00)
Mensaje * / 00:08:48:000 / Root(00) para top(01)
Mensaje * / 00:08:48:000 / top(01) para impulsoaleatorio(02)
Mensaje D / 00:08:48:000 / impulsoaleatorio(02) / 00:00:02:000 para top(01)
Mensaje D / 00:08:48:000 / top(01) / 00:00:02:000 para Root(00)
Mensaje * / 00:08:50:000 / Root(00) para top(01)
Mensaje * / 00:08:50:000 / top(01) para impulsoaleatorio(02)
Mensaje D / 00:08:50:000 / impulsoaleatorio(02) / 00:00:02:000 para top(01)
Mensaje D / 00:08:50:000 / top(01) / 00:00:02:000 para Root(00)
Mensaje * / 00:08:52:000 / Root(00) para top(01)
Mensaje * / 00:08:52:000 / top(01) para impulsoaleatorio(02)
Mensaje D / 00:08:52:000 / impulsoaleatorio(02) / 00:00:02:000 para top(01)
Mensaje D / 00:08:52:000 / top(01) / 00:00:02:000 para Root(00)
Mensaje * / 00:08:54:000 / Root(00) para top(01)
Mensaje * / 00:08:54:000 / top(01) para impulsoaleatorio(02)
Mensaje D / 00:08:54:000 / impulsoaleatorio(02) / 00:00:02:000 para top(01)
Mensaje D / 00:08:54:000 / top(01) / 00:00:02:000 para Root(00)
Mensaje * / 00:08:56:000 / Root(00) para top(01)
Mensaje * / 00:08:56:000 / top(01) para impulsoaleatorio(02)
Mensaje D / 00:08:56:000 / impulsoaleatorio(02) / 00:00:02:000 para top(01)
Mensaje D / 00:08:56:000 / top(01) / 00:00:02:000 para Root(00)
Mensaje * / 00:08:58:000 / Root(00) para top(01)
Mensaje * / 00:08:58:000 / top(01) para impulsoaleatorio(02)
Mensaje D / 00:08:58:000 / impulsoaleatorio(02) / 00:00:02:000 para top(01)
Mensaje D / 00:08:58:000 / top(01) / 00:00:02:000 para Root(00)
Mensaje * / 00:09:00:000 / Root(00) para top(01)
Mensaje * / 00:09:00:000 / top(01) para impulsoaleatorio(02)
Mensaje D / 00:09:00:000 / impulsoaleatorio(02) / 00:00:02:000 para top(01)
Mensaje D / 00:09:00:000 / top(01) / 00:00:02:000 para Root(00)
Mensaje * / 00:09:02:000 / Root(00) para top(01)
Mensaje * / 00:09:02:000 / top(01) para impulsoaleatorio(02)
Mensaje D / 00:09:02:000 / impulsoaleatorio(02) / 00:00:02:000 para top(01)
Mensaje D / 00:09:02:000 / top(01) / 00:00:02:000 para Root(00)
Mensaje * / 00:09:04:000 / Root(00) para top(01)
Mensaje * / 00:09:04:000 / top(01) para impulsoaleatorio(02)
Mensaje D / 00:09:04:000 / impulsoaleatorio(02) / 00:00:02:000 para top(01)
Mensaje D / 00:09:04:000 / top(01) / 00:00:02:000 para Root(00)
Mensaje * / 00:09:06:000 / Root(00) para top(01)
Mensaje * / 00:09:06:000 / top(01) para impulsoaleatorio(02)
Mensaje D / 00:09:06:000 / impulsoaleatorio(02) / 00:00:02:000 para top(01)
Mensaje D / 00:09:06:000 / top(01) / 00:00:02:000 para Root(00)
Mensaje * / 00:09:08:000 / Root(00) para top(01)
Mensaje * / 00:09:08:000 / top(01) para impulsoaleatorio(02)
Mensaje D / 00:09:08:000 / impulsoaleatorio(02) / 00:00:02:000 para top(01)
Mensaje D / 00:09:08:000 / top(01) / 00:00:02:000 para Root(00)
Mensaje * / 00:09:10:000 / Root(00) para top(01)
Mensaje * / 00:09:10:000 / top(01) para impulsoaleatorio(02)
Mensaje D / 00:09:10:000 / impulsoaleatorio(02) / 00:00:02:000 para top(01)
Mensaje D / 00:09:10:000 / top(01) / 00:00:02:000 para Root(00)
Mensaje * / 00:09:12:000 / Root(00) para top(01)
Mensaje * / 00:09:12:000 / top(01) para impulsoaleatorio(02)
Mensaje D / 00:09:12:000 / impulsoaleatorio(02) / 00:00:02:000 para top(01)
Mensaje D / 00:09:12:000 / top(01) / 00:00:02:000 para Root(00)
Mensaje * / 00:09:14:000 / Root(00) para top(01)
Mensaje * / 00:09:14:000 / top(01) para impulsoaleatorio(02)
Mensaje D / 00:09:14:000 / impulsoaleatorio(02) / 00:00:02:000 para top(01)
Mensaje D / 00:09:14:000 / top(01) / 00:00:02:000 para Root(00)
Mensaje * / 00:09:16:000 / Root(00) para top(01)
Mensaje * / 00:09:16:000 / top(01) para impulsoaleatorio(02)
Mensaje D / 00:09:16:000 / impulsoaleatorio(02) / 00:00:02:000 para top(01)
Mensaje D / 00:09:16:000 / top(01) / 00:00:02:000 para Root(00)
Mensaje * / 00:09:18:000 / Root(00) para top(01)
Mensaje * / 00:09:18:000 / top(01) para impulsoaleatorio(02)
Mensaje D / 00:09:18:000 / impulsoaleatorio(02) / 00:00:02:000 para top(01)
Mensaje D / 00:09:18:000 / top(01) / 00:00:02:000 para Root(00)
Mensaje * / 00:09:20:000 / Root(00) para top(01)
Mensaje * / 00:09:20:000 / top(01) para impulsoaleatorio(02)
Mensaje D / 00:09:20:000 / impulsoaleatorio(02) / 00:00:02:000 para top(01)
Mensaje D / 00:09:20:000 / top(01) / 00:00:02:000 para Root(00)
Mensaje * / 00:09:22:000 / Root(00) para top(01)
Mensaje * / 00:09:22:000 / top(01) para impulsoaleatorio(02)
Mensaje Y / 00:09:22:000 / impulsoaleatorio(02) / impulso_out /      1.00000 para top(01)
Mensaje D / 00:09:22:000 / impulsoaleatorio(02) / 00:00:02:000 para top(01)
Mensaje Y / 00:09:22:000 / top(01) / impulso /      1.00000 para Root(00)
Mensaje D / 00:09:22:000 / top(01) / 00:00:02:000 para Root(00)
Mensaje * / 00:09:24:000 / Root(00) para top(01)
Mensaje * / 00:09:24:000 / top(01) para impulsoaleatorio(02)
Mensaje D / 00:09:24:000 / impulsoaleatorio(02) / 00:00:02:000 para top(01)
Mensaje D / 00:09:24:000 / top(01) / 00:00:02:000 para Root(00)
Mensaje * / 00:09:26:000 / Root(00) para top(01)
Mensaje * / 00:09:26:000 / top(01) para impulsoaleatorio(02)
Mensaje D / 00:09:26:000 / impulsoaleatorio(02) / 00:00:02:000 para top(01)
Mensaje D / 00:09:26:000 / top(01) / 00:00:02:000 para Root(00)
Mensaje * / 00:09:28:000 / Root(00) para top(01)
Mensaje * / 00:09:28:000 / top(01) para impulsoaleatorio(02)
Mensaje D / 00:09:28:000 / impulsoaleatorio(02) / 00:00:02:000 para top(01)
Mensaje D / 00:09:28:000 / top(01) / 00:00:02:000 para Root(00)
Mensaje * / 00:09:30:000 / Root(00) para top(01)
Mensaje * / 00:09:30:000 / top(01) para impulsoaleatorio(02)
Mensaje D / 00:09:30:000 / impulsoaleatorio(02) / 00:00:02:000 para top(01)
Mensaje D / 00:09:30:000 / top(01) / 00:00:02:000 para Root(00)
Mensaje * / 00:09:32:000 / Root(00) para top(01)
Mensaje * / 00:09:32:000 / top(01) para impulsoaleatorio(02)
Mensaje D / 00:09:32:000 / impulsoaleatorio(02) / 00:00:02:000 para top(01)
Mensaje D / 00:09:32:000 / top(01) / 00:00:02:000 para Root(00)
Mensaje * / 00:09:34:000 / Root(00) para top(01)
Mensaje * / 00:09:34:000 / top(01) para impulsoaleatorio(02)
Mensaje D / 00:09:34:000 / impulsoaleatorio(02) / 00:00:02:000 para top(01)
Mensaje D / 00:09:34:000 / top(01) / 00:00:02:000 para Root(00)
Mensaje * / 00:09:36:000 / Root(00) para top(01)
Mensaje * / 00:09:36:000 / top(01) para impulsoaleatorio(02)
Mensaje D / 00:09:36:000 / impulsoaleatorio(02) / 00:00:02:000 para top(01)
Mensaje D / 00:09:36:000 / top(01) / 00:00:02:000 para Root(00)
Mensaje * / 00:09:38:000 / Root(00) para top(01)
Mensaje * / 00:09:38:000 / top(01) para impulsoaleatorio(02)
Mensaje D / 00:09:38:000 / impulsoaleatorio(02) / 00:00:02:000 para top(01)
Mensaje D / 00:09:38:000 / top(01) / 00:00:02:000 para Root(00)
Mensaje * / 00:09:40:000 / Root(00) para top(01)
Mensaje * / 00:09:40:000 / top(01) para impulsoaleatorio(02)
Mensaje D / 00:09:40:000 / impulsoaleatorio(02) / 00:00:02:000 para top(01)
Mensaje D / 00:09:40:000 / top(01) / 00:00:02:000 para Root(00)
Mensaje * / 00:09:42:000 / Root(00) para top(01)
Mensaje * / 00:09:42:000 / top(01) para impulsoaleatorio(02)
Mensaje Y / 00:09:42:000 / impulsoaleatorio(02) / impulso_out /      1.00000 para top(01)
Mensaje D / 00:09:42:000 / impulsoaleatorio(02) / 00:00:02:000 para top(01)
Mensaje Y / 00:09:42:000 / top(01) / impulso /      1.00000 para Root(00)
Mensaje D / 00:09:42:000 / top(01) / 00:00:02:000 para Root(00)
Mensaje * / 00:09:44:000 / Root(00) para top(01)
Mensaje * / 00:09:44:000 / top(01) para impulsoaleatorio(02)
Mensaje D / 00:09:44:000 / impulsoaleatorio(02) / 00:00:02:000 para top(01)
Mensaje D / 00:09:44:000 / top(01) / 00:00:02:000 para Root(00)
Mensaje * / 00:09:46:000 / Root(00) para top(01)
Mensaje * / 00:09:46:000 / top(01) para impulsoaleatorio(02)
Mensaje D / 00:09:46:000 / impulsoaleatorio(02) / 00:00:02:000 para top(01)
Mensaje D / 00:09:46:000 / top(01) / 00:00:02:000 para Root(00)
Mensaje * / 00:09:48:000 / Root(00) para top(01)
Mensaje * / 00:09:48:000 / top(01) para impulsoaleatorio(02)
Mensaje D / 00:09:48:000 / impulsoaleatorio(02) / 00:00:02:000 para top(01)
Mensaje D / 00:09:48:000 / top(01) / 00:00:02:000 para Root(00)
Mensaje * / 00:09:50:000 / Root(00) para top(01)
Mensaje * / 00:09:50:000 / top(01) para impulsoaleatorio(02)
Mensaje D / 00:09:50:000 / impulsoaleatorio(02) / 00:00:02:000 para top(01)
Mensaje D / 00:09:50:000 / top(01) / 00:00:02:000 para Root(00)
Mensaje * / 00:09:52:000 / Root(00) para top(01)
Mensaje * / 00:09:52:000 / top(01) para impulsoaleatorio(02)
Mensaje D / 00:09:52:000 / impulsoaleatorio(02) / 00:00:02:000 para top(01)
Mensaje D / 00:09:52:000 / top(01) / 00:00:02:000 para Root(00)
Mensaje * / 00:09:54:000 / Root(00) para top(01)
Mensaje * / 00:09:54:000 / top(01) para impulsoaleatorio(02)
Mensaje D / 00:09:54:000 / impulsoaleatorio(02) / 00:00:02:000 para top(01)
Mensaje D / 00:09:54:000 / top(01) / 00:00:02:000 para Root(00)
Mensaje * / 00:09:56:000 / Root(00) para top(01)
Mensaje * / 00:09:56:000 / top(01) para impulsoaleatorio(02)
Mensaje D / 00:09:56:000 / impulsoaleatorio(02) / 00:00:02:000 para top(01)
Mensaje D / 00:09:56:000 / top(01) / 00:00:02:000 para Root(00)
Mensaje * / 00:09:58:000 / Root(00) para top(01)
Mensaje * / 00:09:58:000 / top(01) para impulsoaleatorio(02)
Mensaje D / 00:09:58:000 / impulsoaleatorio(02) / 00:00:02:000 para top(01)
Mensaje D / 00:09:58:000 / top(01) / 00:00:02:000 para Root(00)
Mensaje * / 00:10:00:000 / Root(00) para top(01)
Mensaje * / 00:10:00:000 / top(01) para impulsoaleatorio(02)
Mensaje D / 00:10:00:000 / impulsoaleatorio(02) / 00:00:02:000 para top(01)
Mensaje D / 00:10:00:000 / top(01) / 00:00:02:000 para Root(00)
